#
# There is insufficient memory for the Java Runtime Environment to continue.
# Native memory allocation (malloc) failed to allocate 734816 bytes for Chunk::new
# Possible reasons:
#   The system is out of physical RAM or swap space
#   In 32 bit mode, the process size limit was hit
# Possible solutions:
#   Reduce memory load on the system
#   Increase physical memory or swap space
#   Check if swap backing store is full
#   Use 64 bit Java on a 64 bit OS
#   Decrease Java heap size (-Xmx/-Xms)
#   Decrease number of Java threads
#   Decrease Java thread stack sizes (-Xss)
#   Set larger code cache with -XX:ReservedCodeCacheSize=
# This output file may be truncated or incomplete.
#
#  Out of Memory Error (allocation.cpp:323), pid=114780, tid=113476
#
# JRE version: Java(TM) SE Runtime Environment (7.0_79-b15) (build 1.7.0_79-b15)
# Java VM: Java HotSpot(TM) 64-Bit Server VM (24.79-b02 mixed mode windows-amd64 compressed oops)
# Failed to write core dump. Minidumps are not enabled by default on client versions of Windows
#

---------------  T H R E A D  ---------------

Current thread (0x0000000008a38000):  JavaThread "C2 CompilerThread1" daemon [_thread_in_native, id=113476, stack(0x0000000009fc0000,0x000000000a0c0000)]

Stack: [0x0000000009fc0000,0x000000000a0c0000]
[error occurred during error reporting (printing stack bounds), id 0xc0000005]


[error occurred during error reporting (printing native stack), id 0xc0000005]


Current CompileTask:
C2:    742  202             com.android.dx.ssa.SCCP::simulateBranch (666 bytes)


---------------  P R O C E S S  ---------------

Java Threads: ( => current thread )
  0x000000000a4ef800 JavaThread "pool-2-thread-4" [_thread_in_vm, id=113416, stack(0x000000000aac0000,0x000000000abc0000)]
  0x000000000a47d000 JavaThread "pool-2-thread-3" [_thread_in_Java, id=114908, stack(0x000000000a9c0000,0x000000000aac0000)]
  0x000000000a3dd000 JavaThread "pool-2-thread-2" [_thread_in_Java, id=106120, stack(0x000000000a8c0000,0x000000000a9c0000)]
  0x000000000a328000 JavaThread "pool-3-thread-1" [_thread_blocked, id=106620, stack(0x000000000a7c0000,0x000000000a8c0000)]
  0x000000000a505000 JavaThread "pool-2-thread-1" [_thread_in_Java, id=114896, stack(0x000000000a6c0000,0x000000000a7c0000)]
  0x0000000008a47800 JavaThread "Service Thread" daemon [_thread_blocked, id=113608, stack(0x000000000a0c0000,0x000000000a1c0000)]
=>0x0000000008a38000 JavaThread "C2 CompilerThread1" daemon [_thread_in_native, id=113476, stack(0x0000000009fc0000,0x000000000a0c0000)]
  0x0000000002b2e000 JavaThread "C2 CompilerThread0" daemon [_thread_in_native, id=115128, stack(0x0000000009ec0000,0x0000000009fc0000)]
  0x0000000002b2d000 JavaThread "Attach Listener" daemon [_thread_blocked, id=115632, stack(0x0000000009dc0000,0x0000000009ec0000)]
  0x0000000002b2a000 JavaThread "Signal Dispatcher" daemon [_thread_blocked, id=99040, stack(0x0000000009cc0000,0x0000000009dc0000)]
  0x0000000002b19800 JavaThread "Finalizer" daemon [_thread_blocked, id=101804, stack(0x0000000009bc0000,0x0000000009cc0000)]
  0x0000000002b11000 JavaThread "Reference Handler" daemon [_thread_blocked, id=97756, stack(0x0000000009ac0000,0x0000000009bc0000)]
  0x0000000002b9d800 JavaThread "main" [_thread_in_Java, id=115100, stack(0x00000000028f0000,0x00000000029f0000)]

Other Threads:
  0x0000000008a13000 VMThread [stack: 0x0000000002770000,0x0000000002870000] [id=115668]
  0x0000000008a61800 WatcherThread [stack: 0x000000000a1c0000,0x000000000a2c0000] [id=114888]

VM state:not at safepoint (normal execution)

VM Mutex/Monitor currently owned by a thread: None

Heap
 PSYoungGen      total 38400K, used 11373K [0x00000000eaa80000, 0x00000000ef580000, 0x0000000100000000)
  eden space 33280K, 18% used [0x00000000eaa80000,0x00000000eb09cc90,0x00000000ecb00000)
  from space 5120K, 99% used [0x00000000ecb00000,0x00000000ecffeaa8,0x00000000ed000000)
  to   space 5120K, 0% used [0x00000000ef080000,0x00000000ef080000,0x00000000ef580000)
 ParOldGen       total 86016K, used 1560K [0x00000000c0000000, 0x00000000c5400000, 0x00000000eaa80000)
  object space 86016K, 1% used [0x00000000c0000000,0x00000000c0186038,0x00000000c5400000)
 PSPermGen       total 21504K, used 5832K [0x00000000bae00000, 0x00000000bc300000, 0x00000000c0000000)
  object space 21504K, 27% used [0x00000000bae00000,0x00000000bb3b21e0,0x00000000bc300000)

Card table byte_map: [0x0000000005c60000,0x0000000005e90000] byte_map_base: 0x0000000005689000

Polling page: 0x00000000029f0000

Code Cache  [0x0000000002ba0000, 0x0000000002e10000, 0x0000000005ba0000)
 total_blobs=446 nmethods=210 adapters=188 free_code_cache=48369Kb largest_free_block=49504064

Compilation events (10 events):
Event: 0.698 Thread 0x0000000002b2e000 nmethod 205 0x0000000002c5ce90 code [0x0000000002c5cfe0, 0x0000000002c5d0f8]
Event: 0.698 Thread 0x0000000002b2e000  206             com.android.dx.rop.code.PlainInsn::<init> (73 bytes)
Event: 0.700 Thread 0x0000000002b2e000 nmethod 206 0x0000000002c5ca90 code [0x0000000002c5cbe0, 0x0000000002c5cd18]
Event: 0.700 Thread 0x0000000002b2e000  207             com.android.dx.ssa.DeadCodeRemover::pruneDeadInstructions (246 bytes)
Event: 0.717 Thread 0x0000000002b2e000 nmethod 207 0x0000000002c60150 code [0x0000000002c60380, 0x0000000002c60bc0]
Event: 0.717 Thread 0x0000000002b2e000  208             com.android.dx.rop.cst.CstType::compareTo0 (25 bytes)
Event: 0.719 Thread 0x0000000002b2e000 nmethod 208 0x0000000002c61cd0 code [0x0000000002c61e20, 0x0000000002c61ff8]
Event: 0.719 Thread 0x0000000002b2e000  209             com.android.dx.rop.cst.CstMemberRef::compareTo0 (49 bytes)
Event: 0.721 Thread 0x0000000002b2e000 nmethod 209 0x0000000002c63150 code [0x0000000002c632a0, 0x0000000002c63638]
Event: 0.721 Thread 0x0000000002b2e000  211             com.android.dx.ssa.SCCP::run (298 bytes)

GC Heap History (2 events):
Event: 0.661 GC heap before
{Heap before GC invocations=1 (full 0):
 PSYoungGen      total 38400K, used 33280K [0x00000000eaa80000, 0x00000000ed500000, 0x0000000100000000)
  eden space 33280K, 100% used [0x00000000eaa80000,0x00000000ecb00000,0x00000000ecb00000)
  from space 5120K, 0% used [0x00000000ed000000,0x00000000ed000000,0x00000000ed500000)
  to   space 5120K, 0% used [0x00000000ecb00000,0x00000000ecb00000,0x00000000ed000000)
 ParOldGen       total 86016K, used 0K [0x00000000c0000000, 0x00000000c5400000, 0x00000000eaa80000)
  object space 86016K, 0% used [0x00000000c0000000,0x00000000c0000000,0x00000000c5400000)
 PSPermGen       total 21504K, used 5820K [0x00000000bae00000, 0x00000000bc300000, 0x00000000c0000000)
  object space 21504K, 27% used [0x00000000bae00000,0x00000000bb3af268,0x00000000bc300000)
Event: 0.676 GC heap after
Heap after GC invocations=1 (full 0):
 PSYoungGen      total 38400K, used 5114K [0x00000000eaa80000, 0x00000000ef580000, 0x0000000100000000)
  eden space 33280K, 0% used [0x00000000eaa80000,0x00000000eaa80000,0x00000000ecb00000)
  from space 5120K, 99% used [0x00000000ecb00000,0x00000000ecffeaa8,0x00000000ed000000)
  to   space 5120K, 0% used [0x00000000ef080000,0x00000000ef080000,0x00000000ef580000)
 ParOldGen       total 86016K, used 1560K [0x00000000c0000000, 0x00000000c5400000, 0x00000000eaa80000)
  object space 86016K, 1% used [0x00000000c0000000,0x00000000c0186038,0x00000000c5400000)
 PSPermGen       total 21504K, used 5820K [0x00000000bae00000, 0x00000000bc300000, 0x00000000c0000000)
  object space 21504K, 27% used [0x00000000bae00000,0x00000000bb3af268,0x00000000bc300000)
}

Deoptimization events (0 events):
No events

Internal exceptions (10 events):
Event: 0.245 Thread 0x000000000a3dd000 Threw 0x00000000eb3f4e80 at C:\re\jdk7u79\2331\hotspot\src\share\vm\prims\jvm.cpp:1304
Event: 0.246 Thread 0x000000000a47d000 Threw 0x00000000eb16f050 at C:\re\jdk7u79\2331\hotspot\src\share\vm\prims\jvm.cpp:1304
Event: 0.290 Thread 0x0000000002b9d800 Threw 0x00000000eb6fba70 at C:\re\jdk7u79\2331\hotspot\src\share\vm\prims\jvm.cpp:1304
Event: 0.315 Thread 0x000000000a4ef800 Threw 0x00000000eb67e228 at C:\re\jdk7u79\2331\hotspot\src\share\vm\prims\jvm.cpp:1304
Event: 0.327 Thread 0x000000000a47d000 Threw 0x00000000eb794e88 at C:\re\jdk7u79\2331\hotspot\src\share\vm\prims\jvm.cpp:1304
Event: 0.354 Thread 0x000000000a47d000 Threw 0x00000000ebaab200 at C:\re\jdk7u79\2331\hotspot\src\share\vm\prims\jvm.cpp:1304
Event: 0.387 Thread 0x000000000a505000 Threw 0x00000000ebbc5c98 at C:\re\jdk7u79\2331\hotspot\src\share\vm\prims\jvm.cpp:1304
Event: 0.415 Thread 0x0000000002b9d800 Threw 0x00000000eb90df00 at C:\re\jdk7u79\2331\hotspot\src\share\vm\prims\jvm.cpp:1304
Event: 0.501 Thread 0x0000000002b9d800 Threw 0x00000000ec2a12b8 at C:\re\jdk7u79\2331\hotspot\src\share\vm\prims\jvm.cpp:1304
Event: 0.546 Thread 0x000000000a505000 Threw 0x00000000ec4cdec8 at C:\re\jdk7u79\2331\hotspot\src\share\vm\prims\jvm.cpp:1304

Events (10 events):
Event: 0.388 loading class 0x0000000002aaa660
Event: 0.388 loading class 0x0000000002aaa660 done
Event: 0.415 loading class 0x000000000a3023a0
Event: 0.415 loading class 0x000000000a3023a0 done
Event: 0.501 loading class 0x000000000a302ce0
Event: 0.501 loading class 0x000000000a302ce0 done
Event: 0.546 loading class 0x000000000a66cba0
Event: 0.546 loading class 0x000000000a66cba0 done
Event: 0.661 Executing VM operation: ParallelGCFailedAllocation
Event: 0.676 Executing VM operation: ParallelGCFailedAllocation done


Dynamic libraries:
0x00007ff62e850000 - 0x00007ff62e883000 	C:\Program Files\Java\jdk1.7.0_79\bin\java.exe
0x00007ffa50010000 - 0x00007ffa501d2000 	C:\WINDOWS\SYSTEM32\ntdll.dll
0x00007ffa4fb70000 - 0x00007ffa4fc1d000 	C:\WINDOWS\system32\KERNEL32.DLL
0x00007ffa4ccc0000 - 0x00007ffa4ce9d000 	C:\WINDOWS\system32\KERNELBASE.dll
0x00007ffa4e370000 - 0x00007ffa4e416000 	C:\WINDOWS\system32\ADVAPI32.dll
0x00007ffa4e420000 - 0x00007ffa4e4bd000 	C:\WINDOWS\system32\msvcrt.dll
0x00007ffa4d6a0000 - 0x00007ffa4d6fb000 	C:\WINDOWS\system32\sechost.dll
0x00007ffa4dfc0000 - 0x00007ffa4e0e6000 	C:\WINDOWS\system32\RPCRT4.dll
0x00007ffa4fec0000 - 0x00007ffa5000e000 	C:\WINDOWS\system32\USER32.dll
0x00007ffa4d950000 - 0x00007ffa4dad6000 	C:\WINDOWS\system32\GDI32.dll
0x00007ffa47040000 - 0x00007ffa472b4000 	C:\WINDOWS\WinSxS\amd64_microsoft.windows.common-controls_6595b64144ccf1df_6.0.10240.16384_none_f41f7b285750ef43\COMCTL32.dll
0x00007ffa4e320000 - 0x00007ffa4e356000 	C:\WINDOWS\system32\IMM32.DLL
0x00007ffa4dc90000 - 0x00007ffa4ddec000 	C:\WINDOWS\system32\MSCTF.dll
0x0000000053b20000 - 0x0000000053bf2000 	C:\Program Files\Java\jdk1.7.0_79\jre\bin\msvcr100.dll
0x0000000051d10000 - 0x00000000524e5000 	C:\Program Files\Java\jdk1.7.0_79\jre\bin\server\jvm.dll
0x00007ffa4e150000 - 0x00007ffa4e158000 	C:\WINDOWS\system32\PSAPI.DLL
0x00007ffa4a4b0000 - 0x00007ffa4a4b9000 	C:\WINDOWS\SYSTEM32\WSOCK32.dll
0x00007ffa4add0000 - 0x00007ffa4adf3000 	C:\WINDOWS\SYSTEM32\WINMM.dll
0x00007ffa4e2b0000 - 0x00007ffa4e319000 	C:\WINDOWS\system32\WS2_32.dll
0x00007ffa4fb00000 - 0x00007ffa4fb08000 	C:\WINDOWS\system32\NSI.dll
0x00007ffa4ada0000 - 0x00007ffa4adcc000 	C:\WINDOWS\SYSTEM32\WINMMBASE.dll
0x00007ffa4cc10000 - 0x00007ffa4cc54000 	C:\WINDOWS\system32\cfgmgr32.dll
0x00007ffa4b2d0000 - 0x00007ffa4b2f7000 	C:\WINDOWS\SYSTEM32\DEVOBJ.dll
0x0000000053b10000 - 0x0000000053b1f000 	C:\Program Files\Java\jdk1.7.0_79\jre\bin\verify.dll
0x0000000053ae0000 - 0x0000000053b08000 	C:\Program Files\Java\jdk1.7.0_79\jre\bin\java.dll
0x0000000053ac0000 - 0x0000000053ad5000 	C:\Program Files\Java\jdk1.7.0_79\jre\bin\zip.dll
0x0000000053aa0000 - 0x0000000053aba000 	C:\Program Files\Java\jdk1.7.0_79\jre\bin\net.dll
0x00007ffa4c270000 - 0x00007ffa4c2cd000 	C:\WINDOWS\system32\mswsock.dll
0x0000000053a80000 - 0x0000000053a91000 	C:\Program Files\Java\jdk1.7.0_79\jre\bin\nio.dll

VM Arguments:
jvm_args: -Djava.awt.headless=true -Xmx1024M -Dfile.encoding=windows-1252 -Duser.country=IN -Duser.language=en -Duser.variant 
java_command: com.android.dx.command.Main --dex --force-jumbo --num-threads=4 --multi-dex --output F:\AndroidProject\OneTouch\app\build\intermediates\transforms\dex\debug\folders\1000\10\com.google.android.gms-play-services-appindexing-9.0.2_07cbf2ee90bee15c5d1eca80f6702d671342a5b6 F:\AndroidProject\OneTouch\app\build\intermediates\exploded-aar\com.google.android.gms\play-services-appindexing\9.0.2\jars\classes.jar
Launcher Type: SUN_STANDARD

Environment Variables:
PATH=C:\oraclexe\app\oracle\product\10.2.0\server\bin;C:\ProgramData\Oracle\Java\javapath;C:\Program Files (x86)\Lenovo\FusionEngine;C:\Program Files (x86)\Intel\iCLS Client\;C:\Program Files\Intel\iCLS Client\;C:\WINDOWS\system32;C:\WINDOWS;C:\WINDOWS\System32\Wbem;C:\WINDOWS\System32\WindowsPowerShell\v1.0\;C:\Program Files\Intel\Intel(R) Management Engine Components\DAL;C:\Program Files\Intel\Intel(R) Management Engine Components\IPT;C:\Program Files (x86)\Intel\Intel(R) Management Engine Components\DAL;C:\Program Files (x86)\Intel\Intel(R) Management Engine Components\IPT;C:\Program Files (x86)\NVIDIA Corporation\PhysX\Common;C:\Program Files (x86)\Common Files\lenovo\easyplussdk\bin;C:\WINDOWS\system32;C:\WINDOWS;C:\WINDOWS\System32\Wbem;C:\WINDOWS\System32\WindowsPowerShell\v1.0\;C:\WINDOWS\system32\config\systemprofile\.dnx\bin;C:\Program Files\Microsoft DNX\Dnvm\;C:\Program Files\Calibre2\;C:\Program Files\Microsoft SQL Server\Client SDK\ODBC\110\Tools\Binn\;C:\Program Files (x86)\Microsoft SQL Server\120\Tools\Binn\ManagementStudio\;C:\Program Files (x86)\Microsoft SQL Server\120\Tools\Binn\;C:\Program Files\Microsoft SQL Server\120\Tools\Binn\;C:\Program Files (x86)\Microsoft SQL Server\120\DTS\Binn\;C:\Program Files\Microsoft SQL Server\120\DTS\Binn\;C:\Program Files (x86)\Skype\Phone\;C:\TDM-GCC-64\bin
USERNAME=Gulzar
OS=Windows_NT
PROCESSOR_IDENTIFIER=Intel64 Family 6 Model 69 Stepping 1, GenuineIntel



---------------  S Y S T E M  ---------------

OS: Windows 8.1 , 64 bit Build 9600 

CPU:total 4 (2 cores per cpu, 2 threads per core) family 6 model 69 stepping 1, cmov, cx8, fxsr, mmx, sse, sse2, sse3, ssse3, sse4.1, sse4.2, popcnt, avx, avx2, aes, erms, ht, tsc, tscinvbit

Memory: 4k page, physical 8278296k(1938052k free), swap 33444120k(5124k free)

vm_info: Java HotSpot(TM) 64-Bit Server VM (24.79-b02) for windows-amd64 JRE (1.7.0_79-b15), built on Apr 10 2015 12:36:16 by "java_re" with unknown MS VC++:1600

time: Mon Sep 05 23:35:59 2016
elapsed time: 0 seconds

