#
# There is insufficient memory for the Java Runtime Environment to continue.
# Native memory allocation (malloc) failed to allocate 45456 bytes for Chunk::new
# Possible reasons:
#   The system is out of physical RAM or swap space
#   In 32 bit mode, the process size limit was hit
# Possible solutions:
#   Reduce memory load on the system
#   Increase physical memory or swap space
#   Check if swap backing store is full
#   Use 64 bit Java on a 64 bit OS
#   Decrease Java heap size (-Xmx/-Xms)
#   Decrease number of Java threads
#   Decrease Java thread stack sizes (-Xss)
#   Set larger code cache with -XX:ReservedCodeCacheSize=
# This output file may be truncated or incomplete.
#
#  Out of Memory Error (allocation.cpp:323), pid=14512, tid=18012
#
# JRE version: Java(TM) SE Runtime Environment (7.0_79-b15) (build 1.7.0_79-b15)
# Java VM: Java HotSpot(TM) 64-Bit Server VM (24.79-b02 mixed mode windows-amd64 compressed oops)
# Failed to write core dump. Minidumps are not enabled by default on client versions of Windows
#

---------------  T H R E A D  ---------------

Current thread (0x0000000008907000):  JavaThread "C2 CompilerThread1" daemon [_thread_in_native, id=18012, stack(0x0000000009f70000,0x000000000a070000)]

Stack: [0x0000000009f70000,0x000000000a070000]
[error occurred during error reporting (printing stack bounds), id 0xc0000005]


[error occurred during error reporting (printing native stack), id 0xc0000005]


Current CompileTask:
C2:   8182   23             java.lang.String::indexOf (166 bytes)


---------------  P R O C E S S  ---------------

Java Threads: ( => current thread )
  0x000000000894b800 JavaThread "pool-2-thread-1" [_thread_blocked, id=18896, stack(0x000000000a770000,0x000000000a870000)]
  0x000000000894a800 JavaThread "pool-1-thread-1" [_thread_in_native, id=21884, stack(0x000000000a670000,0x000000000a770000)]
  0x0000000008917800 JavaThread "Service Thread" daemon [_thread_blocked, id=21392, stack(0x000000000a070000,0x000000000a170000)]
=>0x0000000008907000 JavaThread "C2 CompilerThread1" daemon [_thread_in_native, id=18012, stack(0x0000000009f70000,0x000000000a070000)]
  0x0000000008905800 JavaThread "C2 CompilerThread0" daemon [_thread_blocked, id=20160, stack(0x0000000009e70000,0x0000000009f70000)]
  0x0000000008904000 JavaThread "Attach Listener" daemon [_thread_blocked, id=17548, stack(0x0000000009d70000,0x0000000009e70000)]
  0x0000000008901000 JavaThread "Signal Dispatcher" daemon [_thread_blocked, id=20556, stack(0x0000000009c70000,0x0000000009d70000)]
  0x00000000088cf800 JavaThread "Finalizer" daemon [_thread_blocked, id=19908, stack(0x0000000009b70000,0x0000000009c70000)]
  0x00000000088c6000 JavaThread "Reference Handler" daemon [_thread_blocked, id=15648, stack(0x0000000009a70000,0x0000000009b70000)]
  0x000000000284d800 JavaThread "main" [_thread_blocked, id=21428, stack(0x0000000002850000,0x0000000002950000)]

Other Threads:
  0x00000000088c1000 VMThread [stack: 0x0000000009970000,0x0000000009a70000] [id=10668]
  0x000000000892c000 WatcherThread [stack: 0x000000000a170000,0x000000000a270000] [id=13084]

VM state:not at safepoint (normal execution)

VM Mutex/Monitor currently owned by a thread: None

Heap
 PSYoungGen      total 38400K, used 11342K [0x00000000eaa80000, 0x00000000ed500000, 0x0000000100000000)
  eden space 33280K, 34% used [0x00000000eaa80000,0x00000000eb593a98,0x00000000ecb00000)
  from space 5120K, 0% used [0x00000000ed000000,0x00000000ed000000,0x00000000ed500000)
  to   space 5120K, 0% used [0x00000000ecb00000,0x00000000ecb00000,0x00000000ed000000)
 ParOldGen       total 86016K, used 0K [0x00000000c0000000, 0x00000000c5400000, 0x00000000eaa80000)
  object space 86016K, 0% used [0x00000000c0000000,0x00000000c0000000,0x00000000c5400000)
 PSPermGen       total 21504K, used 4075K [0x00000000bae00000, 0x00000000bc300000, 0x00000000c0000000)
  object space 21504K, 18% used [0x00000000bae00000,0x00000000bb1facd8,0x00000000bc300000)

Card table byte_map: [0x0000000005b30000,0x0000000005d60000] byte_map_base: 0x0000000005559000

Polling page: 0x0000000001070000

Code Cache  [0x0000000002b30000, 0x0000000002da0000, 0x0000000005b30000)
 total_blobs=240 nmethods=23 adapters=170 free_code_cache=48712Kb largest_free_block=49866880

Compilation events (10 events):
Event: 3.040 Thread 0x0000000008907000   19             java.lang.Object::<init> (1 bytes)
Event: 3.041 Thread 0x0000000008907000 nmethod 19 0x0000000002b9b8d0 code [0x0000000002b9ba00, 0x0000000002b9ba78]
Event: 3.043 Thread 0x0000000008907000   20             java.lang.String::length (6 bytes)
Event: 3.044 Thread 0x0000000008905800 nmethod 11 0x0000000002b9e290 code [0x0000000002b9e4c0, 0x0000000002b9f0b8]
Event: 3.044 Thread 0x0000000008907000 nmethod 20 0x0000000002b924d0 code [0x0000000002b92600, 0x0000000002b92658]
Event: 3.049 Thread 0x0000000008907000   21             java.lang.String::toString (2 bytes)
Event: 3.049 Thread 0x0000000008907000 nmethod 21 0x0000000002b922d0 code [0x0000000002b92400, 0x0000000002b92458]
Event: 4.351 Thread 0x0000000008905800   22             java.lang.String::indexOf (7 bytes)
Event: 4.353 Thread 0x0000000008905800 nmethod 22 0x0000000002b9c650 code [0x0000000002b9c7a0, 0x0000000002b9c908]
Event: 6.917 Thread 0x0000000008907000   23             java.lang.String::indexOf (166 bytes)

GC Heap History (0 events):
No events

Deoptimization events (0 events):
No events

Internal exceptions (10 events):
Event: 6.933 Thread 0x000000000284d800 Threw 0x00000000eb3b8510 at C:\re\jdk7u79\2331\hotspot\src\share\vm\prims\jvm.cpp:1304
Event: 6.941 Thread 0x000000000284d800 Threw 0x00000000eb3ba860 at C:\re\jdk7u79\2331\hotspot\src\share\vm\prims\jvm.cpp:1304
Event: 6.942 Thread 0x000000000284d800 Threw 0x00000000eb3c43d0 at C:\re\jdk7u79\2331\hotspot\src\share\vm\prims\jvm.cpp:1304
Event: 6.942 Thread 0x000000000284d800 Threw 0x00000000eb3c7180 at C:\re\jdk7u79\2331\hotspot\src\share\vm\prims\jvm.cpp:1304
Event: 6.943 Thread 0x000000000284d800 Threw 0x00000000eb3c9f38 at C:\re\jdk7u79\2331\hotspot\src\share\vm\prims\jvm.cpp:1304
Event: 6.943 Thread 0x000000000284d800 Threw 0x00000000eb3ccd68 at C:\re\jdk7u79\2331\hotspot\src\share\vm\prims\jvm.cpp:1304
Event: 6.944 Thread 0x000000000284d800 Threw 0x00000000eb3cfbf0 at C:\re\jdk7u79\2331\hotspot\src\share\vm\prims\jvm.cpp:1304
Event: 6.944 Thread 0x000000000284d800 Threw 0x00000000eb3d2650 at C:\re\jdk7u79\2331\hotspot\src\share\vm\prims\jvm.cpp:1304
Event: 6.944 Thread 0x000000000284d800 Threw 0x00000000eb3d53f8 at C:\re\jdk7u79\2331\hotspot\src\share\vm\prims\jvm.cpp:1304
Event: 6.945 Thread 0x000000000284d800 Threw 0x00000000eb3d8318 at C:\re\jdk7u79\2331\hotspot\src\share\vm\prims\jvm.cpp:1304

Events (10 events):
Event: 6.943 loading class 0x0000000008947c70 done
Event: 6.944 loading class 0x0000000008955ec0
Event: 6.944 loading class 0x0000000008955ec0 done
Event: 6.944 loading class 0x0000000008947b70
Event: 6.944 loading class 0x0000000008947b70 done
Event: 6.944 loading class 0x00000000089480b0
Event: 6.944 loading class 0x00000000089480b0 done
Event: 6.945 loading class 0x0000000008957070
Event: 6.945 loading class 0x0000000008957070 done
Event: 6.945 loading class 0x00000000089233b0


Dynamic libraries:
0x00007ff62e850000 - 0x00007ff62e883000 	C:\Program Files\Java\jdk1.7.0_79\bin\java.exe
0x00007ffa50010000 - 0x00007ffa501d2000 	C:\WINDOWS\SYSTEM32\ntdll.dll
0x00007ffa4fb70000 - 0x00007ffa4fc1d000 	C:\WINDOWS\system32\KERNEL32.DLL
0x00007ffa4ccc0000 - 0x00007ffa4ce9d000 	C:\WINDOWS\system32\KERNELBASE.dll
0x00007ffa4e370000 - 0x00007ffa4e416000 	C:\WINDOWS\system32\ADVAPI32.dll
0x00007ffa4e420000 - 0x00007ffa4e4bd000 	C:\WINDOWS\system32\msvcrt.dll
0x00007ffa4d6a0000 - 0x00007ffa4d6fb000 	C:\WINDOWS\system32\sechost.dll
0x00007ffa4dfc0000 - 0x00007ffa4e0e6000 	C:\WINDOWS\system32\RPCRT4.dll
0x00007ffa4fec0000 - 0x00007ffa5000e000 	C:\WINDOWS\system32\USER32.dll
0x00007ffa4d950000 - 0x00007ffa4dad6000 	C:\WINDOWS\system32\GDI32.dll
0x00007ffa47040000 - 0x00007ffa472b4000 	C:\WINDOWS\WinSxS\amd64_microsoft.windows.common-controls_6595b64144ccf1df_6.0.10240.16384_none_f41f7b285750ef43\COMCTL32.dll
0x00007ffa4e320000 - 0x00007ffa4e356000 	C:\WINDOWS\system32\IMM32.DLL
0x00007ffa4dc90000 - 0x00007ffa4ddec000 	C:\WINDOWS\system32\MSCTF.dll
0x0000000053b20000 - 0x0000000053bf2000 	C:\Program Files\Java\jdk1.7.0_79\jre\bin\msvcr100.dll
0x0000000051d10000 - 0x00000000524e5000 	C:\Program Files\Java\jdk1.7.0_79\jre\bin\server\jvm.dll
0x00007ffa4e150000 - 0x00007ffa4e158000 	C:\WINDOWS\system32\PSAPI.DLL
0x00007ffa4a4b0000 - 0x00007ffa4a4b9000 	C:\WINDOWS\SYSTEM32\WSOCK32.dll
0x00007ffa4add0000 - 0x00007ffa4adf3000 	C:\WINDOWS\SYSTEM32\WINMM.dll
0x00007ffa4e2b0000 - 0x00007ffa4e319000 	C:\WINDOWS\system32\WS2_32.dll
0x00007ffa4fb00000 - 0x00007ffa4fb08000 	C:\WINDOWS\system32\NSI.dll
0x00007ffa4ada0000 - 0x00007ffa4adcc000 	C:\WINDOWS\SYSTEM32\WINMMBASE.dll
0x00007ffa4cc10000 - 0x00007ffa4cc54000 	C:\WINDOWS\system32\cfgmgr32.dll
0x00007ffa4b2d0000 - 0x00007ffa4b2f7000 	C:\WINDOWS\SYSTEM32\DEVOBJ.dll
0x0000000053b10000 - 0x0000000053b1f000 	C:\Program Files\Java\jdk1.7.0_79\jre\bin\verify.dll
0x0000000053ae0000 - 0x0000000053b08000 	C:\Program Files\Java\jdk1.7.0_79\jre\bin\java.dll
0x0000000053ac0000 - 0x0000000053ad5000 	C:\Program Files\Java\jdk1.7.0_79\jre\bin\zip.dll
0x0000000053aa0000 - 0x0000000053aba000 	C:\Program Files\Java\jdk1.7.0_79\jre\bin\net.dll
0x00007ffa4c270000 - 0x00007ffa4c2cd000 	C:\WINDOWS\system32\mswsock.dll
0x0000000053a80000 - 0x0000000053a91000 	C:\Program Files\Java\jdk1.7.0_79\jre\bin\nio.dll

VM Arguments:
jvm_args: -Djava.awt.headless=true -Xmx1024M -Dfile.encoding=windows-1252 -Duser.country=IN -Duser.language=en -Duser.variant 
java_command: com.android.dx.command.Main --dex --force-jumbo --num-threads=4 --output F:\AndroidProject\OneTouch\app\build\intermediates\pre-dexed\debug\com.google.android.gms-play-services-games-9.0.2_e059a4172420fac6eea60bff8538966b7f84a87b.jar F:\AndroidProject\OneTouch\app\build\intermediates\exploded-aar\com.google.android.gms\play-services-games\9.0.2\jars\classes.jar
Launcher Type: SUN_STANDARD

Environment Variables:
PATH=C:\oraclexe\app\oracle\product\10.2.0\server\bin;C:\ProgramData\Oracle\Java\javapath;C:\Program Files (x86)\Lenovo\FusionEngine;C:\Program Files (x86)\Intel\iCLS Client\;C:\Program Files\Intel\iCLS Client\;C:\WINDOWS\system32;C:\WINDOWS;C:\WINDOWS\System32\Wbem;C:\WINDOWS\System32\WindowsPowerShell\v1.0\;C:\Program Files\Intel\Intel(R) Management Engine Components\DAL;C:\Program Files\Intel\Intel(R) Management Engine Components\IPT;C:\Program Files (x86)\Intel\Intel(R) Management Engine Components\DAL;C:\Program Files (x86)\Intel\Intel(R) Management Engine Components\IPT;C:\Program Files (x86)\NVIDIA Corporation\PhysX\Common;C:\Program Files (x86)\Common Files\lenovo\easyplussdk\bin;C:\WINDOWS\system32;C:\WINDOWS;C:\WINDOWS\System32\Wbem;C:\WINDOWS\System32\WindowsPowerShell\v1.0\;C:\WINDOWS\system32\config\systemprofile\.dnx\bin;C:\Program Files\Microsoft DNX\Dnvm\;C:\Program Files\Calibre2\;C:\Program Files\Microsoft SQL Server\Client SDK\ODBC\110\Tools\Binn\;C:\Program Files (x86)\Microsoft SQL Server\120\Tools\Binn\ManagementStudio\;C:\Program Files (x86)\Microsoft SQL Server\120\Tools\Binn\;C:\Program Files\Microsoft SQL Server\120\Tools\Binn\;C:\Program Files (x86)\Microsoft SQL Server\120\DTS\Binn\;C:\Program Files\Microsoft SQL Server\120\DTS\Binn\;C:\Program Files (x86)\Skype\Phone\;C:\TDM-GCC-64\bin
USERNAME=Gulzar
OS=Windows_NT
PROCESSOR_IDENTIFIER=Intel64 Family 6 Model 69 Stepping 1, GenuineIntel



---------------  S Y S T E M  ---------------

OS: Windows 8.1 , 64 bit Build 9600 

CPU:total 4 (2 cores per cpu, 2 threads per core) family 6 model 69 stepping 1, cmov, cx8, fxsr, mmx, sse, sse2, sse3, ssse3, sse4.1, sse4.2, popcnt, avx, avx2, aes, erms, ht, tsc, tscinvbit

Memory: 4k page, physical 8278296k(897468k free), swap 33444120k(3184k free)

vm_info: Java HotSpot(TM) 64-Bit Server VM (24.79-b02) for windows-amd64 JRE (1.7.0_79-b15), built on Apr 10 2015 12:36:16 by "java_re" with unknown MS VC++:1600

time: Mon Sep 05 22:09:43 2016
elapsed time: 8 seconds

