#
# There is insufficient memory for the Java Runtime Environment to continue.
# Native memory allocation (malloc) failed to allocate 664576 bytes for Chunk::new
# Possible reasons:
#   The system is out of physical RAM or swap space
#   In 32 bit mode, the process size limit was hit
# Possible solutions:
#   Reduce memory load on the system
#   Increase physical memory or swap space
#   Check if swap backing store is full
#   Use 64 bit Java on a 64 bit OS
#   Decrease Java heap size (-Xmx/-Xms)
#   Decrease number of Java threads
#   Decrease Java thread stack sizes (-Xss)
#   Set larger code cache with -XX:ReservedCodeCacheSize=
# This output file may be truncated or incomplete.
#
#  Out of Memory Error (allocation.cpp:323), pid=112324, tid=100796
#
# JRE version: Java(TM) SE Runtime Environment (7.0_79-b15) (build 1.7.0_79-b15)
# Java VM: Java HotSpot(TM) 64-Bit Server VM (24.79-b02 mixed mode windows-amd64 compressed oops)
# Failed to write core dump. Minidumps are not enabled by default on client versions of Windows
#

---------------  T H R E A D  ---------------

Current thread (0x00000000082e8000):  JavaThread "C2 CompilerThread1" daemon [_thread_in_native, id=100796, stack(0x0000000009950000,0x0000000009a50000)]

Stack: [0x0000000009950000,0x0000000009a50000]
[error occurred during error reporting (printing stack bounds), id 0xc0000005]


[error occurred during error reporting (printing native stack), id 0xc0000005]


Current CompileTask:
C2:    829  214             com.android.dx.ssa.SCCP::run (298 bytes)


---------------  P R O C E S S  ---------------

Java Threads: ( => current thread )
  0x0000000009ee7000 JavaThread "pool-2-thread-4" [_thread_in_vm, id=99296, stack(0x000000000a450000,0x000000000a550000)]
  0x0000000009eea000 JavaThread "pool-2-thread-3" [_thread_blocked, id=102140, stack(0x000000000a350000,0x000000000a450000)]
  0x0000000009ee4000 JavaThread "pool-2-thread-2" [_thread_blocked, id=102052, stack(0x000000000a250000,0x000000000a350000)]
  0x0000000009ee8800 JavaThread "pool-3-thread-1" [_thread_blocked, id=100176, stack(0x000000000a150000,0x000000000a250000)]
  0x0000000009eeb000 JavaThread "pool-2-thread-1" [_thread_in_vm, id=97628, stack(0x000000000a050000,0x000000000a150000)]
  0x00000000082f0800 JavaThread "Service Thread" daemon [_thread_blocked, id=84728, stack(0x0000000009a50000,0x0000000009b50000)]
=>0x00000000082e8000 JavaThread "C2 CompilerThread1" daemon [_thread_in_native, id=100796, stack(0x0000000009950000,0x0000000009a50000)]
  0x000000000244e000 JavaThread "C2 CompilerThread0" daemon [_thread_in_native, id=99556, stack(0x0000000009850000,0x0000000009950000)]
  0x000000000244d000 JavaThread "Attach Listener" daemon [_thread_blocked, id=102128, stack(0x0000000009750000,0x0000000009850000)]
  0x000000000244a000 JavaThread "Signal Dispatcher" daemon [_thread_blocked, id=102144, stack(0x0000000009650000,0x0000000009750000)]
  0x0000000002439800 JavaThread "Finalizer" daemon [_thread_blocked, id=101200, stack(0x0000000009550000,0x0000000009650000)]
  0x0000000002431000 JavaThread "Reference Handler" daemon [_thread_blocked, id=102124, stack(0x0000000009450000,0x0000000009550000)]
  0x000000000209d800 JavaThread "main" [_thread_in_Java, id=100432, stack(0x0000000002250000,0x0000000002350000)]

Other Threads:
  0x00000000082c3000 VMThread [stack: 0x0000000009350000,0x0000000009450000] [id=85740]
  0x0000000008317000 WatcherThread [stack: 0x0000000009b50000,0x0000000009c50000] [id=102200]

VM state:not at safepoint (normal execution)

VM Mutex/Monitor currently owned by a thread: None

Heap
 PSYoungGen      total 38400K, used 33280K [0x00000000eaa80000, 0x00000000ed500000, 0x0000000100000000)
  eden space 33280K, 100% used [0x00000000eaa80000,0x00000000ecb00000,0x00000000ecb00000)
  from space 5120K, 0% used [0x00000000ed000000,0x00000000ed000000,0x00000000ed500000)
  to   space 5120K, 0% used [0x00000000ecb00000,0x00000000ecb00000,0x00000000ed000000)
 ParOldGen       total 86016K, used 0K [0x00000000c0000000, 0x00000000c5400000, 0x00000000eaa80000)
  object space 86016K, 0% used [0x00000000c0000000,0x00000000c0000000,0x00000000c5400000)
 PSPermGen       total 21504K, used 5819K [0x00000000bae00000, 0x00000000bc300000, 0x00000000c0000000)
  object space 21504K, 27% used [0x00000000bae00000,0x00000000bb3aef78,0x00000000bc300000)

Card table byte_map: [0x0000000005510000,0x0000000005740000] byte_map_base: 0x0000000004f39000

Polling page: 0x0000000002010000

Code Cache  [0x0000000002450000, 0x00000000026c0000, 0x0000000005450000)
 total_blobs=452 nmethods=216 adapters=188 free_code_cache=48336Kb largest_free_block=49458176

Compilation events (10 events):
Event: 0.793 Thread 0x000000000244e000 nmethod 211 0x00000000024ef7d0 code [0x00000000024ef900, 0x00000000024ef958]
Event: 0.793 Thread 0x000000000244e000  212             com.android.dx.ssa.SsaMethod$2::addToUses (48 bytes)
Event: 0.794 Thread 0x00000000082e8000 nmethod 210 0x00000000024ef310 code [0x00000000024ef460, 0x00000000024ef678]
Event: 0.794 Thread 0x00000000082e8000  213   !         com.android.dx.util.IntList::set (53 bytes)
Event: 0.795 Thread 0x00000000082e8000 nmethod 213 0x00000000024eefd0 code [0x00000000024ef120, 0x00000000024ef1f8]
Event: 0.795 Thread 0x00000000082e8000  214             com.android.dx.ssa.SCCP::run (298 bytes)
Event: 0.808 Thread 0x000000000244e000 nmethod 212 0x0000000002519950 code [0x0000000002519b00, 0x000000000251a318]
Event: 0.809 Thread 0x000000000244e000  215             com.android.dx.rop.code.PlainInsn::<init> (73 bytes)
Event: 0.810 Thread 0x000000000244e000 nmethod 215 0x000000000251ae90 code [0x000000000251afe0, 0x000000000251b118]
Event: 0.810 Thread 0x000000000244e000  216             com.android.dx.ssa.LocalVariableExtractor::processBlock (383 bytes)

GC Heap History (0 events):
No events

Deoptimization events (8 events):
Event: 0.309 Thread 0x0000000009eea000 Uncommon trap: reason=class_check action=maybe_recompile pc=0x00000000024ced44 method=com.android.dx.ssa.NormalSsaInsn.accept(Lcom/android/dx/ssa/SsaInsn$Visitor;)V @ 9
Event: 0.378 Thread 0x0000000009eeb000 Uncommon trap: reason=class_check action=maybe_recompile pc=0x00000000024ced44 method=com.android.dx.ssa.NormalSsaInsn.accept(Lcom/android/dx/ssa/SsaInsn$Visitor;)V @ 9
Event: 0.431 Thread 0x0000000009ee7000 Uncommon trap: reason=class_check action=maybe_recompile pc=0x00000000024ced44 method=com.android.dx.ssa.NormalSsaInsn.accept(Lcom/android/dx/ssa/SsaInsn$Visitor;)V @ 9
Event: 0.436 Thread 0x0000000009ee7000 Uncommon trap: reason=class_check action=maybe_recompile pc=0x00000000024ced44 method=com.android.dx.ssa.NormalSsaInsn.accept(Lcom/android/dx/ssa/SsaInsn$Visitor;)V @ 9
Event: 0.723 Thread 0x000000000209d800 Uncommon trap: reason=bimorphic action=maybe_recompile pc=0x000000000250c1ec method=com.android.dx.ssa.LocalVariableExtractor.processBlock(I)V @ 69
Event: 0.723 Thread 0x000000000209d800 Uncommon trap: reason=bimorphic action=maybe_recompile pc=0x000000000250c1ec method=com.android.dx.ssa.LocalVariableExtractor.processBlock(I)V @ 69
Event: 0.724 Thread 0x000000000209d800 Uncommon trap: reason=bimorphic action=maybe_recompile pc=0x000000000250c1ec method=com.android.dx.ssa.LocalVariableExtractor.processBlock(I)V @ 69
Event: 0.724 Thread 0x000000000209d800 Uncommon trap: reason=bimorphic action=maybe_recompile pc=0x000000000250c1ec method=com.android.dx.ssa.LocalVariableExtractor.processBlock(I)V @ 69

Internal exceptions (10 events):
Event: 0.274 Thread 0x0000000009ee7000 Threw 0x00000000eb6c9d00 at C:\re\jdk7u79\2331\hotspot\src\share\vm\prims\jvm.cpp:1304
Event: 0.279 Thread 0x0000000009ee4000 Threw 0x00000000eb4c53b8 at C:\re\jdk7u79\2331\hotspot\src\share\vm\prims\jvm.cpp:1304
Event: 0.284 Thread 0x000000000209d800 Threw 0x00000000eb375f60 at C:\re\jdk7u79\2331\hotspot\src\share\vm\prims\jvm.cpp:1304
Event: 0.313 Thread 0x0000000009eeb000 Threw 0x00000000eb56e710 at C:\re\jdk7u79\2331\hotspot\src\share\vm\prims\jvm.cpp:1304
Event: 0.314 Thread 0x0000000009eeb000 Threw 0x00000000eb573f60 at C:\re\jdk7u79\2331\hotspot\src\share\vm\prims\jvm.cpp:1304
Event: 0.314 Thread 0x0000000009eeb000 Threw 0x00000000eb579698 at C:\re\jdk7u79\2331\hotspot\src\share\vm\prims\jvm.cpp:1304
Event: 0.429 Thread 0x0000000009eeb000 Threw 0x00000000eba0dbd8 at C:\re\jdk7u79\2331\hotspot\src\share\vm\prims\jvm.cpp:1304
Event: 0.516 Thread 0x000000000209d800 Threw 0x00000000ebb67bf8 at C:\re\jdk7u79\2331\hotspot\src\share\vm\prims\jvm.cpp:1304
Event: 0.632 Thread 0x000000000209d800 Threw 0x00000000ebffe960 at C:\re\jdk7u79\2331\hotspot\src\share\vm\prims\jvm.cpp:1304
Event: 0.666 Thread 0x0000000009eeb000 Threw 0x00000000ec36ec40 at C:\re\jdk7u79\2331\hotspot\src\share\vm\prims\jvm.cpp:1304

Events (10 events):
Event: 0.723 Thread 0x000000000209d800 DEOPT UNPACKING pc=0x00000000024875a4 sp=0x000000000234e490 mode 2
Event: 0.723 Thread 0x000000000209d800 Uncommon trap: trap_request=0xffffffc6 fr.pc=0x000000000250c1ec
Event: 0.724 Thread 0x000000000209d800 DEOPT PACKING pc=0x000000000250c1ec sp=0x000000000234e520
Event: 0.724 Thread 0x000000000209d800 DEOPT UNPACKING pc=0x00000000024875a4 sp=0x000000000234e490 mode 2
Event: 0.724 Thread 0x000000000209d800 Uncommon trap: trap_request=0xffffffc6 fr.pc=0x000000000250c1ec
Event: 0.724 Thread 0x000000000209d800 DEOPT PACKING pc=0x000000000250c1ec sp=0x000000000234e520
Event: 0.724 Thread 0x000000000209d800 DEOPT UNPACKING pc=0x00000000024875a4 sp=0x000000000234e490 mode 2
Event: 0.724 Thread 0x000000000209d800 Uncommon trap: trap_request=0xffffffc6 fr.pc=0x000000000250c1ec
Event: 0.724 Thread 0x000000000209d800 DEOPT PACKING pc=0x000000000250c1ec sp=0x000000000234e520
Event: 0.724 Thread 0x000000000209d800 DEOPT UNPACKING pc=0x00000000024875a4 sp=0x000000000234e490 mode 2


Dynamic libraries:
0x00007ff62e850000 - 0x00007ff62e883000 	C:\Program Files\Java\jdk1.7.0_79\bin\java.exe
0x00007ffa50010000 - 0x00007ffa501d2000 	C:\WINDOWS\SYSTEM32\ntdll.dll
0x00007ffa4fb70000 - 0x00007ffa4fc1d000 	C:\WINDOWS\system32\KERNEL32.DLL
0x00007ffa4ccc0000 - 0x00007ffa4ce9d000 	C:\WINDOWS\system32\KERNELBASE.dll
0x00007ffa4e370000 - 0x00007ffa4e416000 	C:\WINDOWS\system32\ADVAPI32.dll
0x00007ffa4e420000 - 0x00007ffa4e4bd000 	C:\WINDOWS\system32\msvcrt.dll
0x00007ffa4d6a0000 - 0x00007ffa4d6fb000 	C:\WINDOWS\system32\sechost.dll
0x00007ffa4dfc0000 - 0x00007ffa4e0e6000 	C:\WINDOWS\system32\RPCRT4.dll
0x00007ffa4fec0000 - 0x00007ffa5000e000 	C:\WINDOWS\system32\USER32.dll
0x00007ffa4d950000 - 0x00007ffa4dad6000 	C:\WINDOWS\system32\GDI32.dll
0x00007ffa47040000 - 0x00007ffa472b4000 	C:\WINDOWS\WinSxS\amd64_microsoft.windows.common-controls_6595b64144ccf1df_6.0.10240.16384_none_f41f7b285750ef43\COMCTL32.dll
0x00007ffa4e320000 - 0x00007ffa4e356000 	C:\WINDOWS\system32\IMM32.DLL
0x00007ffa4dc90000 - 0x00007ffa4ddec000 	C:\WINDOWS\system32\MSCTF.dll
0x0000000053b20000 - 0x0000000053bf2000 	C:\Program Files\Java\jdk1.7.0_79\jre\bin\msvcr100.dll
0x0000000051d10000 - 0x00000000524e5000 	C:\Program Files\Java\jdk1.7.0_79\jre\bin\server\jvm.dll
0x00007ffa4e150000 - 0x00007ffa4e158000 	C:\WINDOWS\system32\PSAPI.DLL
0x00007ffa4a4b0000 - 0x00007ffa4a4b9000 	C:\WINDOWS\SYSTEM32\WSOCK32.dll
0x00007ffa4add0000 - 0x00007ffa4adf3000 	C:\WINDOWS\SYSTEM32\WINMM.dll
0x00007ffa4e2b0000 - 0x00007ffa4e319000 	C:\WINDOWS\system32\WS2_32.dll
0x00007ffa4ada0000 - 0x00007ffa4adcc000 	C:\WINDOWS\SYSTEM32\WINMMBASE.dll
0x00007ffa4fb00000 - 0x00007ffa4fb08000 	C:\WINDOWS\system32\NSI.dll
0x00007ffa4cc10000 - 0x00007ffa4cc54000 	C:\WINDOWS\system32\cfgmgr32.dll
0x00007ffa4b2d0000 - 0x00007ffa4b2f7000 	C:\WINDOWS\SYSTEM32\DEVOBJ.dll
0x0000000053b10000 - 0x0000000053b1f000 	C:\Program Files\Java\jdk1.7.0_79\jre\bin\verify.dll
0x0000000053ae0000 - 0x0000000053b08000 	C:\Program Files\Java\jdk1.7.0_79\jre\bin\java.dll
0x0000000053ac0000 - 0x0000000053ad5000 	C:\Program Files\Java\jdk1.7.0_79\jre\bin\zip.dll
0x0000000053aa0000 - 0x0000000053aba000 	C:\Program Files\Java\jdk1.7.0_79\jre\bin\net.dll
0x00007ffa4c270000 - 0x00007ffa4c2cd000 	C:\WINDOWS\system32\mswsock.dll
0x0000000053a80000 - 0x0000000053a91000 	C:\Program Files\Java\jdk1.7.0_79\jre\bin\nio.dll

VM Arguments:
jvm_args: -Djava.awt.headless=true -Xmx1024M -Dfile.encoding=windows-1252 -Duser.country=IN -Duser.language=en -Duser.variant 
java_command: com.android.dx.command.Main --dex --force-jumbo --num-threads=4 --multi-dex --output F:\AndroidProject\OneTouch\app\build\intermediates\transforms\dex\debug\folders\1000\10\com.google.firebase-firebase-analytics-impl-9.0.2_04aa68237e0d80f3b494f19056ac74460543a657 F:\AndroidProject\OneTouch\app\build\intermediates\exploded-aar\com.google.firebase\firebase-analytics-impl\9.0.2\jars\classes.jar
Launcher Type: SUN_STANDARD

Environment Variables:
PATH=C:\oraclexe\app\oracle\product\10.2.0\server\bin;C:\ProgramData\Oracle\Java\javapath;C:\Program Files (x86)\Lenovo\FusionEngine;C:\Program Files (x86)\Intel\iCLS Client\;C:\Program Files\Intel\iCLS Client\;C:\WINDOWS\system32;C:\WINDOWS;C:\WINDOWS\System32\Wbem;C:\WINDOWS\System32\WindowsPowerShell\v1.0\;C:\Program Files\Intel\Intel(R) Management Engine Components\DAL;C:\Program Files\Intel\Intel(R) Management Engine Components\IPT;C:\Program Files (x86)\Intel\Intel(R) Management Engine Components\DAL;C:\Program Files (x86)\Intel\Intel(R) Management Engine Components\IPT;C:\Program Files (x86)\NVIDIA Corporation\PhysX\Common;C:\Program Files (x86)\Common Files\lenovo\easyplussdk\bin;C:\WINDOWS\system32;C:\WINDOWS;C:\WINDOWS\System32\Wbem;C:\WINDOWS\System32\WindowsPowerShell\v1.0\;C:\WINDOWS\system32\config\systemprofile\.dnx\bin;C:\Program Files\Microsoft DNX\Dnvm\;C:\Program Files\Calibre2\;C:\Program Files\Microsoft SQL Server\Client SDK\ODBC\110\Tools\Binn\;C:\Program Files (x86)\Microsoft SQL Server\120\Tools\Binn\ManagementStudio\;C:\Program Files (x86)\Microsoft SQL Server\120\Tools\Binn\;C:\Program Files\Microsoft SQL Server\120\Tools\Binn\;C:\Program Files (x86)\Microsoft SQL Server\120\DTS\Binn\;C:\Program Files\Microsoft SQL Server\120\DTS\Binn\;C:\Program Files (x86)\Skype\Phone\;C:\TDM-GCC-64\bin
USERNAME=Gulzar
OS=Windows_NT
PROCESSOR_IDENTIFIER=Intel64 Family 6 Model 69 Stepping 1, GenuineIntel



---------------  S Y S T E M  ---------------

OS: Windows 8.1 , 64 bit Build 9600 

CPU:total 4 (2 cores per cpu, 2 threads per core) family 6 model 69 stepping 1, cmov, cx8, fxsr, mmx, sse, sse2, sse3, ssse3, sse4.1, sse4.2, popcnt, avx, avx2, aes, erms, ht, tsc, tscinvbit

Memory: 4k page, physical 8278296k(1923648k free), swap 33444120k(5504k free)

vm_info: Java HotSpot(TM) 64-Bit Server VM (24.79-b02) for windows-amd64 JRE (1.7.0_79-b15), built on Apr 10 2015 12:36:16 by "java_re" with unknown MS VC++:1600

time: Mon Sep 05 23:35:55 2016
elapsed time: 0 seconds

