#
# There is insufficient memory for the Java Runtime Environment to continue.
# Native memory allocation (malloc) failed to allocate 368496 bytes for Chunk::new
# Possible reasons:
#   The system is out of physical RAM or swap space
#   In 32 bit mode, the process size limit was hit
# Possible solutions:
#   Reduce memory load on the system
#   Increase physical memory or swap space
#   Check if swap backing store is full
#   Use 64 bit Java on a 64 bit OS
#   Decrease Java heap size (-Xmx/-Xms)
#   Decrease number of Java threads
#   Decrease Java thread stack sizes (-Xss)
#   Set larger code cache with -XX:ReservedCodeCacheSize=
# This output file may be truncated or incomplete.
#
#  Out of Memory Error (allocation.cpp:323), pid=124364, tid=125948
#
# JRE version: Java(TM) SE Runtime Environment (7.0_79-b15) (build 1.7.0_79-b15)
# Java VM: Java HotSpot(TM) 64-Bit Server VM (24.79-b02 mixed mode windows-amd64 compressed oops)
# Failed to write core dump. Minidumps are not enabled by default on client versions of Windows
#

---------------  T H R E A D  ---------------

Current thread (0x00000000081ef800):  JavaThread "C2 CompilerThread1" daemon [_thread_in_native, id=125948, stack(0x0000000009860000,0x0000000009960000)]

Stack: [0x0000000009860000,0x0000000009960000]
[error occurred during error reporting (printing stack bounds), id 0xc0000005]


Current CompileTask:
C2:   4860  507             com.android.dx.dex.code.RopTranslator$TranslationVisitor::visitPlainInsn (161 bytes)


---------------  P R O C E S S  ---------------

Java Threads: ( => current thread )
  0x0000000009cb7000 JavaThread "pool-2-thread-4" [_thread_blocked, id=123264, stack(0x000000000a360000,0x000000000a460000)]
  0x0000000009caf000 JavaThread "pool-2-thread-3" [_thread_blocked, id=125496, stack(0x000000000a260000,0x000000000a360000)]
  0x0000000009cae000 JavaThread "pool-2-thread-2" [_thread_blocked, id=125076, stack(0x000000000a160000,0x000000000a260000)]
  0x0000000009cad800 JavaThread "pool-3-thread-1" [_thread_blocked, id=125084, stack(0x000000000a060000,0x000000000a160000)]
  0x0000000009cfe800 JavaThread "pool-2-thread-1" [_thread_blocked, id=125088, stack(0x0000000009f60000,0x000000000a060000)]
  0x00000000081f2800 JavaThread "Service Thread" daemon [_thread_blocked, id=128876, stack(0x0000000009960000,0x0000000009a60000)]
=>0x00000000081ef800 JavaThread "C2 CompilerThread1" daemon [_thread_in_native, id=125948, stack(0x0000000009860000,0x0000000009960000)]
  0x00000000081e5800 JavaThread "C2 CompilerThread0" daemon [_thread_in_native, id=59124, stack(0x0000000009760000,0x0000000009860000)]
  0x00000000081e4800 JavaThread "Attach Listener" daemon [_thread_blocked, id=124620, stack(0x0000000009660000,0x0000000009760000)]
  0x00000000081e1800 JavaThread "Signal Dispatcher" daemon [_thread_blocked, id=124520, stack(0x0000000009560000,0x0000000009660000)]
  0x00000000081af800 JavaThread "Finalizer" daemon [_thread_blocked, id=124728, stack(0x0000000009460000,0x0000000009560000)]
  0x00000000081a6000 JavaThread "Reference Handler" daemon [_thread_blocked, id=125808, stack(0x0000000009360000,0x0000000009460000)]
  0x00000000021bd800 JavaThread "main" [_thread_blocked, id=127264, stack(0x00000000021c0000,0x00000000022c0000)]

Other Threads:
  0x00000000081a1000 VMThread [stack: 0x0000000009260000,0x0000000009360000] [id=125612]
  0x0000000008201000 WatcherThread [stack: 0x0000000009a60000,0x0000000009b60000] [id=127396]

VM state:not at safepoint (normal execution)

VM Mutex/Monitor currently owned by a thread: None

Heap
 PSYoungGen      total 71680K, used 5425K [0x00000000eaa80000, 0x00000000f4e80000, 0x0000000100000000)
  eden space 66560K, 0% used [0x00000000eaa80000,0x00000000eaad46c8,0x00000000eeb80000)
  from space 5120K, 99% used [0x00000000eeb80000,0x00000000ef078058,0x00000000ef080000)
  to   space 17408K, 0% used [0x00000000f3d80000,0x00000000f3d80000,0x00000000f4e80000)
 ParOldGen       total 86016K, used 25686K [0x00000000c0000000, 0x00000000c5400000, 0x00000000eaa80000)
  object space 86016K, 29% used [0x00000000c0000000,0x00000000c19158f0,0x00000000c5400000)
 PSPermGen       total 21504K, used 5986K [0x00000000bae00000, 0x00000000bc300000, 0x00000000c0000000)
  object space 21504K, 27% used [0x00000000bae00000,0x00000000bb3d8848,0x00000000bc300000)

Card table byte_map: [0x0000000005410000,0x0000000005640000] byte_map_base: 0x0000000004e39000

Polling page: 0x0000000000770000

Code Cache  [0x0000000002410000, 0x0000000002680000, 0x0000000005410000)
 total_blobs=738 nmethods=502 adapters=188 free_code_cache=47146Kb largest_free_block=48239104

Compilation events (10 events):
Event: 4.848 Thread 0x00000000081ef800 nmethod 502 0x00000000024a84d0 code [0x00000000024a8600, 0x00000000024a8698]
Event: 4.848 Thread 0x00000000081ef800  503             com.android.dx.dex.code.FixedSizeInsn::<init> (8 bytes)
Event: 4.849 Thread 0x00000000081ef800 nmethod 503 0x0000000002606d50 code [0x0000000002606e80, 0x0000000002606f58]
Event: 4.849 Thread 0x00000000081ef800  504             com.android.dx.rop.code.PlainCstInsn::accept (8 bytes)
Event: 4.849 Thread 0x00000000081ef800 nmethod 504 0x00000000024a8290 code [0x00000000024a83e0, 0x00000000024a8458]
Event: 4.850 Thread 0x00000000081ef800  505             com.android.dx.rop.cst.CstString::getType (4 bytes)
Event: 4.850 Thread 0x00000000081ef800 nmethod 505 0x0000000002607850 code [0x0000000002607980, 0x00000000026079d8]
Event: 4.850 Thread 0x00000000081ef800  506             com.android.dx.rop.code.Insn$BaseVisitor::visitPlainInsn (1 bytes)
Event: 4.850 Thread 0x00000000081ef800 nmethod 506 0x0000000002606b50 code [0x0000000002606c80, 0x0000000002606cd8]
Event: 4.850 Thread 0x00000000081ef800  507             com.android.dx.dex.code.RopTranslator$TranslationVisitor::visitPlainInsn (161 bytes)

GC Heap History (10 events):
Event: 1.785 GC heap before
{Heap before GC invocations=1 (full 0):
 PSYoungGen      total 38400K, used 33280K [0x00000000eaa80000, 0x00000000ed500000, 0x0000000100000000)
  eden space 33280K, 100% used [0x00000000eaa80000,0x00000000ecb00000,0x00000000ecb00000)
  from space 5120K, 0% used [0x00000000ed000000,0x00000000ed000000,0x00000000ed500000)
  to   space 5120K, 0% used [0x00000000ecb00000,0x00000000ecb00000,0x00000000ed000000)
 ParOldGen       total 86016K, used 0K [0x00000000c0000000, 0x00000000c5400000, 0x00000000eaa80000)
  object space 86016K, 0% used [0x00000000c0000000,0x00000000c0000000,0x00000000c5400000)
 PSPermGen       total 21504K, used 5801K [0x00000000bae00000, 0x00000000bc300000, 0x00000000c0000000)
  object space 21504K, 26% used [0x00000000bae00000,0x00000000bb3aa6a0,0x00000000bc300000)
Event: 1.793 GC heap after
Heap after GC invocations=1 (full 0):
 PSYoungGen      total 38400K, used 5108K [0x00000000eaa80000, 0x00000000ed500000, 0x0000000100000000)
  eden space 33280K, 0% used [0x00000000eaa80000,0x00000000eaa80000,0x00000000ecb00000)
  from space 5120K, 99% used [0x00000000ecb00000,0x00000000ecffd190,0x00000000ed000000)
  to   space 5120K, 0% used [0x00000000ed000000,0x00000000ed000000,0x00000000ed500000)
 ParOldGen       total 86016K, used 363K [0x00000000c0000000, 0x00000000c5400000, 0x00000000eaa80000)
  object space 86016K, 0% used [0x00000000c0000000,0x00000000c005ad18,0x00000000c5400000)
 PSPermGen       total 21504K, used 5801K [0x00000000bae00000, 0x00000000bc300000, 0x00000000c0000000)
  object space 21504K, 26% used [0x00000000bae00000,0x00000000bb3aa6a0,0x00000000bc300000)
}
Event: 2.503 GC heap before
{Heap before GC invocations=2 (full 0):
 PSYoungGen      total 38400K, used 38388K [0x00000000eaa80000, 0x00000000ed500000, 0x0000000100000000)
  eden space 33280K, 100% used [0x00000000eaa80000,0x00000000ecb00000,0x00000000ecb00000)
  from space 5120K, 99% used [0x00000000ecb00000,0x00000000ecffd190,0x00000000ed000000)
  to   space 5120K, 0% used [0x00000000ed000000,0x00000000ed000000,0x00000000ed500000)
 ParOldGen       total 86016K, used 363K [0x00000000c0000000, 0x00000000c5400000, 0x00000000eaa80000)
  object space 86016K, 0% used [0x00000000c0000000,0x00000000c005ad18,0x00000000c5400000)
 PSPermGen       total 21504K, used 5898K [0x00000000bae00000, 0x00000000bc300000, 0x00000000c0000000)
  object space 21504K, 27% used [0x00000000bae00000,0x00000000bb3c2ad8,0x00000000bc300000)
Event: 2.555 GC heap after
Heap after GC invocations=2 (full 0):
 PSYoungGen      total 38400K, used 5095K [0x00000000eaa80000, 0x00000000ef580000, 0x0000000100000000)
  eden space 33280K, 0% used [0x00000000eaa80000,0x00000000eaa80000,0x00000000ecb00000)
  from space 5120K, 99% used [0x00000000ed000000,0x00000000ed4f9c78,0x00000000ed500000)
  to   space 5120K, 0% used [0x00000000ecb00000,0x00000000ecb00000,0x00000000ed000000)
 ParOldGen       total 86016K, used 4511K [0x00000000c0000000, 0x00000000c5400000, 0x00000000eaa80000)
  object space 86016K, 5% used [0x00000000c0000000,0x00000000c0467d08,0x00000000c5400000)
 PSPermGen       total 21504K, used 5898K [0x00000000bae00000, 0x00000000bc300000, 0x00000000c0000000)
  object space 21504K, 27% used [0x00000000bae00000,0x00000000bb3c2ad8,0x00000000bc300000)
}
Event: 3.224 GC heap before
{Heap before GC invocations=3 (full 0):
 PSYoungGen      total 38400K, used 38375K [0x00000000eaa80000, 0x00000000ef580000, 0x0000000100000000)
  eden space 33280K, 100% used [0x00000000eaa80000,0x00000000ecb00000,0x00000000ecb00000)
  from space 5120K, 99% used [0x00000000ed000000,0x00000000ed4f9c78,0x00000000ed500000)
  to   space 5120K, 0% used [0x00000000ecb00000,0x00000000ecb00000,0x00000000ed000000)
 ParOldGen       total 86016K, used 4511K [0x00000000c0000000, 0x00000000c5400000, 0x00000000eaa80000)
  object space 86016K, 5% used [0x00000000c0000000,0x00000000c0467d08,0x00000000c5400000)
 PSPermGen       total 21504K, used 5927K [0x00000000bae00000, 0x00000000bc300000, 0x00000000c0000000)
  object space 21504K, 27% used [0x00000000bae00000,0x00000000bb3c9d68,0x00000000bc300000)
Event: 3.285 GC heap after
Heap after GC invocations=3 (full 0):
 PSYoungGen      total 38400K, used 5091K [0x00000000eaa80000, 0x00000000ef580000, 0x0000000100000000)
  eden space 33280K, 0% used [0x00000000eaa80000,0x00000000eaa80000,0x00000000ecb00000)
  from space 5120K, 99% used [0x00000000ecb00000,0x00000000ecff8e08,0x00000000ed000000)
  to   space 5120K, 0% used [0x00000000ef080000,0x00000000ef080000,0x00000000ef580000)
 ParOldGen       total 86016K, used 9189K [0x00000000c0000000, 0x00000000c5400000, 0x00000000eaa80000)
  object space 86016K, 10% used [0x00000000c0000000,0x00000000c08f94e8,0x00000000c5400000)
 PSPermGen       total 21504K, used 5927K [0x00000000bae00000, 0x00000000bc300000, 0x00000000c0000000)
  object space 21504K, 27% used [0x00000000bae00000,0x00000000bb3c9d68,0x00000000bc300000)
}
Event: 3.896 GC heap before
{Heap before GC invocations=4 (full 0):
 PSYoungGen      total 38400K, used 38371K [0x00000000eaa80000, 0x00000000ef580000, 0x0000000100000000)
  eden space 33280K, 100% used [0x00000000eaa80000,0x00000000ecb00000,0x00000000ecb00000)
  from space 5120K, 99% used [0x00000000ecb00000,0x00000000ecff8e08,0x00000000ed000000)
  to   space 5120K, 0% used [0x00000000ef080000,0x00000000ef080000,0x00000000ef580000)
 ParOldGen       total 86016K, used 9189K [0x00000000c0000000, 0x00000000c5400000, 0x00000000eaa80000)
  object space 86016K, 10% used [0x00000000c0000000,0x00000000c08f94e8,0x00000000c5400000)
 PSPermGen       total 21504K, used 5960K [0x00000000bae00000, 0x00000000bc300000, 0x00000000c0000000)
  object space 21504K, 27% used [0x00000000bae00000,0x00000000bb3d2100,0x00000000bc300000)
Event: 3.914 GC heap after
Heap after GC invocations=4 (full 0):
 PSYoungGen      total 71680K, used 5104K [0x00000000eaa80000, 0x00000000ef580000, 0x0000000100000000)
  eden space 66560K, 0% used [0x00000000eaa80000,0x00000000eaa80000,0x00000000eeb80000)
  from space 5120K, 99% used [0x00000000ef080000,0x00000000ef57c048,0x00000000ef580000)
  to   space 5120K, 0% used [0x00000000eeb80000,0x00000000eeb80000,0x00000000ef080000)
 ParOldGen       total 86016K, used 14379K [0x00000000c0000000, 0x00000000c5400000, 0x00000000eaa80000)
  object space 86016K, 16% used [0x00000000c0000000,0x00000000c0e0ae60,0x00000000c5400000)
 PSPermGen       total 21504K, used 5960K [0x00000000bae00000, 0x00000000bc300000, 0x00000000c0000000)
  object space 21504K, 27% used [0x00000000bae00000,0x00000000bb3d2100,0x00000000bc300000)
}
Event: 4.738 GC heap before
{Heap before GC invocations=5 (full 0):
 PSYoungGen      total 71680K, used 71664K [0x00000000eaa80000, 0x00000000ef580000, 0x0000000100000000)
  eden space 66560K, 100% used [0x00000000eaa80000,0x00000000eeb80000,0x00000000eeb80000)
  from space 5120K, 99% used [0x00000000ef080000,0x00000000ef57c048,0x00000000ef580000)
  to   space 5120K, 0% used [0x00000000eeb80000,0x00000000eeb80000,0x00000000ef080000)
 ParOldGen       total 86016K, used 14379K [0x00000000c0000000, 0x00000000c5400000, 0x00000000eaa80000)
  object space 86016K, 16% used [0x00000000c0000000,0x00000000c0e0ae60,0x00000000c5400000)
 PSPermGen       total 21504K, used 5986K [0x00000000bae00000, 0x00000000bc300000, 0x00000000c0000000)
  object space 21504K, 27% used [0x00000000bae00000,0x00000000bb3d8848,0x00000000bc300000)
Event: 4.837 GC heap after
Heap after GC invocations=5 (full 0):
 PSYoungGen      total 71680K, used 5088K [0x00000000eaa80000, 0x00000000f4e80000, 0x0000000100000000)
  eden space 66560K, 0% used [0x00000000eaa80000,0x00000000eaa80000,0x00000000eeb80000)
  from space 5120K, 99% used [0x00000000eeb80000,0x00000000ef078058,0x00000000ef080000)
  to   space 17408K, 0% used [0x00000000f3d80000,0x00000000f3d80000,0x00000000f4e80000)
 ParOldGen       total 86016K, used 25686K [0x00000000c0000000, 0x00000000c5400000, 0x00000000eaa80000)
  object space 86016K, 29% used [0x00000000c0000000,0x00000000c19158f0,0x00000000c5400000)
 PSPermGen       total 21504K, used 5986K [0x00000000bae00000, 0x00000000bc300000, 0x00000000c0000000)
  object space 21504K, 27% used [0x00000000bae00000,0x00000000bb3d8848,0x00000000bc300000)
}

Deoptimization events (9 events):
Event: 1.585 Thread 0x00000000021bd800 Uncommon trap: reason=unreached action=reinterpret pc=0x000000000249d744 method=com.android.dx.rop.cst.Constant.compareTo(Lcom/android/dx/rop/cst/Constant;)I @ 12
Event: 1.847 Thread 0x00000000021bd800 Uncommon trap: reason=null_check action=make_not_entrant pc=0x00000000024a8514 method=com.android.dx.rop.type.Type.equals(Ljava/lang/Object;)Z @ 8
Event: 2.600 Thread 0x0000000009cfe800 Uncommon trap: reason=null_check action=make_not_entrant pc=0x00000000025089f0 method=com.android.dx.cf.code.Ropper$CatchInfo.getSetup(Lcom/android/dx/rop/type/Type;)Lcom/android/dx/cf/code/Ropper$ExceptionHandlerSetup; @ 10
Event: 3.329 Thread 0x00000000021bd800 Uncommon trap: reason=null_check action=make_not_entrant pc=0x00000000025356e8 method=com.android.dx.rop.type.Type.putIntern(Lcom/android/dx/rop/type/Type;)Lcom/android/dx/rop/type/Type; @ 18
Event: 3.334 Thread 0x00000000021bd800 Uncommon trap: reason=bimorphic action=maybe_recompile pc=0x0000000002525394 method=com.android.dx.cf.code.BytecodeArray.parseInstruction(ILcom/android/dx/cf/code/BytecodeArray$Visitor;)I @ 1501
Event: 3.335 Thread 0x00000000021bd800 Uncommon trap: reason=bimorphic action=maybe_recompile pc=0x0000000002525394 method=com.android.dx.cf.code.BytecodeArray.parseInstruction(ILcom/android/dx/cf/code/BytecodeArray$Visitor;)I @ 1501
Event: 3.382 Thread 0x0000000009cb7000 Uncommon trap: reason=unloaded action=reinterpret pc=0x0000000002540a68 method=com.android.dx.ssa.SCCP.replaceBranches()V @ 110
Event: 3.466 Thread 0x0000000009cae000 Uncommon trap: reason=uninitialized action=reinterpret pc=0x00000000025259e4 method=com.android.dx.cf.code.BytecodeArray.parseInstruction(ILcom/android/dx/cf/code/BytecodeArray$Visitor;)I @ 1047
Event: 3.871 Thread 0x0000000009cb7000 Uncommon trap: reason=unreached action=reinterpret pc=0x00000000025639ac method=com.android.dx.ssa.MoveParamCombiner$1.visitNonMoveInsn(Lcom/android/dx/ssa/NormalSsaInsn;)V @ 27

Internal exceptions (10 events):
Event: 1.430 Thread 0x00000000021bd800 Threw 0x00000000ebe68b98 at C:\re\jdk7u79\2331\hotspot\src\share\vm\prims\jvm.cpp:1304
Event: 1.431 Thread 0x00000000021bd800 Threw 0x00000000ebe6e350 at C:\re\jdk7u79\2331\hotspot\src\share\vm\prims\jvm.cpp:1304
Event: 1.483 Thread 0x0000000009cae000 Threw 0x00000000ebf52048 at C:\re\jdk7u79\2331\hotspot\src\share\vm\prims\jvm.cpp:1304
Event: 1.537 Thread 0x0000000009cfe800 Threw 0x00000000ec0f0b90 at C:\re\jdk7u79\2331\hotspot\src\share\vm\prims\jvm.cpp:1304
Event: 1.847 Thread 0x00000000021bd800 Implicit null exception at 0x00000000024a8412 to 0x00000000024a8505
Event: 2.208 Thread 0x00000000021bd800 Threw 0x00000000ec119038 at C:\re\jdk7u79\2331\hotspot\src\share\vm\prims\jvm.cpp:1304
Event: 2.600 Thread 0x0000000009cfe800 Implicit null exception at 0x00000000025066d0 to 0x00000000025089e5
Event: 3.329 Thread 0x00000000021bd800 Implicit null exception at 0x0000000002534ff7 to 0x00000000025356d9
Event: 3.493 Thread 0x0000000009cb7000 Threw 0x00000000eb4e28c8 at C:\re\jdk7u79\2331\hotspot\src\share\vm\prims\jvm.cpp:1304
Event: 3.634 Thread 0x0000000009cb7000 Threw 0x00000000eb8a1688 at C:\re\jdk7u79\2331\hotspot\src\share\vm\prims\jvm.cpp:1304

Events (10 events):
Event: 3.634 loading class 0x0000000009dcc0b0 done
Event: 3.871 Thread 0x0000000009cb7000 Uncommon trap: trap_request=0xffffffad fr.pc=0x00000000025639ac
Event: 3.871 Thread 0x0000000009cb7000 DEOPT PACKING pc=0x00000000025639ac sp=0x000000000a45eab0
Event: 3.871 Thread 0x0000000009cb7000 DEOPT UNPACKING pc=0x00000000024475a4 sp=0x000000000a45ea08 mode 2
Event: 3.891 Executing VM operation: ParallelGCFailedAllocation
Event: 3.914 Executing VM operation: ParallelGCFailedAllocation done
Event: 4.081 Thread 0x00000000081e5800 flushing nmethod 0x000000000249d590
Event: 4.738 Executing VM operation: ParallelGCFailedAllocation
Event: 4.837 Executing VM operation: ParallelGCFailedAllocation done
Event: 4.847 Thread 0x00000000081ef800 flushing nmethod 0x00000000024a8290


Dynamic libraries:
0x00007ff62e850000 - 0x00007ff62e883000 	C:\Program Files\Java\jdk1.7.0_79\bin\java.exe
0x00007ffa50010000 - 0x00007ffa501d2000 	C:\WINDOWS\SYSTEM32\ntdll.dll
0x00007ffa4fb70000 - 0x00007ffa4fc1d000 	C:\WINDOWS\system32\KERNEL32.DLL
0x00007ffa4ccc0000 - 0x00007ffa4ce9d000 	C:\WINDOWS\system32\KERNELBASE.dll
0x00007ffa4e370000 - 0x00007ffa4e416000 	C:\WINDOWS\system32\ADVAPI32.dll
0x00007ffa4e420000 - 0x00007ffa4e4bd000 	C:\WINDOWS\system32\msvcrt.dll
0x00007ffa4d6a0000 - 0x00007ffa4d6fb000 	C:\WINDOWS\system32\sechost.dll
0x00007ffa4dfc0000 - 0x00007ffa4e0e6000 	C:\WINDOWS\system32\RPCRT4.dll
0x00007ffa4fec0000 - 0x00007ffa5000e000 	C:\WINDOWS\system32\USER32.dll
0x00007ffa4d950000 - 0x00007ffa4dad6000 	C:\WINDOWS\system32\GDI32.dll
0x00007ffa47040000 - 0x00007ffa472b4000 	C:\WINDOWS\WinSxS\amd64_microsoft.windows.common-controls_6595b64144ccf1df_6.0.10240.16384_none_f41f7b285750ef43\COMCTL32.dll
0x00007ffa4e320000 - 0x00007ffa4e356000 	C:\WINDOWS\system32\IMM32.DLL
0x00007ffa4dc90000 - 0x00007ffa4ddec000 	C:\WINDOWS\system32\MSCTF.dll
0x0000000053b20000 - 0x0000000053bf2000 	C:\Program Files\Java\jdk1.7.0_79\jre\bin\msvcr100.dll
0x0000000051d10000 - 0x00000000524e5000 	C:\Program Files\Java\jdk1.7.0_79\jre\bin\server\jvm.dll
0x00007ffa4e150000 - 0x00007ffa4e158000 	C:\WINDOWS\system32\PSAPI.DLL
0x00007ffa4a4b0000 - 0x00007ffa4a4b9000 	C:\WINDOWS\SYSTEM32\WSOCK32.dll
0x00007ffa4e2b0000 - 0x00007ffa4e319000 	C:\WINDOWS\system32\WS2_32.dll
0x00007ffa4fb00000 - 0x00007ffa4fb08000 	C:\WINDOWS\system32\NSI.dll
0x00007ffa4add0000 - 0x00007ffa4adf3000 	C:\WINDOWS\SYSTEM32\WINMM.dll
0x00007ffa4ada0000 - 0x00007ffa4adcc000 	C:\WINDOWS\SYSTEM32\WINMMBASE.dll
0x00007ffa4cc10000 - 0x00007ffa4cc54000 	C:\WINDOWS\system32\cfgmgr32.dll
0x00007ffa4b2d0000 - 0x00007ffa4b2f7000 	C:\WINDOWS\SYSTEM32\DEVOBJ.dll
0x0000000053b10000 - 0x0000000053b1f000 	C:\Program Files\Java\jdk1.7.0_79\jre\bin\verify.dll
0x0000000053ae0000 - 0x0000000053b08000 	C:\Program Files\Java\jdk1.7.0_79\jre\bin\java.dll
0x0000000053ac0000 - 0x0000000053ad5000 	C:\Program Files\Java\jdk1.7.0_79\jre\bin\zip.dll
0x0000000053aa0000 - 0x0000000053aba000 	C:\Program Files\Java\jdk1.7.0_79\jre\bin\net.dll
0x00007ffa4c270000 - 0x00007ffa4c2cd000 	C:\WINDOWS\system32\mswsock.dll
0x0000000053a80000 - 0x0000000053a91000 	C:\Program Files\Java\jdk1.7.0_79\jre\bin\nio.dll

VM Arguments:
jvm_args: -Djava.awt.headless=true -Xmx1024M -Dfile.encoding=windows-1252 -Duser.country=IN -Duser.language=en -Duser.variant 
java_command: com.android.dx.command.Main --dex --force-jumbo --num-threads=4 --multi-dex --output F:\AndroidProject\OneTouch\app\build\intermediates\transforms\dex\debug\folders\1000\10\com.google.android.gms-play-services-basement-9.0.2_93fdee2b3b68b5d0f754a2e9ad2519a554fe56c0 F:\AndroidProject\OneTouch\app\build\intermediates\exploded-aar\com.google.android.gms\play-services-basement\9.0.2\jars\classes.jar
Launcher Type: SUN_STANDARD

Environment Variables:
PATH=C:\oraclexe\app\oracle\product\10.2.0\server\bin;C:\ProgramData\Oracle\Java\javapath;C:\Program Files (x86)\Lenovo\FusionEngine;C:\Program Files (x86)\Intel\iCLS Client\;C:\Program Files\Intel\iCLS Client\;C:\WINDOWS\system32;C:\WINDOWS;C:\WINDOWS\System32\Wbem;C:\WINDOWS\System32\WindowsPowerShell\v1.0\;C:\Program Files\Intel\Intel(R) Management Engine Components\DAL;C:\Program Files\Intel\Intel(R) Management Engine Components\IPT;C:\Program Files (x86)\Intel\Intel(R) Management Engine Components\DAL;C:\Program Files (x86)\Intel\Intel(R) Management Engine Components\IPT;C:\Program Files (x86)\NVIDIA Corporation\PhysX\Common;C:\Program Files (x86)\Common Files\lenovo\easyplussdk\bin;C:\WINDOWS\system32;C:\WINDOWS;C:\WINDOWS\System32\Wbem;C:\WINDOWS\System32\WindowsPowerShell\v1.0\;C:\WINDOWS\system32\config\systemprofile\.dnx\bin;C:\Program Files\Microsoft DNX\Dnvm\;C:\Program Files\Calibre2\;C:\Program Files\Microsoft SQL Server\Client SDK\ODBC\110\Tools\Binn\;C:\Program Files (x86)\Microsoft SQL Server\120\Tools\Binn\ManagementStudio\;C:\Program Files (x86)\Microsoft SQL Server\120\Tools\Binn\;C:\Program Files\Microsoft SQL Server\120\Tools\Binn\;C:\Program Files (x86)\Microsoft SQL Server\120\DTS\Binn\;C:\Program Files\Microsoft SQL Server\120\DTS\Binn\;C:\Program Files (x86)\Skype\Phone\;C:\TDM-GCC-64\bin
USERNAME=Gulzar
OS=Windows_NT
PROCESSOR_IDENTIFIER=Intel64 Family 6 Model 69 Stepping 1, GenuineIntel



---------------  S Y S T E M  ---------------

OS: Windows 8.1 , 64 bit Build 9600 

CPU:total 4 (2 cores per cpu, 2 threads per core) family 6 model 69 stepping 1, cmov, cx8, fxsr, mmx, sse, sse2, sse3, ssse3, sse4.1, sse4.2, popcnt, avx, avx2, aes, erms, ht, tsc, tscinvbit

Memory: 4k page, physical 8278296k(2386244k free), swap 33444120k(5620k free)

vm_info: Java HotSpot(TM) 64-Bit Server VM (24.79-b02) for windows-amd64 JRE (1.7.0_79-b15), built on Apr 10 2015 12:36:16 by "java_re" with unknown MS VC++:1600

time: Mon Sep 05 23:42:10 2016
elapsed time: 4 seconds

