#
# There is insufficient memory for the Java Runtime Environment to continue.
# Native memory allocation (malloc) failed to allocate 387856 bytes for Chunk::new
# Possible reasons:
#   The system is out of physical RAM or swap space
#   In 32 bit mode, the process size limit was hit
# Possible solutions:
#   Reduce memory load on the system
#   Increase physical memory or swap space
#   Check if swap backing store is full
#   Use 64 bit Java on a 64 bit OS
#   Decrease Java heap size (-Xmx/-Xms)
#   Decrease number of Java threads
#   Decrease Java thread stack sizes (-Xss)
#   Set larger code cache with -XX:ReservedCodeCacheSize=
# This output file may be truncated or incomplete.
#
#  Out of Memory Error (allocation.cpp:323), pid=21852, tid=22752
#
# JRE version: Java(TM) SE Runtime Environment (7.0_79-b15) (build 1.7.0_79-b15)
# Java VM: Java HotSpot(TM) 64-Bit Server VM (24.79-b02 mixed mode windows-amd64 compressed oops)
# Failed to write core dump. Minidumps are not enabled by default on client versions of Windows
#

---------------  T H R E A D  ---------------

Current thread (0x0000000008e47000):  JavaThread "C2 CompilerThread1" daemon [_thread_in_native, id=22752, stack(0x000000000a4d0000,0x000000000a5d0000)]

Stack: [0x000000000a4d0000,0x000000000a5d0000]
[error occurred during error reporting (printing stack bounds), id 0xc0000005]


[error occurred during error reporting (printing native stack), id 0xc0000005]


Current CompileTask:
C2:   2619  172             com.android.dx.ssa.SsaMethod::forEachBlockDepthFirst (194 bytes)


---------------  P R O C E S S  ---------------

Java Threads: ( => current thread )
  0x000000000aad2800 JavaThread "pool-1-thread-4" [_thread_in_Java, id=364, stack(0x000000000afd0000,0x000000000b0d0000)]
  0x000000000aad3800 JavaThread "pool-1-thread-3" [_thread_in_Java, id=11184, stack(0x000000000aed0000,0x000000000afd0000)]
  0x000000000aad0000 JavaThread "pool-1-thread-2" [_thread_blocked, id=18480, stack(0x000000000add0000,0x000000000aed0000)]
  0x000000000a9c1000 JavaThread "pool-2-thread-1" [_thread_blocked, id=22496, stack(0x000000000acd0000,0x000000000add0000)]
  0x000000000a9bf800 JavaThread "pool-1-thread-1" [_thread_in_Java, id=22456, stack(0x000000000abd0000,0x000000000acd0000)]
  0x0000000008e51000 JavaThread "Service Thread" daemon [_thread_blocked, id=21636, stack(0x000000000a5d0000,0x000000000a6d0000)]
=>0x0000000008e47000 JavaThread "C2 CompilerThread1" daemon [_thread_in_native, id=22752, stack(0x000000000a4d0000,0x000000000a5d0000)]
  0x0000000008e45000 JavaThread "C2 CompilerThread0" daemon [_thread_in_native, id=4944, stack(0x000000000a3d0000,0x000000000a4d0000)]
  0x0000000008e44000 JavaThread "Attach Listener" daemon [_thread_blocked, id=20384, stack(0x000000000a2d0000,0x000000000a3d0000)]
  0x0000000008e41000 JavaThread "Signal Dispatcher" daemon [_thread_blocked, id=21508, stack(0x000000000a1d0000,0x000000000a2d0000)]
  0x0000000008e0f800 JavaThread "Finalizer" daemon [_thread_blocked, id=146888, stack(0x000000000a0d0000,0x000000000a1d0000)]
  0x0000000008e06000 JavaThread "Reference Handler" daemon [_thread_blocked, id=6244, stack(0x0000000009fd0000,0x000000000a0d0000)]
  0x0000000002cbd800 JavaThread "main" [_thread_blocked, id=21772, stack(0x0000000002e70000,0x0000000002f70000)]

Other Threads:
  0x0000000008e01000 VMThread [stack: 0x0000000009ed0000,0x0000000009fd0000] [id=832]
  0x0000000008e6c800 WatcherThread [stack: 0x000000000a6d0000,0x000000000a7d0000] [id=21740]

VM state:not at safepoint (normal execution)

VM Mutex/Monitor currently owned by a thread:  ([mutex/lock_event])
[0x0000000002cb8d20] CodeCache_lock - owner thread: 0x0000000000000000

Heap
 PSYoungGen      total 38400K, used 7055K [0x00000000eaa80000, 0x00000000ed500000, 0x0000000100000000)
  eden space 33280K, 5% used [0x00000000eaa80000,0x00000000eac65178,0x00000000ecb00000)
  from space 5120K, 99% used [0x00000000ecb00000,0x00000000ecffeab8,0x00000000ed000000)
  to   space 5120K, 0% used [0x00000000ed000000,0x00000000ed000000,0x00000000ed500000)
 ParOldGen       total 86016K, used 1229K [0x00000000c0000000, 0x00000000c5400000, 0x00000000eaa80000)
  object space 86016K, 1% used [0x00000000c0000000,0x00000000c01334c8,0x00000000c5400000)
 PSPermGen       total 21504K, used 5827K [0x00000000bae00000, 0x00000000bc300000, 0x00000000c0000000)
  object space 21504K, 27% used [0x00000000bae00000,0x00000000bb3b0fc8,0x00000000bc300000)

Card table byte_map: [0x0000000006070000,0x00000000062a0000] byte_map_base: 0x0000000005a99000

Polling page: 0x0000000002c90000

Code Cache  [0x0000000003070000, 0x00000000032e0000, 0x0000000006070000)
 total_blobs=413 nmethods=177 adapters=188 free_code_cache=48469Kb largest_free_block=49593984

Compilation events (10 events):
Event: 2.537 Thread 0x0000000008e47000 nmethod 167 0x0000000003114bd0 code [0x0000000003114d00, 0x0000000003114d58]
Event: 2.537 Thread 0x0000000008e47000  168             java.lang.Object::equals (11 bytes)
Event: 2.537 Thread 0x0000000008e47000 nmethod 168 0x00000000031149d0 code [0x0000000003114b00, 0x0000000003114b58]
Event: 2.537 Thread 0x0000000008e47000  169             java.util.Arrays::copyOf (47 bytes)
Event: 2.539 Thread 0x0000000008e47000 nmethod 169 0x0000000003114590 code [0x00000000031146e0, 0x0000000003114878]
Event: 2.539 Thread 0x0000000008e47000  170             java.util.Arrays::copyOf (13 bytes)
Event: 2.540 Thread 0x0000000008e47000 nmethod 170 0x00000000031141d0 code [0x0000000003114300, 0x0000000003114498]
Event: 2.540 Thread 0x0000000008e47000  171             com.android.dx.ssa.DeadCodeRemover::access$000 (5 bytes)
Event: 2.543 Thread 0x0000000008e47000 nmethod 171 0x000000000310cbd0 code [0x000000000310cd20, 0x000000000310cea8]
Event: 2.543 Thread 0x0000000008e47000  172             com.android.dx.ssa.SsaMethod::forEachBlockDepthFirst (194 bytes)

GC Heap History (0 events):
No events

Deoptimization events (4 events):
Event: 2.326 Thread 0x000000000aad3800 Uncommon trap: reason=class_check action=maybe_recompile pc=0x00000000030e6fc0 method=com.android.dx.ssa.NormalSsaInsn.accept(Lcom/android/dx/ssa/SsaInsn$Visitor;)V @ 9
Event: 2.329 Thread 0x000000000aad3800 Uncommon trap: reason=class_check action=maybe_recompile pc=0x00000000030e6fc0 method=com.android.dx.ssa.NormalSsaInsn.accept(Lcom/android/dx/ssa/SsaInsn$Visitor;)V @ 9
Event: 2.335 Thread 0x000000000a9bf800 Uncommon trap: reason=class_check action=maybe_recompile pc=0x00000000030e6fc0 method=com.android.dx.ssa.NormalSsaInsn.accept(Lcom/android/dx/ssa/SsaInsn$Visitor;)V @ 9
Event: 2.520 Thread 0x000000000a9bf800 Uncommon trap: reason=unreached action=reinterpret pc=0x0000000003105144 method=com.android.dx.rop.cst.Constant.compareTo(Lcom/android/dx/rop/cst/Constant;)I @ 12

Internal exceptions (10 events):
Event: 2.007 Thread 0x000000000aad3800 Threw 0x00000000eb70da18 at C:\re\jdk7u79\2331\hotspot\src\share\vm\prims\jvm.cpp:1304
Event: 2.008 Thread 0x000000000aad3800 Threw 0x00000000eb7162c8 at C:\re\jdk7u79\2331\hotspot\src\share\vm\prims\jvm.cpp:1304
Event: 2.121 Thread 0x000000000aad2800 Threw 0x00000000eb7a6578 at C:\re\jdk7u79\2331\hotspot\src\share\vm\prims\jvm.cpp:1304
Event: 2.121 Thread 0x000000000aad3800 Threw 0x00000000eb71b8d0 at C:\re\jdk7u79\2331\hotspot\src\share\vm\prims\jvm.cpp:1304
Event: 2.123 Thread 0x0000000002cbd800 Threw 0x00000000eb882378 at C:\re\jdk7u79\2331\hotspot\src\share\vm\prims\jvm.cpp:1304
Event: 2.163 Thread 0x000000000aad2800 Threw 0x00000000eb7f18b8 at C:\re\jdk7u79\2331\hotspot\src\share\vm\prims\jvm.cpp:1304
Event: 2.166 Thread 0x000000000aad0000 Threw 0x00000000eb922240 at C:\re\jdk7u79\2331\hotspot\src\share\vm\prims\jvm.cpp:1304
Event: 2.293 Thread 0x000000000aad2800 Threw 0x00000000eb7f7108 at C:\re\jdk7u79\2331\hotspot\src\share\vm\prims\jvm.cpp:1304
Event: 2.295 Thread 0x000000000aad2800 Threw 0x00000000eb7fc700 at C:\re\jdk7u79\2331\hotspot\src\share\vm\prims\jvm.cpp:1304
Event: 2.416 Thread 0x0000000002cbd800 Threw 0x00000000ebd44c10 at C:\re\jdk7u79\2331\hotspot\src\share\vm\prims\jvm.cpp:1304

Events (10 events):
Event: 2.357 loading class 0x0000000002fe8650 done
Event: 2.371 loading class 0x0000000002fe77d0
Event: 2.371 loading class 0x0000000002fe77d0 done
Event: 2.383 loading class 0x0000000002fee5c0
Event: 2.416 loading class 0x000000000aadc7b0
Event: 2.416 loading class 0x000000000aadc7b0 done
Event: 2.463 loading class 0x0000000002fee5c0 done
Event: 2.520 Thread 0x000000000a9bf800 Uncommon trap: trap_request=0xffffffad fr.pc=0x0000000003105144
Event: 2.520 Thread 0x000000000a9bf800 DEOPT PACKING pc=0x0000000003105144 sp=0x000000000accea60
Event: 2.520 Thread 0x000000000a9bf800 DEOPT UNPACKING pc=0x00000000030a75a4 sp=0x000000000accea00 mode 2


Dynamic libraries:
0x00007ff62e850000 - 0x00007ff62e883000 	C:\Program Files\Java\jdk1.7.0_79\bin\java.exe
0x00007ffa50010000 - 0x00007ffa501d2000 	C:\WINDOWS\SYSTEM32\ntdll.dll
0x00007ffa4fb70000 - 0x00007ffa4fc1d000 	C:\WINDOWS\system32\KERNEL32.DLL
0x00007ffa4ccc0000 - 0x00007ffa4ce9d000 	C:\WINDOWS\system32\KERNELBASE.dll
0x00007ffa4e370000 - 0x00007ffa4e416000 	C:\WINDOWS\system32\ADVAPI32.dll
0x00007ffa4e420000 - 0x00007ffa4e4bd000 	C:\WINDOWS\system32\msvcrt.dll
0x00007ffa4d6a0000 - 0x00007ffa4d6fb000 	C:\WINDOWS\system32\sechost.dll
0x00007ffa4dfc0000 - 0x00007ffa4e0e6000 	C:\WINDOWS\system32\RPCRT4.dll
0x00007ffa4fec0000 - 0x00007ffa5000e000 	C:\WINDOWS\system32\USER32.dll
0x00007ffa4d950000 - 0x00007ffa4dad6000 	C:\WINDOWS\system32\GDI32.dll
0x00007ffa47040000 - 0x00007ffa472b4000 	C:\WINDOWS\WinSxS\amd64_microsoft.windows.common-controls_6595b64144ccf1df_6.0.10240.16384_none_f41f7b285750ef43\COMCTL32.dll
0x00007ffa4e320000 - 0x00007ffa4e356000 	C:\WINDOWS\system32\IMM32.DLL
0x00007ffa4dc90000 - 0x00007ffa4ddec000 	C:\WINDOWS\system32\MSCTF.dll
0x0000000053b20000 - 0x0000000053bf2000 	C:\Program Files\Java\jdk1.7.0_79\jre\bin\msvcr100.dll
0x0000000051d10000 - 0x00000000524e5000 	C:\Program Files\Java\jdk1.7.0_79\jre\bin\server\jvm.dll
0x00007ffa4e150000 - 0x00007ffa4e158000 	C:\WINDOWS\system32\PSAPI.DLL
0x00007ffa4a4b0000 - 0x00007ffa4a4b9000 	C:\WINDOWS\SYSTEM32\WSOCK32.dll
0x00007ffa4add0000 - 0x00007ffa4adf3000 	C:\WINDOWS\SYSTEM32\WINMM.dll
0x00007ffa4e2b0000 - 0x00007ffa4e319000 	C:\WINDOWS\system32\WS2_32.dll
0x00007ffa4fb00000 - 0x00007ffa4fb08000 	C:\WINDOWS\system32\NSI.dll
0x00007ffa4ada0000 - 0x00007ffa4adcc000 	C:\WINDOWS\SYSTEM32\WINMMBASE.dll
0x00007ffa4cc10000 - 0x00007ffa4cc54000 	C:\WINDOWS\system32\cfgmgr32.dll
0x00007ffa4b2d0000 - 0x00007ffa4b2f7000 	C:\WINDOWS\SYSTEM32\DEVOBJ.dll
0x0000000053b10000 - 0x0000000053b1f000 	C:\Program Files\Java\jdk1.7.0_79\jre\bin\verify.dll
0x0000000053ae0000 - 0x0000000053b08000 	C:\Program Files\Java\jdk1.7.0_79\jre\bin\java.dll
0x0000000053ac0000 - 0x0000000053ad5000 	C:\Program Files\Java\jdk1.7.0_79\jre\bin\zip.dll
0x0000000053aa0000 - 0x0000000053aba000 	C:\Program Files\Java\jdk1.7.0_79\jre\bin\net.dll
0x00007ffa4c270000 - 0x00007ffa4c2cd000 	C:\WINDOWS\system32\mswsock.dll
0x0000000053a80000 - 0x0000000053a91000 	C:\Program Files\Java\jdk1.7.0_79\jre\bin\nio.dll

VM Arguments:
jvm_args: -Djava.awt.headless=true -Xmx1024M -Dfile.encoding=windows-1252 -Duser.country=IN -Duser.language=en -Duser.variant 
java_command: com.android.dx.command.Main --dex --force-jumbo --num-threads=4 --output F:\AndroidProject\OneTouch\app\build\intermediates\pre-dexed\debug\com.google.android.gms-play-services-base-9.0.2_d5f3079c2e9c17dedb04c2bc438a81df3fe5cbbe.jar F:\AndroidProject\OneTouch\app\build\intermediates\exploded-aar\com.google.android.gms\play-services-base\9.0.2\jars\classes.jar
Launcher Type: SUN_STANDARD

Environment Variables:
PATH=C:\oraclexe\app\oracle\product\10.2.0\server\bin;C:\ProgramData\Oracle\Java\javapath;C:\Program Files (x86)\Lenovo\FusionEngine;C:\Program Files (x86)\Intel\iCLS Client\;C:\Program Files\Intel\iCLS Client\;C:\WINDOWS\system32;C:\WINDOWS;C:\WINDOWS\System32\Wbem;C:\WINDOWS\System32\WindowsPowerShell\v1.0\;C:\Program Files\Intel\Intel(R) Management Engine Components\DAL;C:\Program Files\Intel\Intel(R) Management Engine Components\IPT;C:\Program Files (x86)\Intel\Intel(R) Management Engine Components\DAL;C:\Program Files (x86)\Intel\Intel(R) Management Engine Components\IPT;C:\Program Files (x86)\NVIDIA Corporation\PhysX\Common;C:\Program Files (x86)\Common Files\lenovo\easyplussdk\bin;C:\WINDOWS\system32;C:\WINDOWS;C:\WINDOWS\System32\Wbem;C:\WINDOWS\System32\WindowsPowerShell\v1.0\;C:\WINDOWS\system32\config\systemprofile\.dnx\bin;C:\Program Files\Microsoft DNX\Dnvm\;C:\Program Files\Calibre2\;C:\Program Files\Microsoft SQL Server\Client SDK\ODBC\110\Tools\Binn\;C:\Program Files (x86)\Microsoft SQL Server\120\Tools\Binn\ManagementStudio\;C:\Program Files (x86)\Microsoft SQL Server\120\Tools\Binn\;C:\Program Files\Microsoft SQL Server\120\Tools\Binn\;C:\Program Files (x86)\Microsoft SQL Server\120\DTS\Binn\;C:\Program Files\Microsoft SQL Server\120\DTS\Binn\;C:\Program Files (x86)\Skype\Phone\;C:\TDM-GCC-64\bin
USERNAME=Gulzar
OS=Windows_NT
PROCESSOR_IDENTIFIER=Intel64 Family 6 Model 69 Stepping 1, GenuineIntel



---------------  S Y S T E M  ---------------

OS: Windows 8.1 , 64 bit Build 9600 

CPU:total 4 (2 cores per cpu, 2 threads per core) family 6 model 69 stepping 1, cmov, cx8, fxsr, mmx, sse, sse2, sse3, ssse3, sse4.1, sse4.2, popcnt, avx, avx2, aes, erms, ht, tsc, tscinvbit

Memory: 4k page, physical 8278296k(865704k free), swap 33444120k(7128k free)

vm_info: Java HotSpot(TM) 64-Bit Server VM (24.79-b02) for windows-amd64 JRE (1.7.0_79-b15), built on Apr 10 2015 12:36:16 by "java_re" with unknown MS VC++:1600

time: Mon Sep 05 22:09:49 2016
elapsed time: 2 seconds

