#
# There is insufficient memory for the Java Runtime Environment to continue.
# Native memory allocation (malloc) failed to allocate 735056 bytes for Chunk::new
# Possible reasons:
#   The system is out of physical RAM or swap space
#   In 32 bit mode, the process size limit was hit
# Possible solutions:
#   Reduce memory load on the system
#   Increase physical memory or swap space
#   Check if swap backing store is full
#   Use 64 bit Java on a 64 bit OS
#   Decrease Java heap size (-Xmx/-Xms)
#   Decrease number of Java threads
#   Decrease Java thread stack sizes (-Xss)
#   Set larger code cache with -XX:ReservedCodeCacheSize=
# This output file may be truncated or incomplete.
#
#  Out of Memory Error (allocation.cpp:323), pid=41764, tid=51160
#
# JRE version: Java(TM) SE Runtime Environment (7.0_79-b15) (build 1.7.0_79-b15)
# Java VM: Java HotSpot(TM) 64-Bit Server VM (24.79-b02 mixed mode windows-amd64 compressed oops)
# Failed to write core dump. Minidumps are not enabled by default on client versions of Windows
#

---------------  T H R E A D  ---------------

Current thread (0x0000000007fcf000):  JavaThread "C2 CompilerThread1" daemon [_thread_in_native, id=51160, stack(0x0000000009640000,0x0000000009740000)]

Stack: [0x0000000009640000,0x0000000009740000]
[error occurred during error reporting (printing stack bounds), id 0xc0000005]


Current CompileTask:
C2:   1854  255   !         com.android.dx.cf.code.Ropper::processBlock (1101 bytes)


---------------  P R O C E S S  ---------------

Java Threads: ( => current thread )
  0x0000000009bb6000 JavaThread "pool-2-thread-4" [_thread_blocked, id=60420, stack(0x000000000a140000,0x000000000a240000)]
  0x0000000009b00000 JavaThread "pool-2-thread-3" [_thread_in_Java, id=80904, stack(0x000000000a040000,0x000000000a140000)]
  0x0000000009afc000 JavaThread "pool-2-thread-2" [_thread_in_Java, id=80304, stack(0x0000000009f40000,0x000000000a040000)]
  0x00000000099e2000 JavaThread "pool-3-thread-1" [_thread_blocked, id=32588, stack(0x0000000009e40000,0x0000000009f40000)]
  0x00000000099e1800 JavaThread "pool-2-thread-1" [_thread_in_Java, id=37608, stack(0x0000000009d40000,0x0000000009e40000)]
  0x0000000007fd5000 JavaThread "Service Thread" daemon [_thread_blocked, id=49784, stack(0x0000000009740000,0x0000000009840000)]
=>0x0000000007fcf000 JavaThread "C2 CompilerThread1" daemon [_thread_in_native, id=51160, stack(0x0000000009640000,0x0000000009740000)]
  0x0000000007fcd000 JavaThread "C2 CompilerThread0" daemon [_thread_in_native, id=47444, stack(0x0000000009540000,0x0000000009640000)]
  0x0000000007fcc000 JavaThread "Attach Listener" daemon [_thread_blocked, id=48696, stack(0x0000000009440000,0x0000000009540000)]
  0x0000000007fc9000 JavaThread "Signal Dispatcher" daemon [_thread_blocked, id=50012, stack(0x0000000009340000,0x0000000009440000)]
  0x0000000007f8f800 JavaThread "Finalizer" daemon [_thread_blocked, id=41292, stack(0x0000000009240000,0x0000000009340000)]
  0x0000000007f86000 JavaThread "Reference Handler" daemon [_thread_blocked, id=115408, stack(0x0000000009140000,0x0000000009240000)]
  0x000000000212d800 JavaThread "main" [_thread_in_Java, id=121604, stack(0x0000000001fc0000,0x00000000020c0000)]

Other Threads:
  0x0000000007f81000 VMThread [stack: 0x0000000009040000,0x0000000009140000] [id=121440]
  0x0000000007fe3800 WatcherThread [stack: 0x0000000009840000,0x0000000009940000] [id=48280]

VM state:not at safepoint (normal execution)

VM Mutex/Monitor currently owned by a thread: None

Heap
 PSYoungGen      total 38400K, used 17726K [0x00000000eaa80000, 0x00000000ed500000, 0x0000000100000000)
  eden space 33280K, 37% used [0x00000000eaa80000,0x00000000eb6d7188,0x00000000ecb00000)
  from space 5120K, 99% used [0x00000000ecb00000,0x00000000ecff89c8,0x00000000ed000000)
  to   space 5120K, 0% used [0x00000000ed000000,0x00000000ed000000,0x00000000ed500000)
 ParOldGen       total 86016K, used 1202K [0x00000000c0000000, 0x00000000c5400000, 0x00000000eaa80000)
  object space 86016K, 1% used [0x00000000c0000000,0x00000000c012ca08,0x00000000c5400000)
 PSPermGen       total 21504K, used 5876K [0x00000000bae00000, 0x00000000bc300000, 0x00000000c0000000)
  object space 21504K, 27% used [0x00000000bae00000,0x00000000bb3bd178,0x00000000bc300000)

Card table byte_map: [0x00000000051f0000,0x0000000005420000] byte_map_base: 0x0000000004c19000

Polling page: 0x00000000002d0000

Code Cache  [0x0000000002130000, 0x00000000023a0000, 0x0000000005130000)
 total_blobs=490 nmethods=253 adapters=189 free_code_cache=48164Kb largest_free_block=49283840

Compilation events (10 events):
Event: 1.796 Thread 0x0000000007fcf000 nmethod 249 0x0000000002229150 code [0x00000000022292a0, 0x0000000002229308]
Event: 1.796 Thread 0x0000000007fcf000  251             com.android.dx.dex.code.CodeAddress::<init> (11 bytes)
Event: 1.797 Thread 0x0000000007fcf000 nmethod 251 0x0000000002228e90 code [0x0000000002228fe0, 0x0000000002229078]
Event: 1.797 Thread 0x0000000007fcf000  252             com.android.dx.dex.code.CodeAddress::<init> (7 bytes)
Event: 1.798 Thread 0x0000000007fcf000 nmethod 252 0x0000000002228bd0 code [0x0000000002228d20, 0x0000000002228db8]
Event: 1.798 Thread 0x0000000007fcf000  253             com.android.dx.rop.code.InsnList::getLast (11 bytes)
Event: 1.799 Thread 0x0000000007fcf000 nmethod 253 0x0000000002228850 code [0x00000000022289a0, 0x0000000002228a78]
Event: 1.799 Thread 0x0000000007fcf000  254   !         com.android.dx.rop.code.LocalVariableInfo::getStarts0 (18 bytes)
Event: 1.800 Thread 0x0000000007fcf000 nmethod 254 0x00000000022285d0 code [0x0000000002228700, 0x0000000002228798]
Event: 1.800 Thread 0x0000000007fcf000  255   !         com.android.dx.cf.code.Ropper::processBlock (1101 bytes)

GC Heap History (2 events):
Event: 1.438 GC heap before
{Heap before GC invocations=1 (full 0):
 PSYoungGen      total 38400K, used 33280K [0x00000000eaa80000, 0x00000000ed500000, 0x0000000100000000)
  eden space 33280K, 100% used [0x00000000eaa80000,0x00000000ecb00000,0x00000000ecb00000)
  from space 5120K, 0% used [0x00000000ed000000,0x00000000ed000000,0x00000000ed500000)
  to   space 5120K, 0% used [0x00000000ecb00000,0x00000000ecb00000,0x00000000ed000000)
 ParOldGen       total 86016K, used 0K [0x00000000c0000000, 0x00000000c5400000, 0x00000000eaa80000)
  object space 86016K, 0% used [0x00000000c0000000,0x00000000c0000000,0x00000000c5400000)
 PSPermGen       total 21504K, used 5832K [0x00000000bae00000, 0x00000000bc300000, 0x00000000c0000000)
  object space 21504K, 27% used [0x00000000bae00000,0x00000000bb3b2398,0x00000000bc300000)
Event: 1.455 GC heap after
Heap after GC invocations=1 (full 0):
 PSYoungGen      total 38400K, used 5090K [0x00000000eaa80000, 0x00000000ed500000, 0x0000000100000000)
  eden space 33280K, 0% used [0x00000000eaa80000,0x00000000eaa80000,0x00000000ecb00000)
  from space 5120K, 99% used [0x00000000ecb00000,0x00000000ecff89c8,0x00000000ed000000)
  to   space 5120K, 0% used [0x00000000ed000000,0x00000000ed000000,0x00000000ed500000)
 ParOldGen       total 86016K, used 1202K [0x00000000c0000000, 0x00000000c5400000, 0x00000000eaa80000)
  object space 86016K, 1% used [0x00000000c0000000,0x00000000c012ca08,0x00000000c5400000)
 PSPermGen       total 21504K, used 5832K [0x00000000bae00000, 0x00000000bc300000, 0x00000000c0000000)
  object space 21504K, 27% used [0x00000000bae00000,0x00000000bb3b2398,0x00000000bc300000)
}

Deoptimization events (9 events):
Event: 0.691 Thread 0x000000000212d800 Uncommon trap: reason=null_check action=make_not_entrant pc=0x00000000021b040c method=com.android.dx.rop.code.LocalItem.equals(Ljava/lang/Object;)Z @ 1
Event: 1.436 Thread 0x0000000009afc000 Uncommon trap: reason=null_check action=make_not_entrant pc=0x00000000021ed614 method=com.android.dx.rop.type.Type.equals(Ljava/lang/Object;)Z @ 8
Event: 1.456 Thread 0x00000000099e1800 Uncommon trap: reason=unreached action=reinterpret pc=0x00000000021f53b0 method=com.android.dx.ssa.LocalVariableExtractor.processBlock(I)V @ 251
Event: 1.502 Thread 0x000000000212d800 Uncommon trap: reason=unreached action=reinterpret pc=0x00000000021c09c4 method=com.android.dx.rop.cst.Constant.compareTo(Lcom/android/dx/rop/cst/Constant;)I @ 12
Event: 1.585 Thread 0x0000000009bb6000 Uncommon trap: reason=null_check action=make_not_entrant pc=0x00000000021efe90 method=com.android.dx.ssa.SsaRenamer.getLocalForNewReg(I)Lcom/android/dx/rop/code/LocalItem; @ 19
Event: 1.747 Thread 0x000000000212d800 Uncommon trap: reason=class_check action=maybe_recompile pc=0x00000000021c02c8 method=com.android.dx.rop.type.Type.equals(Ljava/lang/Object;)Z @ 8
Event: 1.747 Thread 0x000000000212d800 Uncommon trap: reason=class_check action=maybe_recompile pc=0x00000000021c02c8 method=com.android.dx.rop.type.Type.equals(Ljava/lang/Object;)Z @ 8
Event: 1.749 Thread 0x000000000212d800 Uncommon trap: reason=class_check action=maybe_recompile pc=0x00000000021c02c8 method=com.android.dx.rop.type.Type.equals(Ljava/lang/Object;)Z @ 8
Event: 1.750 Thread 0x000000000212d800 Uncommon trap: reason=class_check action=maybe_recompile pc=0x00000000021c02c8 method=com.android.dx.rop.type.Type.equals(Ljava/lang/Object;)Z @ 8

Internal exceptions (10 events):
Event: 0.707 Thread 0x000000000212d800 Threw 0x00000000eba59140 at C:\re\jdk7u79\2331\hotspot\src\share\vm\prims\jvm.cpp:1304
Event: 0.708 Thread 0x000000000212d800 Threw 0x00000000eba5eb90 at C:\re\jdk7u79\2331\hotspot\src\share\vm\prims\jvm.cpp:1304
Event: 0.709 Thread 0x000000000212d800 Threw 0x00000000eba64388 at C:\re\jdk7u79\2331\hotspot\src\share\vm\prims\jvm.cpp:1304
Event: 0.818 Thread 0x00000000099e1800 Threw 0x00000000ebb5edc0 at C:\re\jdk7u79\2331\hotspot\src\share\vm\prims\jvm.cpp:1304
Event: 0.825 Thread 0x0000000009bb6000 Threw 0x00000000ebc318a8 at C:\re\jdk7u79\2331\hotspot\src\share\vm\prims\jvm.cpp:1304
Event: 0.862 Thread 0x000000000212d800 Threw 0x00000000ebd78bb8 at C:\re\jdk7u79\2331\hotspot\src\share\vm\prims\jvm.cpp:1304
Event: 0.881 Thread 0x0000000009afc000 Threw 0x00000000ebe970f0 at C:\re\jdk7u79\2331\hotspot\src\share\vm\prims\jvm.cpp:1304
Event: 1.436 Thread 0x0000000009afc000 Implicit null exception at 0x00000000021ed512 to 0x00000000021ed605
Event: 1.585 Thread 0x0000000009bb6000 Implicit null exception at 0x00000000021eecc4 to 0x00000000021efe65
Event: 1.746 Thread 0x000000000212d800 Threw 0x00000000eb342e68 at C:\re\jdk7u79\2331\hotspot\src\share\vm\prims\jvm.cpp:1304

Events (10 events):
Event: 1.747 loading class 0x0000000001e38370
Event: 1.748 loading class 0x0000000001e38370 done
Event: 1.748 loading class 0x0000000001e38340
Event: 1.748 loading class 0x0000000001e38340 done
Event: 1.749 Thread 0x000000000212d800 Uncommon trap: trap_request=0xffffffde fr.pc=0x00000000021c02c8
Event: 1.749 Thread 0x000000000212d800 DEOPT PACKING pc=0x00000000021c02c8 sp=0x00000000020bdf60
Event: 1.749 Thread 0x000000000212d800 DEOPT UNPACKING pc=0x00000000021675a4 sp=0x00000000020bde98 mode 2
Event: 1.750 Thread 0x000000000212d800 Uncommon trap: trap_request=0xffffffde fr.pc=0x00000000021c02c8
Event: 1.750 Thread 0x000000000212d800 DEOPT PACKING pc=0x00000000021c02c8 sp=0x00000000020be260
Event: 1.750 Thread 0x000000000212d800 DEOPT UNPACKING pc=0x00000000021675a4 sp=0x00000000020be198 mode 2


Dynamic libraries:
0x00007ff62e850000 - 0x00007ff62e883000 	C:\Program Files\Java\jdk1.7.0_79\bin\java.exe
0x00007ffa50010000 - 0x00007ffa501d2000 	C:\WINDOWS\SYSTEM32\ntdll.dll
0x00007ffa4fb70000 - 0x00007ffa4fc1d000 	C:\WINDOWS\system32\KERNEL32.DLL
0x00007ffa4ccc0000 - 0x00007ffa4ce9d000 	C:\WINDOWS\system32\KERNELBASE.dll
0x00007ffa4e370000 - 0x00007ffa4e416000 	C:\WINDOWS\system32\ADVAPI32.dll
0x00007ffa4e420000 - 0x00007ffa4e4bd000 	C:\WINDOWS\system32\msvcrt.dll
0x00007ffa4d6a0000 - 0x00007ffa4d6fb000 	C:\WINDOWS\system32\sechost.dll
0x00007ffa4dfc0000 - 0x00007ffa4e0e6000 	C:\WINDOWS\system32\RPCRT4.dll
0x00007ffa4fec0000 - 0x00007ffa5000e000 	C:\WINDOWS\system32\USER32.dll
0x00007ffa4d950000 - 0x00007ffa4dad6000 	C:\WINDOWS\system32\GDI32.dll
0x00007ffa47040000 - 0x00007ffa472b4000 	C:\WINDOWS\WinSxS\amd64_microsoft.windows.common-controls_6595b64144ccf1df_6.0.10240.16384_none_f41f7b285750ef43\COMCTL32.dll
0x00007ffa4e320000 - 0x00007ffa4e356000 	C:\WINDOWS\system32\IMM32.DLL
0x00007ffa4dc90000 - 0x00007ffa4ddec000 	C:\WINDOWS\system32\MSCTF.dll
0x0000000053b20000 - 0x0000000053bf2000 	C:\Program Files\Java\jdk1.7.0_79\jre\bin\msvcr100.dll
0x0000000051d10000 - 0x00000000524e5000 	C:\Program Files\Java\jdk1.7.0_79\jre\bin\server\jvm.dll
0x00007ffa4e150000 - 0x00007ffa4e158000 	C:\WINDOWS\system32\PSAPI.DLL
0x00007ffa4a4b0000 - 0x00007ffa4a4b9000 	C:\WINDOWS\SYSTEM32\WSOCK32.dll
0x00007ffa4e2b0000 - 0x00007ffa4e319000 	C:\WINDOWS\system32\WS2_32.dll
0x00007ffa4fb00000 - 0x00007ffa4fb08000 	C:\WINDOWS\system32\NSI.dll
0x00007ffa4add0000 - 0x00007ffa4adf3000 	C:\WINDOWS\SYSTEM32\WINMM.dll
0x00007ffa4ada0000 - 0x00007ffa4adcc000 	C:\WINDOWS\SYSTEM32\WINMMBASE.dll
0x00007ffa4cc10000 - 0x00007ffa4cc54000 	C:\WINDOWS\system32\cfgmgr32.dll
0x00007ffa4b2d0000 - 0x00007ffa4b2f7000 	C:\WINDOWS\SYSTEM32\DEVOBJ.dll
0x0000000053b10000 - 0x0000000053b1f000 	C:\Program Files\Java\jdk1.7.0_79\jre\bin\verify.dll
0x0000000053ae0000 - 0x0000000053b08000 	C:\Program Files\Java\jdk1.7.0_79\jre\bin\java.dll
0x0000000053ac0000 - 0x0000000053ad5000 	C:\Program Files\Java\jdk1.7.0_79\jre\bin\zip.dll
0x0000000053aa0000 - 0x0000000053aba000 	C:\Program Files\Java\jdk1.7.0_79\jre\bin\net.dll
0x00007ffa4c270000 - 0x00007ffa4c2cd000 	C:\WINDOWS\system32\mswsock.dll
0x0000000053a80000 - 0x0000000053a91000 	C:\Program Files\Java\jdk1.7.0_79\jre\bin\nio.dll

VM Arguments:
jvm_args: -Djava.awt.headless=true -Xmx1024M -Dfile.encoding=windows-1252 -Duser.country=IN -Duser.language=en -Duser.variant 
java_command: com.android.dx.command.Main --dex --force-jumbo --num-threads=4 --multi-dex --output F:\AndroidProject\OneTouch\app\build\intermediates\transforms\dex\debug\folders\1000\10\com.android.support-design-23.4.0_db663bdb37fc0f3b8f20f6726f63ddad737343d7 F:\AndroidProject\OneTouch\app\build\intermediates\exploded-aar\com.android.support\design\23.4.0\jars\classes.jar
Launcher Type: SUN_STANDARD

Environment Variables:
PATH=C:\oraclexe\app\oracle\product\10.2.0\server\bin;C:\ProgramData\Oracle\Java\javapath;C:\Program Files (x86)\Lenovo\FusionEngine;C:\Program Files (x86)\Intel\iCLS Client\;C:\Program Files\Intel\iCLS Client\;C:\WINDOWS\system32;C:\WINDOWS;C:\WINDOWS\System32\Wbem;C:\WINDOWS\System32\WindowsPowerShell\v1.0\;C:\Program Files\Intel\Intel(R) Management Engine Components\DAL;C:\Program Files\Intel\Intel(R) Management Engine Components\IPT;C:\Program Files (x86)\Intel\Intel(R) Management Engine Components\DAL;C:\Program Files (x86)\Intel\Intel(R) Management Engine Components\IPT;C:\Program Files (x86)\NVIDIA Corporation\PhysX\Common;C:\Program Files (x86)\Common Files\lenovo\easyplussdk\bin;C:\WINDOWS\system32;C:\WINDOWS;C:\WINDOWS\System32\Wbem;C:\WINDOWS\System32\WindowsPowerShell\v1.0\;C:\WINDOWS\system32\config\systemprofile\.dnx\bin;C:\Program Files\Microsoft DNX\Dnvm\;C:\Program Files\Calibre2\;C:\Program Files\Microsoft SQL Server\Client SDK\ODBC\110\Tools\Binn\;C:\Program Files (x86)\Microsoft SQL Server\120\Tools\Binn\ManagementStudio\;C:\Program Files (x86)\Microsoft SQL Server\120\Tools\Binn\;C:\Program Files\Microsoft SQL Server\120\Tools\Binn\;C:\Program Files (x86)\Microsoft SQL Server\120\DTS\Binn\;C:\Program Files\Microsoft SQL Server\120\DTS\Binn\;C:\Program Files (x86)\Skype\Phone\;C:\TDM-GCC-64\bin
USERNAME=Gulzar
OS=Windows_NT
PROCESSOR_IDENTIFIER=Intel64 Family 6 Model 69 Stepping 1, GenuineIntel



---------------  S Y S T E M  ---------------

OS: Windows 8.1 , 64 bit Build 9600 

CPU:total 4 (2 cores per cpu, 2 threads per core) family 6 model 69 stepping 1, cmov, cx8, fxsr, mmx, sse, sse2, sse3, ssse3, sse4.1, sse4.2, popcnt, avx, avx2, aes, erms, ht, tsc, tscinvbit

Memory: 4k page, physical 8278296k(2428404k free), swap 33444120k(5936k free)

vm_info: Java HotSpot(TM) 64-Bit Server VM (24.79-b02) for windows-amd64 JRE (1.7.0_79-b15), built on Apr 10 2015 12:36:16 by "java_re" with unknown MS VC++:1600

time: Mon Sep 05 23:40:47 2016
elapsed time: 1 seconds

