#
# There is insufficient memory for the Java Runtime Environment to continue.
# Native memory allocation (malloc) failed to allocate 257776 bytes for Chunk::new
# Possible reasons:
#   The system is out of physical RAM or swap space
#   In 32 bit mode, the process size limit was hit
# Possible solutions:
#   Reduce memory load on the system
#   Increase physical memory or swap space
#   Check if swap backing store is full
#   Use 64 bit Java on a 64 bit OS
#   Decrease Java heap size (-Xmx/-Xms)
#   Decrease number of Java threads
#   Decrease Java thread stack sizes (-Xss)
#   Set larger code cache with -XX:ReservedCodeCacheSize=
# This output file may be truncated or incomplete.
#
#  Out of Memory Error (allocation.cpp:323), pid=125104, tid=125392
#
# JRE version: Java(TM) SE Runtime Environment (7.0_79-b15) (build 1.7.0_79-b15)
# Java VM: Java HotSpot(TM) 64-Bit Server VM (24.79-b02 mixed mode windows-amd64 compressed oops)
# Failed to write core dump. Minidumps are not enabled by default on client versions of Windows
#

---------------  T H R E A D  ---------------

Current thread (0x0000000008175000):  JavaThread "C2 CompilerThread0" daemon [_thread_in_native, id=125392, stack(0x00000000096e0000,0x00000000097e0000)]

Stack: [0x00000000096e0000,0x00000000097e0000]
[error occurred during error reporting (printing stack bounds), id 0xc0000005]


[error occurred during error reporting (printing native stack), id 0xc0000005]


Current CompileTask:
C2:   2788   70             com.android.dx.ssa.SsaMethod::computeReachability (131 bytes)


---------------  P R O C E S S  ---------------

Java Threads: ( => current thread )
  0x0000000009c82800 JavaThread "pool-2-thread-4" [_thread_in_Java, id=126680, stack(0x000000000a2e0000,0x000000000a3e0000)]
  0x0000000009c7e000 JavaThread "pool-2-thread-3" [_thread_in_Java, id=125064, stack(0x000000000a1e0000,0x000000000a2e0000)]
  0x0000000009c7b000 JavaThread "pool-2-thread-2" [_thread_in_vm, id=125340, stack(0x000000000a0e0000,0x000000000a1e0000)]
  0x0000000009c78800 JavaThread "pool-3-thread-1" [_thread_blocked, id=123988, stack(0x0000000009fe0000,0x000000000a0e0000)]
  0x0000000009c78000 JavaThread "pool-2-thread-1" [_thread_in_Java, id=125604, stack(0x0000000009ee0000,0x0000000009fe0000)]
  0x0000000008185000 JavaThread "Service Thread" daemon [_thread_blocked, id=125700, stack(0x00000000098e0000,0x00000000099e0000)]
  0x000000000817f000 JavaThread "C2 CompilerThread1" daemon [_thread_in_native, id=125504, stack(0x00000000097e0000,0x00000000098e0000)]
=>0x0000000008175000 JavaThread "C2 CompilerThread0" daemon [_thread_in_native, id=125392, stack(0x00000000096e0000,0x00000000097e0000)]
  0x0000000008174000 JavaThread "Attach Listener" daemon [_thread_blocked, id=125624, stack(0x00000000095e0000,0x00000000096e0000)]
  0x0000000008171000 JavaThread "Signal Dispatcher" daemon [_thread_blocked, id=125384, stack(0x00000000094e0000,0x00000000095e0000)]
  0x000000000813f800 JavaThread "Finalizer" daemon [_thread_blocked, id=125132, stack(0x00000000093e0000,0x00000000094e0000)]
  0x0000000008136000 JavaThread "Reference Handler" daemon [_thread_blocked, id=127080, stack(0x00000000092e0000,0x00000000093e0000)]
  0x000000000229d800 JavaThread "main" [_thread_in_Java, id=124080, stack(0x0000000002140000,0x0000000002240000)]

Other Threads:
  0x0000000008131000 VMThread [stack: 0x00000000091e0000,0x00000000092e0000] [id=127456]
  0x0000000008194000 WatcherThread [stack: 0x00000000099e0000,0x0000000009ae0000] [id=124960]

VM state:not at safepoint (normal execution)

VM Mutex/Monitor currently owned by a thread: None

Heap
 PSYoungGen      total 38400K, used 14669K [0x00000000eaa80000, 0x00000000ed500000, 0x0000000100000000)
  eden space 33280K, 44% used [0x00000000eaa80000,0x00000000eb8d3438,0x00000000ecb00000)
  from space 5120K, 0% used [0x00000000ed000000,0x00000000ed000000,0x00000000ed500000)
  to   space 5120K, 0% used [0x00000000ecb00000,0x00000000ecb00000,0x00000000ed000000)
 ParOldGen       total 86016K, used 0K [0x00000000c0000000, 0x00000000c5400000, 0x00000000eaa80000)
  object space 86016K, 0% used [0x00000000c0000000,0x00000000c0000000,0x00000000c5400000)
 PSPermGen       total 21504K, used 5601K [0x00000000bae00000, 0x00000000bc300000, 0x00000000c0000000)
  object space 21504K, 26% used [0x00000000bae00000,0x00000000bb3784b0,0x00000000bc300000)

Card table byte_map: [0x00000000053a0000,0x00000000055d0000] byte_map_base: 0x0000000004dc9000

Polling page: 0x0000000001e10000

Code Cache  [0x00000000023a0000, 0x0000000002610000, 0x00000000053a0000)
 total_blobs=307 nmethods=71 adapters=188 free_code_cache=48655Kb largest_free_block=49795328

Compilation events (10 events):
Event: 2.770 Thread 0x0000000008175000 nmethod 67 0x0000000002419f50 code [0x000000000241a080, 0x000000000241a0f8]
Event: 2.771 Thread 0x000000000817f000   68             com.android.dx.ssa.back.LivenessAnalyzer::handleTailRecursion (94 bytes)
Event: 2.773 Thread 0x0000000008175000   69             com.android.dx.rop.code.InsnList::get (9 bytes)
Event: 2.774 Thread 0x0000000008175000 nmethod 69 0x000000000241d8d0 code [0x000000000241da20, 0x000000000241daf8]
Event: 2.775 Thread 0x0000000008175000   70             com.android.dx.ssa.SsaMethod::computeReachability (131 bytes)
Event: 2.784 Thread 0x000000000817f000 nmethod 68 0x000000000241a510 code [0x000000000241a700, 0x000000000241aef0]
Event: 2.784 Thread 0x000000000817f000   71   !         com.android.dx.util.FixedSizeList::set0 (22 bytes)
Event: 2.785 Thread 0x000000000817f000 nmethod 71 0x000000000241a190 code [0x000000000241a2e0, 0x000000000241a3d8]
Event: 2.785 Thread 0x000000000817f000   72             java.util.AbstractList::<init> (10 bytes)
Event: 2.785 Thread 0x000000000817f000 nmethod 72 0x000000000241d6d0 code [0x000000000241d800, 0x000000000241d858]

GC Heap History (0 events):
No events

Deoptimization events (0 events):
No events

Internal exceptions (10 events):
Event: 2.622 Thread 0x000000000229d800 Threw 0x00000000eb3244a0 at C:\re\jdk7u79\2331\hotspot\src\share\vm\prims\jvm.cpp:1304
Event: 2.625 Thread 0x000000000229d800 Threw 0x00000000eb330ce0 at C:\re\jdk7u79\2331\hotspot\src\share\vm\prims\jvm.cpp:1304
Event: 2.626 Thread 0x000000000229d800 Threw 0x00000000eb336f20 at C:\re\jdk7u79\2331\hotspot\src\share\vm\prims\jvm.cpp:1304
Event: 2.627 Thread 0x000000000229d800 Threw 0x00000000eb33b800 at C:\re\jdk7u79\2331\hotspot\src\share\vm\prims\jvm.cpp:1304
Event: 2.628 Thread 0x000000000229d800 Threw 0x00000000eb341ec0 at C:\re\jdk7u79\2331\hotspot\src\share\vm\prims\jvm.cpp:1304
Event: 2.633 Thread 0x0000000009c82800 Threw 0x00000000eb139908 at C:\re\jdk7u79\2331\hotspot\src\share\vm\prims\jvm.cpp:1304
Event: 2.639 Thread 0x0000000009c82800 Threw 0x00000000eb1447d0 at C:\re\jdk7u79\2331\hotspot\src\share\vm\prims\jvm.cpp:1304
Event: 2.643 Thread 0x0000000009c82800 Threw 0x00000000eb152d50 at C:\re\jdk7u79\2331\hotspot\src\share\vm\prims\jvm.cpp:1304
Event: 2.659 Thread 0x0000000009c7e000 Threw 0x00000000eb476910 at C:\re\jdk7u79\2331\hotspot\src\share\vm\prims\jvm.cpp:1304
Event: 2.686 Thread 0x0000000009c7b000 Threw 0x00000000eb43f428 at C:\re\jdk7u79\2331\hotspot\src\share\vm\prims\jvm.cpp:1304

Events (10 events):
Event: 2.639 loading class 0x000000000819b5d0
Event: 2.639 loading class 0x000000000819b5d0 done
Event: 2.640 loading class 0x000000000231e340
Event: 2.640 loading class 0x000000000231e340 done
Event: 2.643 loading class 0x0000000009c1d240
Event: 2.643 loading class 0x0000000009c1d240 done
Event: 2.659 loading class 0x0000000009c79b40
Event: 2.659 loading class 0x0000000009c79b40 done
Event: 2.686 loading class 0x0000000009c34850
Event: 2.686 loading class 0x0000000009c34850 done


Dynamic libraries:
0x00007ff62e850000 - 0x00007ff62e883000 	C:\Program Files\Java\jdk1.7.0_79\bin\java.exe
0x00007ffa50010000 - 0x00007ffa501d2000 	C:\WINDOWS\SYSTEM32\ntdll.dll
0x00007ffa4fb70000 - 0x00007ffa4fc1d000 	C:\WINDOWS\system32\KERNEL32.DLL
0x00007ffa4ccc0000 - 0x00007ffa4ce9d000 	C:\WINDOWS\system32\KERNELBASE.dll
0x00007ffa4e370000 - 0x00007ffa4e416000 	C:\WINDOWS\system32\ADVAPI32.dll
0x00007ffa4e420000 - 0x00007ffa4e4bd000 	C:\WINDOWS\system32\msvcrt.dll
0x00007ffa4d6a0000 - 0x00007ffa4d6fb000 	C:\WINDOWS\system32\sechost.dll
0x00007ffa4dfc0000 - 0x00007ffa4e0e6000 	C:\WINDOWS\system32\RPCRT4.dll
0x00007ffa4fec0000 - 0x00007ffa5000e000 	C:\WINDOWS\system32\USER32.dll
0x00007ffa4d950000 - 0x00007ffa4dad6000 	C:\WINDOWS\system32\GDI32.dll
0x00007ffa47040000 - 0x00007ffa472b4000 	C:\WINDOWS\WinSxS\amd64_microsoft.windows.common-controls_6595b64144ccf1df_6.0.10240.16384_none_f41f7b285750ef43\COMCTL32.dll
0x00007ffa4e320000 - 0x00007ffa4e356000 	C:\WINDOWS\system32\IMM32.DLL
0x00007ffa4dc90000 - 0x00007ffa4ddec000 	C:\WINDOWS\system32\MSCTF.dll
0x0000000053b20000 - 0x0000000053bf2000 	C:\Program Files\Java\jdk1.7.0_79\jre\bin\msvcr100.dll
0x0000000051d10000 - 0x00000000524e5000 	C:\Program Files\Java\jdk1.7.0_79\jre\bin\server\jvm.dll
0x00007ffa4e150000 - 0x00007ffa4e158000 	C:\WINDOWS\system32\PSAPI.DLL
0x00007ffa4a4b0000 - 0x00007ffa4a4b9000 	C:\WINDOWS\SYSTEM32\WSOCK32.dll
0x00007ffa4e2b0000 - 0x00007ffa4e319000 	C:\WINDOWS\system32\WS2_32.dll
0x00007ffa4fb00000 - 0x00007ffa4fb08000 	C:\WINDOWS\system32\NSI.dll
0x00007ffa4add0000 - 0x00007ffa4adf3000 	C:\WINDOWS\SYSTEM32\WINMM.dll
0x00007ffa4ada0000 - 0x00007ffa4adcc000 	C:\WINDOWS\SYSTEM32\WINMMBASE.dll
0x00007ffa4cc10000 - 0x00007ffa4cc54000 	C:\WINDOWS\system32\cfgmgr32.dll
0x00007ffa4b2d0000 - 0x00007ffa4b2f7000 	C:\WINDOWS\SYSTEM32\DEVOBJ.dll
0x0000000053b10000 - 0x0000000053b1f000 	C:\Program Files\Java\jdk1.7.0_79\jre\bin\verify.dll
0x0000000053ae0000 - 0x0000000053b08000 	C:\Program Files\Java\jdk1.7.0_79\jre\bin\java.dll
0x0000000053ac0000 - 0x0000000053ad5000 	C:\Program Files\Java\jdk1.7.0_79\jre\bin\zip.dll
0x0000000053aa0000 - 0x0000000053aba000 	C:\Program Files\Java\jdk1.7.0_79\jre\bin\net.dll
0x00007ffa4c270000 - 0x00007ffa4c2cd000 	C:\WINDOWS\system32\mswsock.dll
0x0000000053a80000 - 0x0000000053a91000 	C:\Program Files\Java\jdk1.7.0_79\jre\bin\nio.dll

VM Arguments:
jvm_args: -Djava.awt.headless=true -Xmx1024M -Dfile.encoding=windows-1252 -Duser.country=IN -Duser.language=en -Duser.variant 
java_command: com.android.dx.command.Main --dex --force-jumbo --num-threads=4 --multi-dex --output F:\AndroidProject\OneTouch\app\build\intermediates\transforms\dex\debug\folders\1000\10\com.google.android.gms-play-services-tagmanager-api-9.0.2_db35912fbac88a6969ffcf131da5a752b31a28fd F:\AndroidProject\OneTouch\app\build\intermediates\exploded-aar\com.google.android.gms\play-services-tagmanager-api\9.0.2\jars\classes.jar
Launcher Type: SUN_STANDARD

Environment Variables:
PATH=C:\oraclexe\app\oracle\product\10.2.0\server\bin;C:\ProgramData\Oracle\Java\javapath;C:\Program Files (x86)\Lenovo\FusionEngine;C:\Program Files (x86)\Intel\iCLS Client\;C:\Program Files\Intel\iCLS Client\;C:\WINDOWS\system32;C:\WINDOWS;C:\WINDOWS\System32\Wbem;C:\WINDOWS\System32\WindowsPowerShell\v1.0\;C:\Program Files\Intel\Intel(R) Management Engine Components\DAL;C:\Program Files\Intel\Intel(R) Management Engine Components\IPT;C:\Program Files (x86)\Intel\Intel(R) Management Engine Components\DAL;C:\Program Files (x86)\Intel\Intel(R) Management Engine Components\IPT;C:\Program Files (x86)\NVIDIA Corporation\PhysX\Common;C:\Program Files (x86)\Common Files\lenovo\easyplussdk\bin;C:\WINDOWS\system32;C:\WINDOWS;C:\WINDOWS\System32\Wbem;C:\WINDOWS\System32\WindowsPowerShell\v1.0\;C:\WINDOWS\system32\config\systemprofile\.dnx\bin;C:\Program Files\Microsoft DNX\Dnvm\;C:\Program Files\Calibre2\;C:\Program Files\Microsoft SQL Server\Client SDK\ODBC\110\Tools\Binn\;C:\Program Files (x86)\Microsoft SQL Server\120\Tools\Binn\ManagementStudio\;C:\Program Files (x86)\Microsoft SQL Server\120\Tools\Binn\;C:\Program Files\Microsoft SQL Server\120\Tools\Binn\;C:\Program Files (x86)\Microsoft SQL Server\120\DTS\Binn\;C:\Program Files\Microsoft SQL Server\120\DTS\Binn\;C:\Program Files (x86)\Skype\Phone\;C:\TDM-GCC-64\bin
USERNAME=Gulzar
OS=Windows_NT
PROCESSOR_IDENTIFIER=Intel64 Family 6 Model 69 Stepping 1, GenuineIntel



---------------  S Y S T E M  ---------------

OS: Windows 8.1 , 64 bit Build 9600 

CPU:total 4 (2 cores per cpu, 2 threads per core) family 6 model 69 stepping 1, cmov, cx8, fxsr, mmx, sse, sse2, sse3, ssse3, sse4.1, sse4.2, popcnt, avx, avx2, aes, erms, ht, tsc, tscinvbit

Memory: 4k page, physical 8278296k(2375488k free), swap 33444120k(3140k free)

vm_info: Java HotSpot(TM) 64-Bit Server VM (24.79-b02) for windows-amd64 JRE (1.7.0_79-b15), built on Apr 10 2015 12:36:16 by "java_re" with unknown MS VC++:1600

time: Mon Sep 05 23:42:10 2016
elapsed time: 2 seconds

