#
# There is insufficient memory for the Java Runtime Environment to continue.
# Native memory allocation (malloc) failed to allocate 1048576 bytes for AllocateHeap
# Possible reasons:
#   The system is out of physical RAM or swap space
#   In 32 bit mode, the process size limit was hit
# Possible solutions:
#   Reduce memory load on the system
#   Increase physical memory or swap space
#   Check if swap backing store is full
#   Use 64 bit Java on a 64 bit OS
#   Decrease Java heap size (-Xmx/-Xms)
#   Decrease number of Java threads
#   Decrease Java thread stack sizes (-Xss)
#   Set larger code cache with -XX:ReservedCodeCacheSize=
# This output file may be truncated or incomplete.
#
#  Out of Memory Error (memory/allocation.inline.hpp:61), pid=56664, tid=56696
#
# JRE version:  (7.0_79-b15) (build )
# Java VM: Java HotSpot(TM) 64-Bit Server VM (24.79-b02 mixed mode windows-amd64 compressed oops)
# Failed to write core dump. Minidumps are not enabled by default on client versions of Windows
#

---------------  T H R E A D  ---------------

Current thread (0x000000000300d800):  JavaThread "Unknown thread" [_thread_in_vm, id=56696, stack(0x0000000002e20000,0x0000000002f20000)]

Stack: [0x0000000002e20000,0x0000000002f20000]
[error occurred during error reporting (printing stack bounds), id 0xc0000005]


---------------  P R O C E S S  ---------------

Java Threads: ( => current thread )

Other Threads:

=>0x000000000300d800 (exited) JavaThread "Unknown thread" [_thread_in_vm, id=56696, stack(0x0000000002e20000,0x0000000002f20000)]

VM state:not at safepoint (normal execution)

VM Mutex/Monitor currently owned by a thread: None

Heap
 PSYoungGen      total 38400K, used 665K [0x00000000eaa80000, 0x00000000ed500000, 0x0000000100000000)
  eden space 33280K, 2% used [0x00000000eaa80000,0x00000000eab266b8,0x00000000ecb00000)
  from space 5120K, 0% used [0x00000000ed000000,0x00000000ed000000,0x00000000ed500000)
  to   space 5120K, 0% used [0x00000000ecb00000,0x00000000ecb00000,0x00000000ed000000)
 ParOldGen       total 86016K, used 0K [0x00000000c0000000, 0x00000000c5400000, 0x00000000eaa80000)
  object space 86016K, 0% used [0x00000000c0000000,0x00000000c0000000,0x00000000c5400000)
 PSPermGen       total 21504K, used 697K [0x00000000bae00000, 0x00000000bc300000, 0x00000000c0000000)
  object space 21504K, 3% used [0x00000000bae00000,0x00000000baeae588,0x00000000bc300000)

Card table byte_map: [0x0000000006210000,0x0000000006440000] byte_map_base: 0x0000000005c39000

Polling page: 0x0000000001210000

Code Cache  [0x0000000003210000, 0x0000000003480000, 0x0000000006210000)
 total_blobs=38 nmethods=0 adapters=20 free_code_cache=48889Kb largest_free_block=50062528

Compilation events (0 events):
No events

GC Heap History (0 events):
No events

Deoptimization events (0 events):
No events

Internal exceptions (0 events):
No events

Events (10 events):
Event: 0.020 loading class 0x0000000003157700
Event: 0.020 loading class 0x0000000003157700 done
Event: 0.020 loading class 0x0000000003157750
Event: 0.020 loading class 0x0000000003157750 done
Event: 0.020 loading class 0x00000000031577a0
Event: 0.021 loading class 0x00000000031577a0 done
Event: 0.021 loading class 0x0000000003158520
Event: 0.021 loading class 0x0000000003158520 done
Event: 0.021 loading class 0x0000000003158140
Event: 0.021 loading class 0x0000000003158140 done


Dynamic libraries:
0x00007ff62e850000 - 0x00007ff62e883000 	C:\Program Files\Java\jdk1.7.0_79\bin\java.exe
0x00007ffa50010000 - 0x00007ffa501d2000 	C:\WINDOWS\SYSTEM32\ntdll.dll
0x00007ffa4fb70000 - 0x00007ffa4fc1d000 	C:\WINDOWS\system32\KERNEL32.DLL
0x00007ffa4ccc0000 - 0x00007ffa4ce9d000 	C:\WINDOWS\system32\KERNELBASE.dll
0x00007ffa4e370000 - 0x00007ffa4e416000 	C:\WINDOWS\system32\ADVAPI32.dll
0x00007ffa4e420000 - 0x00007ffa4e4bd000 	C:\WINDOWS\system32\msvcrt.dll
0x00007ffa4d6a0000 - 0x00007ffa4d6fb000 	C:\WINDOWS\system32\sechost.dll
0x00007ffa4dfc0000 - 0x00007ffa4e0e6000 	C:\WINDOWS\system32\RPCRT4.dll
0x00007ffa4fec0000 - 0x00007ffa5000e000 	C:\WINDOWS\system32\USER32.dll
0x00007ffa4d950000 - 0x00007ffa4dad6000 	C:\WINDOWS\system32\GDI32.dll
0x00007ffa47040000 - 0x00007ffa472b4000 	C:\WINDOWS\WinSxS\amd64_microsoft.windows.common-controls_6595b64144ccf1df_6.0.10240.16384_none_f41f7b285750ef43\COMCTL32.dll
0x00007ffa4e320000 - 0x00007ffa4e356000 	C:\WINDOWS\system32\IMM32.DLL
0x00007ffa4dc90000 - 0x00007ffa4ddec000 	C:\WINDOWS\system32\MSCTF.dll
0x0000000052bc0000 - 0x0000000052c92000 	C:\Program Files\Java\jdk1.7.0_79\jre\bin\msvcr100.dll
0x0000000051d10000 - 0x00000000524e5000 	C:\Program Files\Java\jdk1.7.0_79\jre\bin\server\jvm.dll
0x00007ffa4e150000 - 0x00007ffa4e158000 	C:\WINDOWS\system32\PSAPI.DLL
0x00007ffa4a4b0000 - 0x00007ffa4a4b9000 	C:\WINDOWS\SYSTEM32\WSOCK32.dll
0x00007ffa4e2b0000 - 0x00007ffa4e319000 	C:\WINDOWS\system32\WS2_32.dll
0x00007ffa4fb00000 - 0x00007ffa4fb08000 	C:\WINDOWS\system32\NSI.dll
0x00007ffa4add0000 - 0x00007ffa4adf3000 	C:\WINDOWS\SYSTEM32\WINMM.dll
0x00007ffa4ada0000 - 0x00007ffa4adcc000 	C:\WINDOWS\SYSTEM32\WINMMBASE.dll
0x00007ffa4cc10000 - 0x00007ffa4cc54000 	C:\WINDOWS\system32\cfgmgr32.dll
0x00007ffa4b2d0000 - 0x00007ffa4b2f7000 	C:\WINDOWS\SYSTEM32\DEVOBJ.dll
0x0000000052f70000 - 0x0000000052f7f000 	C:\Program Files\Java\jdk1.7.0_79\jre\bin\verify.dll
0x0000000052f40000 - 0x0000000052f68000 	C:\Program Files\Java\jdk1.7.0_79\jre\bin\java.dll
0x0000000052e70000 - 0x0000000052e85000 	C:\Program Files\Java\jdk1.7.0_79\jre\bin\zip.dll

VM Arguments:
jvm_args: -Djava.awt.headless=true -Xmx1024M -Dfile.encoding=windows-1252 -Duser.country=IN -Duser.language=en -Duser.variant 
java_command: com.android.dx.command.Main --dex --force-jumbo --num-threads=4 --multi-dex --output F:\AndroidProject\OneTouch\app\build\intermediates\transforms\dex\debug\folders\1000\10\com.google.android.gms-play-services-appindexing-9.0.2_07cbf2ee90bee15c5d1eca80f6702d671342a5b6 F:\AndroidProject\OneTouch\app\build\intermediates\exploded-aar\com.google.android.gms\play-services-appindexing\9.0.2\jars\classes.jar
Launcher Type: SUN_STANDARD

Environment Variables:
PATH=C:\oraclexe\app\oracle\product\10.2.0\server\bin;C:\ProgramData\Oracle\Java\javapath;C:\Program Files (x86)\Lenovo\FusionEngine;C:\Program Files (x86)\Intel\iCLS Client\;C:\Program Files\Intel\iCLS Client\;C:\WINDOWS\system32;C:\WINDOWS;C:\WINDOWS\System32\Wbem;C:\WINDOWS\System32\WindowsPowerShell\v1.0\;C:\Program Files\Intel\Intel(R) Management Engine Components\DAL;C:\Program Files\Intel\Intel(R) Management Engine Components\IPT;C:\Program Files (x86)\Intel\Intel(R) Management Engine Components\DAL;C:\Program Files (x86)\Intel\Intel(R) Management Engine Components\IPT;C:\Program Files (x86)\NVIDIA Corporation\PhysX\Common;C:\Program Files (x86)\Common Files\lenovo\easyplussdk\bin;C:\WINDOWS\system32;C:\WINDOWS;C:\WINDOWS\System32\Wbem;C:\WINDOWS\System32\WindowsPowerShell\v1.0\;C:\WINDOWS\system32\config\systemprofile\.dnx\bin;C:\Program Files\Microsoft DNX\Dnvm\;C:\Program Files\Calibre2\;C:\Program Files\Microsoft SQL Server\Client SDK\ODBC\110\Tools\Binn\;C:\Program Files (x86)\Microsoft SQL Server\120\Tools\Binn\ManagementStudio\;C:\Program Files (x86)\Microsoft SQL Server\120\Tools\Binn\;C:\Program Files\Microsoft SQL Server\120\Tools\Binn\;C:\Program Files (x86)\Microsoft SQL Server\120\DTS\Binn\;C:\Program Files\Microsoft SQL Server\120\DTS\Binn\;C:\Program Files (x86)\Skype\Phone\;C:\TDM-GCC-64\bin
USERNAME=Gulzar
OS=Windows_NT
PROCESSOR_IDENTIFIER=Intel64 Family 6 Model 69 Stepping 1, GenuineIntel



---------------  S Y S T E M  ---------------

OS: Windows 8.1 , 64 bit Build 9600 

CPU:total 4 (2 cores per cpu, 2 threads per core) family 6 model 69 stepping 1, cmov, cx8, fxsr, mmx, sse, sse2, sse3, ssse3, sse4.1, sse4.2, popcnt, avx, avx2, aes, erms, ht, tsc, tscinvbit

Memory: 4k page, physical 8278296k(2588312k free), swap 33444120k(6412k free)

vm_info: Java HotSpot(TM) 64-Bit Server VM (24.79-b02) for windows-amd64 JRE (1.7.0_79-b15), built on Apr 10 2015 12:36:16 by "java_re" with unknown MS VC++:1600

time: Tue Sep 06 00:43:26 2016
elapsed time: 0 seconds

