#
# There is insufficient memory for the Java Runtime Environment to continue.
# Native memory allocation (malloc) failed to allocate 1533376 bytes for Chunk::new
# Possible reasons:
#   The system is out of physical RAM or swap space
#   In 32 bit mode, the process size limit was hit
# Possible solutions:
#   Reduce memory load on the system
#   Increase physical memory or swap space
#   Check if swap backing store is full
#   Use 64 bit Java on a 64 bit OS
#   Decrease Java heap size (-Xmx/-Xms)
#   Decrease number of Java threads
#   Decrease Java thread stack sizes (-Xss)
#   Set larger code cache with -XX:ReservedCodeCacheSize=
# This output file may be truncated or incomplete.
#
#  Out of Memory Error (allocation.cpp:323), pid=110196, tid=110504
#
# JRE version: Java(TM) SE Runtime Environment (7.0_79-b15) (build 1.7.0_79-b15)
# Java VM: Java HotSpot(TM) 64-Bit Server VM (24.79-b02 mixed mode windows-amd64 compressed oops)
# Failed to write core dump. Minidumps are not enabled by default on client versions of Windows
#

---------------  T H R E A D  ---------------

Current thread (0x00000000081c5000):  JavaThread "C2 CompilerThread0" daemon [_thread_in_native, id=110504, stack(0x0000000009740000,0x0000000009840000)]

Stack: [0x0000000009740000,0x0000000009840000]
[error occurred during error reporting (printing stack bounds), id 0xc0000005]


[error occurred during error reporting (printing native stack), id 0xc0000005]


Current CompileTask:
C2:   3316  207             com.android.dx.ssa.SCCP::run (298 bytes)


---------------  P R O C E S S  ---------------

Java Threads: ( => current thread )
  0x0000000009dc4000 JavaThread "pool-2-thread-4" [_thread_in_Java, id=109008, stack(0x000000000a340000,0x000000000a440000)]
  0x0000000009dd5000 JavaThread "pool-2-thread-3" [_thread_in_Java, id=108372, stack(0x000000000a240000,0x000000000a340000)]
  0x0000000009dd4800 JavaThread "pool-2-thread-2" [_thread_in_Java, id=87824, stack(0x000000000a140000,0x000000000a240000)]
  0x0000000009cda000 JavaThread "pool-3-thread-1" [_thread_blocked, id=110212, stack(0x000000000a040000,0x000000000a140000)]
  0x0000000009cd9800 JavaThread "pool-2-thread-1" [_thread_in_Java, id=97268, stack(0x0000000009f40000,0x000000000a040000)]
  0x00000000081d5800 JavaThread "Service Thread" daemon [_thread_blocked, id=108732, stack(0x0000000009940000,0x0000000009a40000)]
  0x00000000081cf000 JavaThread "C2 CompilerThread1" daemon [_thread_in_native, id=106172, stack(0x0000000009840000,0x0000000009940000)]
=>0x00000000081c5000 JavaThread "C2 CompilerThread0" daemon [_thread_in_native, id=110504, stack(0x0000000009740000,0x0000000009840000)]
  0x00000000081c4000 JavaThread "Attach Listener" daemon [_thread_blocked, id=109332, stack(0x0000000009640000,0x0000000009740000)]
  0x00000000081c1000 JavaThread "Signal Dispatcher" daemon [_thread_blocked, id=108928, stack(0x0000000009540000,0x0000000009640000)]
  0x000000000818f800 JavaThread "Finalizer" daemon [_thread_blocked, id=106564, stack(0x0000000009440000,0x0000000009540000)]
  0x0000000008186000 JavaThread "Reference Handler" daemon [_thread_blocked, id=105564, stack(0x0000000009340000,0x0000000009440000)]
  0x00000000021ed800 JavaThread "main" [_thread_in_vm, id=85924, stack(0x00000000021f0000,0x00000000022f0000)]

Other Threads:
  0x0000000008182000 VMThread [stack: 0x0000000009240000,0x0000000009340000] [id=103448]
  0x00000000081e3800 WatcherThread [stack: 0x0000000009a40000,0x0000000009b40000] [id=107468]

VM state:not at safepoint (normal execution)

VM Mutex/Monitor currently owned by a thread: None

Heap
 PSYoungGen      total 38400K, used 14524K [0x00000000eaa80000, 0x00000000ed500000, 0x0000000100000000)
  eden space 33280K, 28% used [0x00000000eaa80000,0x00000000eb3b4e68,0x00000000ecb00000)
  from space 5120K, 99% used [0x00000000ecb00000,0x00000000ecffa298,0x00000000ed000000)
  to   space 5120K, 0% used [0x00000000ed000000,0x00000000ed000000,0x00000000ed500000)
 ParOldGen       total 86016K, used 842K [0x00000000c0000000, 0x00000000c5400000, 0x00000000eaa80000)
  object space 86016K, 0% used [0x00000000c0000000,0x00000000c00d2bb8,0x00000000c5400000)
 PSPermGen       total 21504K, used 5828K [0x00000000bae00000, 0x00000000bc300000, 0x00000000c0000000)
  object space 21504K, 27% used [0x00000000bae00000,0x00000000bb3b13a8,0x00000000bc300000)

Card table byte_map: [0x00000000053f0000,0x0000000005620000] byte_map_base: 0x0000000004e19000

Polling page: 0x0000000000790000

Code Cache  [0x00000000023f0000, 0x0000000002660000, 0x00000000053f0000)
 total_blobs=443 nmethods=207 adapters=188 free_code_cache=48362Kb largest_free_block=49494208

Compilation events (10 events):
Event: 3.213 Thread 0x00000000081c5000 nmethod 202 0x00000000024ad010 code [0x00000000024ad180, 0x00000000024ad758]
Event: 3.213 Thread 0x00000000081c5000  203             com.android.dx.dex.code.ZeroSizeInsn::<init> (12 bytes)
Event: 3.214 Thread 0x00000000081c5000 nmethod 203 0x00000000024b31d0 code [0x00000000024b3320, 0x00000000024b33b8]
Event: 3.214 Thread 0x00000000081c5000  204             java.util.Collections$UnmodifiableCollection$1::next (10 bytes)
Event: 3.216 Thread 0x00000000081c5000 nmethod 204 0x00000000024b1410 code [0x00000000024b1580, 0x00000000024b16e8]
Event: 3.216 Thread 0x00000000081c5000  205             com.android.dx.rop.code.PlainInsn::<init> (73 bytes)
Event: 3.217 Thread 0x00000000081c5000 nmethod 205 0x00000000024b0fd0 code [0x00000000024b1120, 0x00000000024b1258]
Event: 3.217 Thread 0x00000000081c5000  206             com.android.dx.util.IntList::indexOf (16 bytes)
Event: 3.220 Thread 0x00000000081c5000 nmethod 206 0x00000000024b4710 code [0x00000000024b4860, 0x00000000024b4a18]
Event: 3.220 Thread 0x00000000081c5000  207             com.android.dx.ssa.SCCP::run (298 bytes)

GC Heap History (2 events):
Event: 3.159 GC heap before
{Heap before GC invocations=1 (full 0):
 PSYoungGen      total 38400K, used 33280K [0x00000000eaa80000, 0x00000000ed500000, 0x0000000100000000)
  eden space 33280K, 100% used [0x00000000eaa80000,0x00000000ecb00000,0x00000000ecb00000)
  from space 5120K, 0% used [0x00000000ed000000,0x00000000ed000000,0x00000000ed500000)
  to   space 5120K, 0% used [0x00000000ecb00000,0x00000000ecb00000,0x00000000ed000000)
 ParOldGen       total 86016K, used 0K [0x00000000c0000000, 0x00000000c5400000, 0x00000000eaa80000)
  object space 86016K, 0% used [0x00000000c0000000,0x00000000c0000000,0x00000000c5400000)
 PSPermGen       total 21504K, used 5800K [0x00000000bae00000, 0x00000000bc300000, 0x00000000c0000000)
  object space 21504K, 26% used [0x00000000bae00000,0x00000000bb3aa098,0x00000000bc300000)
Event: 3.168 GC heap after
Heap after GC invocations=1 (full 0):
 PSYoungGen      total 38400K, used 5096K [0x00000000eaa80000, 0x00000000ed500000, 0x0000000100000000)
  eden space 33280K, 0% used [0x00000000eaa80000,0x00000000eaa80000,0x00000000ecb00000)
  from space 5120K, 99% used [0x00000000ecb00000,0x00000000ecffa298,0x00000000ed000000)
  to   space 5120K, 0% used [0x00000000ed000000,0x00000000ed000000,0x00000000ed500000)
 ParOldGen       total 86016K, used 842K [0x00000000c0000000, 0x00000000c5400000, 0x00000000eaa80000)
  object space 86016K, 0% used [0x00000000c0000000,0x00000000c00d2bb8,0x00000000c5400000)
 PSPermGen       total 21504K, used 5800K [0x00000000bae00000, 0x00000000bc300000, 0x00000000c0000000)
  object space 21504K, 26% used [0x00000000bae00000,0x00000000bb3aa098,0x00000000bc300000)
}

Deoptimization events (4 events):
Event: 2.806 Thread 0x0000000009dd4800 Uncommon trap: reason=class_check action=maybe_recompile pc=0x000000000246bc58 method=com.android.dx.ssa.NormalSsaInsn.accept(Lcom/android/dx/ssa/SsaInsn$Visitor;)V @ 9
Event: 2.809 Thread 0x0000000009dd4800 Uncommon trap: reason=class_check action=maybe_recompile pc=0x000000000246bc58 method=com.android.dx.ssa.NormalSsaInsn.accept(Lcom/android/dx/ssa/SsaInsn$Visitor;)V @ 9
Event: 2.849 Thread 0x0000000009dd4800 Uncommon trap: reason=class_check action=maybe_recompile pc=0x000000000246bc58 method=com.android.dx.ssa.NormalSsaInsn.accept(Lcom/android/dx/ssa/SsaInsn$Visitor;)V @ 9
Event: 2.852 Thread 0x0000000009dd4800 Uncommon trap: reason=class_check action=maybe_recompile pc=0x000000000246bc58 method=com.android.dx.ssa.NormalSsaInsn.accept(Lcom/android/dx/ssa/SsaInsn$Visitor;)V @ 9

Internal exceptions (10 events):
Event: 2.646 Thread 0x00000000021ed800 Threw 0x00000000eb7899b8 at C:\re\jdk7u79\2331\hotspot\src\share\vm\prims\jvm.cpp:1304
Event: 2.662 Thread 0x00000000021ed800 Threw 0x00000000eb78eef8 at C:\re\jdk7u79\2331\hotspot\src\share\vm\prims\jvm.cpp:1304
Event: 2.663 Thread 0x00000000021ed800 Threw 0x00000000eb7927e0 at C:\re\jdk7u79\2331\hotspot\src\share\vm\prims\jvm.cpp:1304
Event: 2.683 Thread 0x0000000009dd5000 Threw 0x00000000eb6695a8 at C:\re\jdk7u79\2331\hotspot\src\share\vm\prims\jvm.cpp:1304
Event: 2.684 Thread 0x0000000009dd4800 Threw 0x00000000eb3fad90 at C:\re\jdk7u79\2331\hotspot\src\share\vm\prims\jvm.cpp:1304
Event: 2.685 Thread 0x00000000021ed800 Threw 0x00000000eb79f268 at C:\re\jdk7u79\2331\hotspot\src\share\vm\prims\jvm.cpp:1304
Event: 2.773 Thread 0x0000000009dc4000 Threw 0x00000000eb96e098 at C:\re\jdk7u79\2331\hotspot\src\share\vm\prims\jvm.cpp:1304
Event: 2.816 Thread 0x0000000009dd5000 Threw 0x00000000ebb19cb0 at C:\re\jdk7u79\2331\hotspot\src\share\vm\prims\jvm.cpp:1304
Event: 3.046 Thread 0x0000000009dc4000 Threw 0x00000000ec739388 at C:\re\jdk7u79\2331\hotspot\src\share\vm\prims\jvm.cpp:1304
Event: 3.221 Thread 0x00000000021ed800 Threw 0x00000000eacecdd0 at C:\re\jdk7u79\2331\hotspot\src\share\vm\prims\jvm.cpp:1304

Events (10 events):
Event: 2.849 Thread 0x0000000009dd4800 DEOPT UNPACKING pc=0x00000000024275a4 sp=0x000000000a23e8f0 mode 2
Event: 2.852 Thread 0x0000000009dd4800 Uncommon trap: trap_request=0xffffffde fr.pc=0x000000000246bc58
Event: 2.852 Thread 0x0000000009dd4800 DEOPT PACKING pc=0x000000000246bc58 sp=0x000000000a23e9a0
Event: 2.852 Thread 0x0000000009dd4800 DEOPT UNPACKING pc=0x00000000024275a4 sp=0x000000000a23e8f0 mode 2
Event: 3.046 loading class 0x0000000009bca2a0
Event: 3.046 loading class 0x0000000009bca2a0 done
Event: 3.159 Executing VM operation: ParallelGCFailedAllocation
Event: 3.168 Executing VM operation: ParallelGCFailedAllocation done
Event: 3.221 loading class 0x0000000009b824a0
Event: 3.221 loading class 0x0000000009b824a0 done


Dynamic libraries:
0x00007ff62e850000 - 0x00007ff62e883000 	C:\Program Files\Java\jdk1.7.0_79\bin\java.exe
0x00007ffa50010000 - 0x00007ffa501d2000 	C:\WINDOWS\SYSTEM32\ntdll.dll
0x00007ffa4fb70000 - 0x00007ffa4fc1d000 	C:\WINDOWS\system32\KERNEL32.DLL
0x00007ffa4ccc0000 - 0x00007ffa4ce9d000 	C:\WINDOWS\system32\KERNELBASE.dll
0x00007ffa4e370000 - 0x00007ffa4e416000 	C:\WINDOWS\system32\ADVAPI32.dll
0x00007ffa4e420000 - 0x00007ffa4e4bd000 	C:\WINDOWS\system32\msvcrt.dll
0x00007ffa4d6a0000 - 0x00007ffa4d6fb000 	C:\WINDOWS\system32\sechost.dll
0x00007ffa4dfc0000 - 0x00007ffa4e0e6000 	C:\WINDOWS\system32\RPCRT4.dll
0x00007ffa4fec0000 - 0x00007ffa5000e000 	C:\WINDOWS\system32\USER32.dll
0x00007ffa4d950000 - 0x00007ffa4dad6000 	C:\WINDOWS\system32\GDI32.dll
0x00007ffa47040000 - 0x00007ffa472b4000 	C:\WINDOWS\WinSxS\amd64_microsoft.windows.common-controls_6595b64144ccf1df_6.0.10240.16384_none_f41f7b285750ef43\COMCTL32.dll
0x00007ffa4e320000 - 0x00007ffa4e356000 	C:\WINDOWS\system32\IMM32.DLL
0x00007ffa4dc90000 - 0x00007ffa4ddec000 	C:\WINDOWS\system32\MSCTF.dll
0x0000000053b20000 - 0x0000000053bf2000 	C:\Program Files\Java\jdk1.7.0_79\jre\bin\msvcr100.dll
0x0000000051d10000 - 0x00000000524e5000 	C:\Program Files\Java\jdk1.7.0_79\jre\bin\server\jvm.dll
0x00007ffa4e150000 - 0x00007ffa4e158000 	C:\WINDOWS\system32\PSAPI.DLL
0x00007ffa4a4b0000 - 0x00007ffa4a4b9000 	C:\WINDOWS\SYSTEM32\WSOCK32.dll
0x00007ffa4e2b0000 - 0x00007ffa4e319000 	C:\WINDOWS\system32\WS2_32.dll
0x00007ffa4fb00000 - 0x00007ffa4fb08000 	C:\WINDOWS\system32\NSI.dll
0x00007ffa4add0000 - 0x00007ffa4adf3000 	C:\WINDOWS\SYSTEM32\WINMM.dll
0x00007ffa4ada0000 - 0x00007ffa4adcc000 	C:\WINDOWS\SYSTEM32\WINMMBASE.dll
0x00007ffa4cc10000 - 0x00007ffa4cc54000 	C:\WINDOWS\system32\cfgmgr32.dll
0x00007ffa4b2d0000 - 0x00007ffa4b2f7000 	C:\WINDOWS\SYSTEM32\DEVOBJ.dll
0x0000000053b10000 - 0x0000000053b1f000 	C:\Program Files\Java\jdk1.7.0_79\jre\bin\verify.dll
0x0000000053ae0000 - 0x0000000053b08000 	C:\Program Files\Java\jdk1.7.0_79\jre\bin\java.dll
0x0000000053ac0000 - 0x0000000053ad5000 	C:\Program Files\Java\jdk1.7.0_79\jre\bin\zip.dll
0x0000000053aa0000 - 0x0000000053aba000 	C:\Program Files\Java\jdk1.7.0_79\jre\bin\net.dll
0x00007ffa4c270000 - 0x00007ffa4c2cd000 	C:\WINDOWS\system32\mswsock.dll
0x0000000053a80000 - 0x0000000053a91000 	C:\Program Files\Java\jdk1.7.0_79\jre\bin\nio.dll

VM Arguments:
jvm_args: -Djava.awt.headless=true -Xmx1024M -Dfile.encoding=windows-1252 -Duser.country=IN -Duser.language=en -Duser.variant 
java_command: com.android.dx.command.Main --dex --force-jumbo --num-threads=4 --multi-dex --output F:\AndroidProject\OneTouch\app\build\intermediates\transforms\dex\debug\folders\1000\10\com.google.android.gms-play-services-wearable-9.0.2_39bcdfee2655fa16c53729cff73266c654399aa1 F:\AndroidProject\OneTouch\app\build\intermediates\exploded-aar\com.google.android.gms\play-services-wearable\9.0.2\jars\classes.jar
Launcher Type: SUN_STANDARD

Environment Variables:
PATH=C:\oraclexe\app\oracle\product\10.2.0\server\bin;C:\ProgramData\Oracle\Java\javapath;C:\Program Files (x86)\Lenovo\FusionEngine;C:\Program Files (x86)\Intel\iCLS Client\;C:\Program Files\Intel\iCLS Client\;C:\WINDOWS\system32;C:\WINDOWS;C:\WINDOWS\System32\Wbem;C:\WINDOWS\System32\WindowsPowerShell\v1.0\;C:\Program Files\Intel\Intel(R) Management Engine Components\DAL;C:\Program Files\Intel\Intel(R) Management Engine Components\IPT;C:\Program Files (x86)\Intel\Intel(R) Management Engine Components\DAL;C:\Program Files (x86)\Intel\Intel(R) Management Engine Components\IPT;C:\Program Files (x86)\NVIDIA Corporation\PhysX\Common;C:\Program Files (x86)\Common Files\lenovo\easyplussdk\bin;C:\WINDOWS\system32;C:\WINDOWS;C:\WINDOWS\System32\Wbem;C:\WINDOWS\System32\WindowsPowerShell\v1.0\;C:\WINDOWS\system32\config\systemprofile\.dnx\bin;C:\Program Files\Microsoft DNX\Dnvm\;C:\Program Files\Calibre2\;C:\Program Files\Microsoft SQL Server\Client SDK\ODBC\110\Tools\Binn\;C:\Program Files (x86)\Microsoft SQL Server\120\Tools\Binn\ManagementStudio\;C:\Program Files (x86)\Microsoft SQL Server\120\Tools\Binn\;C:\Program Files\Microsoft SQL Server\120\Tools\Binn\;C:\Program Files (x86)\Microsoft SQL Server\120\DTS\Binn\;C:\Program Files\Microsoft SQL Server\120\DTS\Binn\;C:\Program Files (x86)\Skype\Phone\;C:\TDM-GCC-64\bin
USERNAME=Gulzar
OS=Windows_NT
PROCESSOR_IDENTIFIER=Intel64 Family 6 Model 69 Stepping 1, GenuineIntel



---------------  S Y S T E M  ---------------

OS: Windows 8.1 , 64 bit Build 9600 

CPU:total 4 (2 cores per cpu, 2 threads per core) family 6 model 69 stepping 1, cmov, cx8, fxsr, mmx, sse, sse2, sse3, ssse3, sse4.1, sse4.2, popcnt, avx, avx2, aes, erms, ht, tsc, tscinvbit

Memory: 4k page, physical 8278296k(1923536k free), swap 33444120k(5180k free)

vm_info: Java HotSpot(TM) 64-Bit Server VM (24.79-b02) for windows-amd64 JRE (1.7.0_79-b15), built on Apr 10 2015 12:36:16 by "java_re" with unknown MS VC++:1600

time: Mon Sep 05 23:35:51 2016
elapsed time: 3 seconds

