#
# There is insufficient memory for the Java Runtime Environment to continue.
# Native memory allocation (malloc) failed to allocate 466832 bytes for Chunk::new
# Possible reasons:
#   The system is out of physical RAM or swap space
#   In 32 bit mode, the process size limit was hit
# Possible solutions:
#   Reduce memory load on the system
#   Increase physical memory or swap space
#   Check if swap backing store is full
#   Use 64 bit Java on a 64 bit OS
#   Decrease Java heap size (-Xmx/-Xms)
#   Decrease number of Java threads
#   Decrease Java thread stack sizes (-Xss)
#   Set larger code cache with -XX:ReservedCodeCacheSize=
# This output file may be truncated or incomplete.
#
#  Out of Memory Error (allocation.cpp:323), pid=128952, tid=54820
#
# JRE version: Java(TM) SE Runtime Environment (7.0_79-b15) (build 1.7.0_79-b15)
# Java VM: Java HotSpot(TM) 64-Bit Server VM (24.79-b02 mixed mode windows-amd64 compressed oops)
# Failed to write core dump. Minidumps are not enabled by default on client versions of Windows
#

---------------  T H R E A D  ---------------

Current thread (0x000000000875f800):  JavaThread "C2 CompilerThread1" daemon [_thread_in_native, id=54820, stack(0x0000000009df0000,0x0000000009ef0000)]

Stack: [0x0000000009df0000,0x0000000009ef0000]
[error occurred during error reporting (printing stack bounds), id 0xc0000005]


Current CompileTask:
C2:   3456  358   !         com.android.dx.cf.code.Ropper::processBlock (1101 bytes)


---------------  P R O C E S S  ---------------

Java Threads: ( => current thread )
  0x000000000a3f2000 JavaThread "pool-2-thread-4" [_thread_in_Java, id=55300, stack(0x000000000a8f0000,0x000000000a9f0000)]
  0x000000000a3eb000 JavaThread "pool-2-thread-3" [_thread_in_Java, id=50688, stack(0x000000000a7f0000,0x000000000a8f0000)]
  0x000000000a3e8800 JavaThread "pool-2-thread-2" [_thread_in_vm, id=52852, stack(0x000000000a6f0000,0x000000000a7f0000)]
  0x000000000a3bc800 JavaThread "pool-3-thread-1" [_thread_blocked, id=53588, stack(0x000000000a5f0000,0x000000000a6f0000)]
  0x000000000a3bb800 JavaThread "pool-2-thread-1" [_thread_in_vm, id=53876, stack(0x000000000a4f0000,0x000000000a5f0000)]
  0x0000000008762000 JavaThread "Service Thread" daemon [_thread_blocked, id=54892, stack(0x0000000009ef0000,0x0000000009ff0000)]
=>0x000000000875f800 JavaThread "C2 CompilerThread1" daemon [_thread_in_native, id=54820, stack(0x0000000009df0000,0x0000000009ef0000)]
  0x0000000008755800 JavaThread "C2 CompilerThread0" daemon [_thread_in_native, id=53696, stack(0x0000000009cf0000,0x0000000009df0000)]
  0x0000000008754800 JavaThread "Attach Listener" daemon [_thread_blocked, id=55088, stack(0x0000000009bf0000,0x0000000009cf0000)]
  0x0000000008751800 JavaThread "Signal Dispatcher" daemon [_thread_blocked, id=55904, stack(0x0000000009af0000,0x0000000009bf0000)]
  0x000000000871f000 JavaThread "Finalizer" daemon [_thread_blocked, id=53648, stack(0x00000000099f0000,0x0000000009af0000)]
  0x0000000008716000 JavaThread "Reference Handler" daemon [_thread_blocked, id=52060, stack(0x00000000098f0000,0x00000000099f0000)]
  0x0000000000d2d800 JavaThread "main" [_thread_in_Java, id=52928, stack(0x0000000002780000,0x0000000002880000)]

Other Threads:
  0x0000000008711000 VMThread [stack: 0x00000000097f0000,0x00000000098f0000] [id=53872]
  0x0000000008774000 WatcherThread [stack: 0x0000000009ff0000,0x000000000a0f0000] [id=53700]

VM state:not at safepoint (normal execution)

VM Mutex/Monitor currently owned by a thread: None

Heap
 PSYoungGen      total 38400K, used 15075K [0x00000000eaa80000, 0x00000000ed500000, 0x0000000100000000)
  eden space 33280K, 29% used [0x00000000eaa80000,0x00000000eb43b128,0x00000000ecb00000)
  from space 5120K, 99% used [0x00000000ed000000,0x00000000ed4fdb88,0x00000000ed500000)
  to   space 5120K, 0% used [0x00000000ecb00000,0x00000000ecb00000,0x00000000ed000000)
 ParOldGen       total 86016K, used 6107K [0x00000000c0000000, 0x00000000c5400000, 0x00000000eaa80000)
  object space 86016K, 7% used [0x00000000c0000000,0x00000000c05f6de0,0x00000000c5400000)
 PSPermGen       total 21504K, used 5881K [0x00000000bae00000, 0x00000000bc300000, 0x00000000c0000000)
  object space 21504K, 27% used [0x00000000bae00000,0x00000000bb3be658,0x00000000bc300000)

Card table byte_map: [0x0000000005980000,0x0000000005bb0000] byte_map_base: 0x00000000053a9000

Polling page: 0x0000000000d30000

Code Cache  [0x0000000002980000, 0x0000000002bf0000, 0x0000000005980000)
 total_blobs=600 nmethods=364 adapters=188 free_code_cache=47593Kb largest_free_block=48700480

Compilation events (10 events):
Event: 3.328 Thread 0x0000000008755800 nmethod 360 0x0000000002aea090 code [0x0000000002aea1e0, 0x0000000002aea478]
Event: 3.328 Thread 0x0000000008755800  361             com.android.dx.ssa.SsaRenamer$BlockRenamer$RenamingMapper::map (28 bytes)
Event: 3.329 Thread 0x0000000008755800 nmethod 361 0x0000000002ae9cd0 code [0x0000000002ae9e20, 0x0000000002ae9f08]
Event: 3.329 Thread 0x0000000008755800  362             com.android.dx.ssa.SsaMethod::getCountReachableBlocks (44 bytes)
Event: 3.334 Thread 0x0000000008755800 nmethod 362 0x0000000002af63d0 code [0x0000000002af6520, 0x0000000002af6768]
Event: 3.334 Thread 0x0000000008755800  363             com.android.dx.dex.code.RopToDop::dopFor (792 bytes)
Event: 3.355 Thread 0x0000000008755800 nmethod 363 0x0000000002b03210 code [0x0000000002b036a0, 0x0000000002b041a0]
Event: 3.355 Thread 0x0000000008755800  364             com.android.dx.cf.code.RopperMachine::jopToRopOpcode (1103 bytes)
Event: 3.373 Thread 0x0000000008755800 nmethod 364 0x0000000002b05050 code [0x0000000002b059e0, 0x0000000002b06368]
Event: 3.373 Thread 0x0000000008755800  365             com.android.dx.ssa.back.SsaToRop::convertBasicBlocks (151 bytes)

GC Heap History (4 events):
Event: 1.756 GC heap before
{Heap before GC invocations=1 (full 0):
 PSYoungGen      total 38400K, used 33280K [0x00000000eaa80000, 0x00000000ed500000, 0x0000000100000000)
  eden space 33280K, 100% used [0x00000000eaa80000,0x00000000ecb00000,0x00000000ecb00000)
  from space 5120K, 0% used [0x00000000ed000000,0x00000000ed000000,0x00000000ed500000)
  to   space 5120K, 0% used [0x00000000ecb00000,0x00000000ecb00000,0x00000000ed000000)
 ParOldGen       total 86016K, used 0K [0x00000000c0000000, 0x00000000c5400000, 0x00000000eaa80000)
  object space 86016K, 0% used [0x00000000c0000000,0x00000000c0000000,0x00000000c5400000)
 PSPermGen       total 21504K, used 5819K [0x00000000bae00000, 0x00000000bc300000, 0x00000000c0000000)
  object space 21504K, 27% used [0x00000000bae00000,0x00000000bb3aed58,0x00000000bc300000)
Event: 1.970 GC heap after
Heap after GC invocations=1 (full 0):
 PSYoungGen      total 38400K, used 5119K [0x00000000eaa80000, 0x00000000ed500000, 0x0000000100000000)
  eden space 33280K, 0% used [0x00000000eaa80000,0x00000000eaa80000,0x00000000ecb00000)
  from space 5120K, 99% used [0x00000000ecb00000,0x00000000ecffff20,0x00000000ed000000)
  to   space 5120K, 0% used [0x00000000ed000000,0x00000000ed000000,0x00000000ed500000)
 ParOldGen       total 86016K, used 1409K [0x00000000c0000000, 0x00000000c5400000, 0x00000000eaa80000)
  object space 86016K, 1% used [0x00000000c0000000,0x00000000c01606d0,0x00000000c5400000)
 PSPermGen       total 21504K, used 5819K [0x00000000bae00000, 0x00000000bc300000, 0x00000000c0000000)
  object space 21504K, 27% used [0x00000000bae00000,0x00000000bb3aed58,0x00000000bc300000)
}
Event: 3.266 GC heap before
{Heap before GC invocations=2 (full 0):
 PSYoungGen      total 38400K, used 38399K [0x00000000eaa80000, 0x00000000ed500000, 0x0000000100000000)
  eden space 33280K, 100% used [0x00000000eaa80000,0x00000000ecb00000,0x00000000ecb00000)
  from space 5120K, 99% used [0x00000000ecb00000,0x00000000ecffff20,0x00000000ed000000)
  to   space 5120K, 0% used [0x00000000ed000000,0x00000000ed000000,0x00000000ed500000)
 ParOldGen       total 86016K, used 1409K [0x00000000c0000000, 0x00000000c5400000, 0x00000000eaa80000)
  object space 86016K, 1% used [0x00000000c0000000,0x00000000c01606d0,0x00000000c5400000)
 PSPermGen       total 21504K, used 5876K [0x00000000bae00000, 0x00000000bc300000, 0x00000000c0000000)
  object space 21504K, 27% used [0x00000000bae00000,0x00000000bb3bd3a0,0x00000000bc300000)
Event: 3.297 GC heap after
Heap after GC invocations=2 (full 0):
 PSYoungGen      total 38400K, used 5110K [0x00000000eaa80000, 0x00000000ed500000, 0x0000000100000000)
  eden space 33280K, 0% used [0x00000000eaa80000,0x00000000eaa80000,0x00000000ecb00000)
  from space 5120K, 99% used [0x00000000ed000000,0x00000000ed4fdb88,0x00000000ed500000)
  to   space 5120K, 0% used [0x00000000ecb00000,0x00000000ecb00000,0x00000000ed000000)
 ParOldGen       total 86016K, used 6107K [0x00000000c0000000, 0x00000000c5400000, 0x00000000eaa80000)
  object space 86016K, 7% used [0x00000000c0000000,0x00000000c05f6de0,0x00000000c5400000)
 PSPermGen       total 21504K, used 5876K [0x00000000bae00000, 0x00000000bc300000, 0x00000000c0000000)
  object space 21504K, 27% used [0x00000000bae00000,0x00000000bb3bd3a0,0x00000000bc300000)
}

Deoptimization events (10 events):
Event: 2.751 Thread 0x000000000a3f2000 Uncommon trap: reason=bimorphic action=maybe_recompile pc=0x0000000002a7577c method=com.android.dx.ssa.SCCP.simulatePhi(Lcom/android/dx/ssa/PhiInsn;)V @ 124
Event: 2.756 Thread 0x000000000a3f2000 Uncommon trap: reason=bimorphic action=maybe_recompile pc=0x0000000002a7577c method=com.android.dx.ssa.SCCP.simulatePhi(Lcom/android/dx/ssa/PhiInsn;)V @ 124
Event: 2.756 Thread 0x000000000a3f2000 Uncommon trap: reason=bimorphic action=maybe_recompile pc=0x0000000002a7577c method=com.android.dx.ssa.SCCP.simulatePhi(Lcom/android/dx/ssa/PhiInsn;)V @ 124
Event: 2.768 Thread 0x000000000a3f2000 Uncommon trap: reason=null_check action=make_not_entrant pc=0x0000000002aa2824 method=com.android.dx.cf.code.Ropper$CatchInfo.getSetup(Lcom/android/dx/rop/type/Type;)Lcom/android/dx/cf/code/Ropper$ExceptionHandlerSetup; @ 10
Event: 2.775 Thread 0x000000000a3f2000 Uncommon trap: reason=bimorphic action=maybe_recompile pc=0x0000000002a8a0c0 method=com.android.dx.ssa.SCCP.simulatePhi(Lcom/android/dx/ssa/PhiInsn;)V @ 124
Event: 3.171 Thread 0x0000000000d2d800 Uncommon trap: reason=null_check action=make_not_entrant pc=0x0000000002abe3f0 method=com.android.dx.rop.type.Type.putIntern(Lcom/android/dx/rop/type/Type;)Lcom/android/dx/rop/type/Type; @ 18
Event: 3.422 Thread 0x000000000a3bb800 Uncommon trap: reason=bimorphic action=maybe_recompile pc=0x0000000002acaee4 method=com.android.dx.cf.code.BytecodeArray.parseInstruction(ILcom/android/dx/cf/code/BytecodeArray$Visitor;)I @ 1357
Event: 3.422 Thread 0x000000000a3bb800 Uncommon trap: reason=bimorphic action=maybe_recompile pc=0x0000000002acaee4 method=com.android.dx.cf.code.BytecodeArray.parseInstruction(ILcom/android/dx/cf/code/BytecodeArray$Visitor;)I @ 1357
Event: 3.423 Thread 0x000000000a3bb800 Uncommon trap: reason=bimorphic action=maybe_recompile pc=0x0000000002ac9e7c method=com.android.dx.cf.code.BytecodeArray.parseInstruction(ILcom/android/dx/cf/code/BytecodeArray$Visitor;)I @ 1501
Event: 3.424 Thread 0x000000000a3bb800 Uncommon trap: reason=bimorphic action=maybe_recompile pc=0x0000000002ac9e7c method=com.android.dx.cf.code.BytecodeArray.parseInstruction(ILcom/android/dx/cf/code/BytecodeArray$Visitor;)I @ 1501

Internal exceptions (10 events):
Event: 0.607 Thread 0x000000000a3e8800 Threw 0x00000000eb76aa50 at C:\re\jdk7u79\2331\hotspot\src\share\vm\prims\jvm.cpp:1304
Event: 0.609 Thread 0x000000000a3e8800 Threw 0x00000000eb771960 at C:\re\jdk7u79\2331\hotspot\src\share\vm\prims\jvm.cpp:1304
Event: 0.635 Thread 0x000000000a3bb800 Threw 0x00000000eb2bb3f0 at C:\re\jdk7u79\2331\hotspot\src\share\vm\prims\jvm.cpp:1304
Event: 0.665 Thread 0x0000000000d2d800 Threw 0x00000000eb89d1f0 at C:\re\jdk7u79\2331\hotspot\src\share\vm\prims\jvm.cpp:1304
Event: 0.822 Thread 0x000000000a3f2000 Threw 0x00000000ebcbf318 at C:\re\jdk7u79\2331\hotspot\src\share\vm\prims\jvm.cpp:1304
Event: 1.138 Thread 0x0000000000d2d800 Threw 0x00000000ec482268 at C:\re\jdk7u79\2331\hotspot\src\share\vm\prims\jvm.cpp:1304
Event: 1.514 Thread 0x000000000a3e8800 Threw 0x00000000ec951f50 at C:\re\jdk7u79\2331\hotspot\src\share\vm\prims\jvm.cpp:1304
Event: 2.768 Thread 0x000000000a3f2000 Implicit null exception at 0x0000000002aa09a8 to 0x0000000002aa280d
Event: 3.171 Thread 0x0000000000d2d800 Implicit null exception at 0x0000000002abdcdf to 0x0000000002abe3e1
Event: 3.171 Thread 0x0000000000d2d800 Threw 0x00000000ec0d97e8 at C:\re\jdk7u79\2331\hotspot\src\share\vm\prims\jvm.cpp:1304

Events (10 events):
Event: 3.422 Thread 0x000000000a3bb800 DEOPT UNPACKING pc=0x00000000029b75a4 sp=0x000000000a5eeab0 mode 2
Event: 3.422 Thread 0x000000000a3bb800 Uncommon trap: trap_request=0xffffffc6 fr.pc=0x0000000002acaee4
Event: 3.422 Thread 0x000000000a3bb800 DEOPT PACKING pc=0x0000000002acaee4 sp=0x000000000a5eeb20
Event: 3.422 Thread 0x000000000a3bb800 DEOPT UNPACKING pc=0x00000000029b75a4 sp=0x000000000a5eeac0 mode 2
Event: 3.423 Thread 0x000000000a3bb800 Uncommon trap: trap_request=0xffffffc6 fr.pc=0x0000000002ac9e7c
Event: 3.423 Thread 0x000000000a3bb800 DEOPT PACKING pc=0x0000000002ac9e7c sp=0x000000000a5eeb10
Event: 3.423 Thread 0x000000000a3bb800 DEOPT UNPACKING pc=0x00000000029b75a4 sp=0x000000000a5eeab0 mode 2
Event: 3.424 Thread 0x000000000a3bb800 Uncommon trap: trap_request=0xffffffc6 fr.pc=0x0000000002ac9e7c
Event: 3.424 Thread 0x000000000a3bb800 DEOPT PACKING pc=0x0000000002ac9e7c sp=0x000000000a5eeb20
Event: 3.424 Thread 0x000000000a3bb800 DEOPT UNPACKING pc=0x00000000029b75a4 sp=0x000000000a5eeac0 mode 2


Dynamic libraries:
0x00007ff62e850000 - 0x00007ff62e883000 	C:\Program Files\Java\jdk1.7.0_79\bin\java.exe
0x00007ffa50010000 - 0x00007ffa501d2000 	C:\WINDOWS\SYSTEM32\ntdll.dll
0x00007ffa4fb70000 - 0x00007ffa4fc1d000 	C:\WINDOWS\system32\KERNEL32.DLL
0x00007ffa4ccc0000 - 0x00007ffa4ce9d000 	C:\WINDOWS\system32\KERNELBASE.dll
0x00007ffa4e370000 - 0x00007ffa4e416000 	C:\WINDOWS\system32\ADVAPI32.dll
0x00007ffa4e420000 - 0x00007ffa4e4bd000 	C:\WINDOWS\system32\msvcrt.dll
0x00007ffa4d6a0000 - 0x00007ffa4d6fb000 	C:\WINDOWS\system32\sechost.dll
0x00007ffa4dfc0000 - 0x00007ffa4e0e6000 	C:\WINDOWS\system32\RPCRT4.dll
0x00007ffa4fec0000 - 0x00007ffa5000e000 	C:\WINDOWS\system32\USER32.dll
0x00007ffa4d950000 - 0x00007ffa4dad6000 	C:\WINDOWS\system32\GDI32.dll
0x00007ffa47040000 - 0x00007ffa472b4000 	C:\WINDOWS\WinSxS\amd64_microsoft.windows.common-controls_6595b64144ccf1df_6.0.10240.16384_none_f41f7b285750ef43\COMCTL32.dll
0x00007ffa4e320000 - 0x00007ffa4e356000 	C:\WINDOWS\system32\IMM32.DLL
0x00007ffa4dc90000 - 0x00007ffa4ddec000 	C:\WINDOWS\system32\MSCTF.dll
0x0000000052bc0000 - 0x0000000052c92000 	C:\Program Files\Java\jdk1.7.0_79\jre\bin\msvcr100.dll
0x0000000051d10000 - 0x00000000524e5000 	C:\Program Files\Java\jdk1.7.0_79\jre\bin\server\jvm.dll
0x00007ffa4e150000 - 0x00007ffa4e158000 	C:\WINDOWS\system32\PSAPI.DLL
0x00007ffa4a4b0000 - 0x00007ffa4a4b9000 	C:\WINDOWS\SYSTEM32\WSOCK32.dll
0x00007ffa4e2b0000 - 0x00007ffa4e319000 	C:\WINDOWS\system32\WS2_32.dll
0x00007ffa4fb00000 - 0x00007ffa4fb08000 	C:\WINDOWS\system32\NSI.dll
0x00007ffa4add0000 - 0x00007ffa4adf3000 	C:\WINDOWS\SYSTEM32\WINMM.dll
0x00007ffa4ada0000 - 0x00007ffa4adcc000 	C:\WINDOWS\SYSTEM32\WINMMBASE.dll
0x00007ffa4cc10000 - 0x00007ffa4cc54000 	C:\WINDOWS\system32\cfgmgr32.dll
0x00007ffa4b2d0000 - 0x00007ffa4b2f7000 	C:\WINDOWS\SYSTEM32\DEVOBJ.dll
0x0000000052f70000 - 0x0000000052f7f000 	C:\Program Files\Java\jdk1.7.0_79\jre\bin\verify.dll
0x0000000052f40000 - 0x0000000052f68000 	C:\Program Files\Java\jdk1.7.0_79\jre\bin\java.dll
0x0000000052e70000 - 0x0000000052e85000 	C:\Program Files\Java\jdk1.7.0_79\jre\bin\zip.dll
0x0000000052e50000 - 0x0000000052e6a000 	C:\Program Files\Java\jdk1.7.0_79\jre\bin\net.dll
0x00007ffa4c270000 - 0x00007ffa4c2cd000 	C:\WINDOWS\system32\mswsock.dll
0x0000000052ba0000 - 0x0000000052bb1000 	C:\Program Files\Java\jdk1.7.0_79\jre\bin\nio.dll

VM Arguments:
jvm_args: -Djava.awt.headless=true -Xmx1024M -Dfile.encoding=windows-1252 -Duser.country=IN -Duser.language=en -Duser.variant 
java_command: com.android.dx.command.Main --dex --force-jumbo --num-threads=4 --multi-dex --output F:\AndroidProject\OneTouch\app\build\intermediates\transforms\dex\debug\folders\1000\10\com.google.firebase-firebase-database-9.0.2_d2f1d912833eac35783e4423274be402a3a13801 F:\AndroidProject\OneTouch\app\build\intermediates\exploded-aar\com.google.firebase\firebase-database\9.0.2\jars\classes.jar
Launcher Type: SUN_STANDARD

Environment Variables:
PATH=C:\oraclexe\app\oracle\product\10.2.0\server\bin;C:\ProgramData\Oracle\Java\javapath;C:\Program Files (x86)\Lenovo\FusionEngine;C:\Program Files (x86)\Intel\iCLS Client\;C:\Program Files\Intel\iCLS Client\;C:\WINDOWS\system32;C:\WINDOWS;C:\WINDOWS\System32\Wbem;C:\WINDOWS\System32\WindowsPowerShell\v1.0\;C:\Program Files\Intel\Intel(R) Management Engine Components\DAL;C:\Program Files\Intel\Intel(R) Management Engine Components\IPT;C:\Program Files (x86)\Intel\Intel(R) Management Engine Components\DAL;C:\Program Files (x86)\Intel\Intel(R) Management Engine Components\IPT;C:\Program Files (x86)\NVIDIA Corporation\PhysX\Common;C:\Program Files (x86)\Common Files\lenovo\easyplussdk\bin;C:\WINDOWS\system32;C:\WINDOWS;C:\WINDOWS\System32\Wbem;C:\WINDOWS\System32\WindowsPowerShell\v1.0\;C:\WINDOWS\system32\config\systemprofile\.dnx\bin;C:\Program Files\Microsoft DNX\Dnvm\;C:\Program Files\Calibre2\;C:\Program Files\Microsoft SQL Server\Client SDK\ODBC\110\Tools\Binn\;C:\Program Files (x86)\Microsoft SQL Server\120\Tools\Binn\ManagementStudio\;C:\Program Files (x86)\Microsoft SQL Server\120\Tools\Binn\;C:\Program Files\Microsoft SQL Server\120\Tools\Binn\;C:\Program Files (x86)\Microsoft SQL Server\120\DTS\Binn\;C:\Program Files\Microsoft SQL Server\120\DTS\Binn\;C:\Program Files (x86)\Skype\Phone\;C:\TDM-GCC-64\bin
USERNAME=Gulzar
OS=Windows_NT
PROCESSOR_IDENTIFIER=Intel64 Family 6 Model 69 Stepping 1, GenuineIntel



---------------  S Y S T E M  ---------------

OS: Windows 8.1 , 64 bit Build 9600 

CPU:total 4 (2 cores per cpu, 2 threads per core) family 6 model 69 stepping 1, cmov, cx8, fxsr, mmx, sse, sse2, sse3, ssse3, sse4.1, sse4.2, popcnt, avx, avx2, aes, erms, ht, tsc, tscinvbit

Memory: 4k page, physical 8278296k(2242524k free), swap 33444120k(4144k free)

vm_info: Java HotSpot(TM) 64-Bit Server VM (24.79-b02) for windows-amd64 JRE (1.7.0_79-b15), built on Apr 10 2015 12:36:16 by "java_re" with unknown MS VC++:1600

time: Tue Sep 06 00:43:10 2016
elapsed time: 3 seconds

