#
# There is insufficient memory for the Java Runtime Environment to continue.
# Native memory allocation (malloc) failed to allocate 1450496 bytes for Chunk::new
# Possible reasons:
#   The system is out of physical RAM or swap space
#   In 32 bit mode, the process size limit was hit
# Possible solutions:
#   Reduce memory load on the system
#   Increase physical memory or swap space
#   Check if swap backing store is full
#   Use 64 bit Java on a 64 bit OS
#   Decrease Java heap size (-Xmx/-Xms)
#   Decrease number of Java threads
#   Decrease Java thread stack sizes (-Xss)
#   Set larger code cache with -XX:ReservedCodeCacheSize=
# This output file may be truncated or incomplete.
#
#  Out of Memory Error (allocation.cpp:323), pid=113084, tid=118296
#
# JRE version: Java(TM) SE Runtime Environment (7.0_79-b15) (build 1.7.0_79-b15)
# Java VM: Java HotSpot(TM) 64-Bit Server VM (24.79-b02 mixed mode windows-amd64 compressed oops)
# Failed to write core dump. Minidumps are not enabled by default on client versions of Windows
#

---------------  T H R E A D  ---------------

Current thread (0x0000000008565000):  JavaThread "C2 CompilerThread0" daemon [_thread_in_native, id=118296, stack(0x0000000009af0000,0x0000000009bf0000)]

Stack: [0x0000000009af0000,0x0000000009bf0000]
[error occurred during error reporting (printing stack bounds), id 0xc0000005]


Current CompileTask:
C2:   2422  283   !         com.android.dx.cf.code.BytecodeArray::parseInstruction (2764 bytes)


---------------  P R O C E S S  ---------------

Java Threads: ( => current thread )
  0x000000000a047000 JavaThread "pool-2-thread-4" [_thread_in_vm, id=110936, stack(0x000000000a6f0000,0x000000000a7f0000)]
  0x000000000a044000 JavaThread "pool-2-thread-3" [_thread_in_Java, id=113588, stack(0x000000000a5f0000,0x000000000a6f0000)]
  0x000000000a049000 JavaThread "pool-2-thread-2" [_thread_in_vm, id=130576, stack(0x000000000a4f0000,0x000000000a5f0000)]
  0x000000000a0bf000 JavaThread "pool-3-thread-1" [_thread_blocked, id=122568, stack(0x000000000a3f0000,0x000000000a4f0000)]
  0x000000000a0bc000 JavaThread "pool-2-thread-1" [_thread_in_Java, id=125436, stack(0x000000000a2f0000,0x000000000a3f0000)]
  0x0000000008575000 JavaThread "Service Thread" daemon [_thread_blocked, id=105208, stack(0x0000000009cf0000,0x0000000009df0000)]
  0x000000000856f000 JavaThread "C2 CompilerThread1" daemon [_thread_in_native, id=129236, stack(0x0000000009bf0000,0x0000000009cf0000)]
=>0x0000000008565000 JavaThread "C2 CompilerThread0" daemon [_thread_in_native, id=118296, stack(0x0000000009af0000,0x0000000009bf0000)]
  0x0000000008564000 JavaThread "Attach Listener" daemon [_thread_blocked, id=132788, stack(0x00000000099f0000,0x0000000009af0000)]
  0x0000000008561000 JavaThread "Signal Dispatcher" daemon [_thread_blocked, id=132056, stack(0x00000000098f0000,0x00000000099f0000)]
  0x000000000852f800 JavaThread "Finalizer" daemon [_thread_blocked, id=130112, stack(0x00000000097f0000,0x00000000098f0000)]
  0x0000000008526000 JavaThread "Reference Handler" daemon [_thread_blocked, id=129264, stack(0x00000000096f0000,0x00000000097f0000)]
  0x00000000024ad800 JavaThread "main" [_thread_in_vm, id=137068, stack(0x00000000024b0000,0x00000000025b0000)]

Other Threads:
  0x0000000008521000 VMThread [stack: 0x00000000095f0000,0x00000000096f0000] [id=132548]
  0x0000000008583800 WatcherThread [stack: 0x0000000009df0000,0x0000000009ef0000] [id=122548]

VM state:not at safepoint (normal execution)

VM Mutex/Monitor currently owned by a thread: None

Heap
 PSYoungGen      total 38400K, used 17437K [0x00000000eaa80000, 0x00000000ef580000, 0x0000000100000000)
  eden space 33280K, 37% used [0x00000000eaa80000,0x00000000eb68c368,0x00000000ecb00000)
  from space 5120K, 99% used [0x00000000ed000000,0x00000000ed4fb1d8,0x00000000ed500000)
  to   space 5120K, 0% used [0x00000000ecb00000,0x00000000ecb00000,0x00000000ed000000)
 ParOldGen       total 86016K, used 6540K [0x00000000c0000000, 0x00000000c5400000, 0x00000000eaa80000)
  object space 86016K, 7% used [0x00000000c0000000,0x00000000c06631b0,0x00000000c5400000)
 PSPermGen       total 21504K, used 5903K [0x00000000bae00000, 0x00000000bc300000, 0x00000000c0000000)
  object space 21504K, 27% used [0x00000000bae00000,0x00000000bb3c3f68,0x00000000bc300000)

Card table byte_map: [0x0000000005790000,0x00000000059c0000] byte_map_base: 0x00000000051b9000

Polling page: 0x0000000000950000

Code Cache  [0x00000000026d0000, 0x0000000002940000, 0x00000000056d0000)
 total_blobs=517 nmethods=281 adapters=188 free_code_cache=48057Kb largest_free_block=49182656

Compilation events (10 events):
Event: 2.350 Thread 0x0000000008565000 nmethod 278 0x00000000027d7b90 code [0x00000000027d7d00, 0x00000000027d7f98]
Event: 2.350 Thread 0x0000000008565000  279             com.android.dx.rop.code.RopMethod::labelToPredecessors (54 bytes)
Event: 2.351 Thread 0x0000000008565000 nmethod 279 0x00000000027e2fd0 code [0x00000000027e3120, 0x00000000027e31e8]
Event: 2.351 Thread 0x0000000008565000  280             com.android.dx.cf.code.Ropper::addExceptionSetupBlocks (203 bytes)
Event: 2.371 Thread 0x0000000008565000 nmethod 280 0x00000000027e6c10 code [0x00000000027e6e60, 0x00000000027e7810]
Event: 2.371 Thread 0x0000000008565000  281             com.android.dx.ssa.SsaMethod::indexListFromLabelList (47 bytes)
Event: 2.383 Thread 0x0000000008565000 nmethod 281 0x00000000027d6d50 code [0x00000000027d6ec0, 0x00000000027d7618]
Event: 2.383 Thread 0x0000000008565000  282             com.android.dx.cf.code.ByteOps::opInfo (6 bytes)
Event: 2.384 Thread 0x0000000008565000 nmethod 282 0x00000000027d68d0 code [0x00000000027d6a00, 0x00000000027d6a58]
Event: 2.384 Thread 0x0000000008565000  283   !         com.android.dx.cf.code.BytecodeArray::parseInstruction (2764 bytes)

GC Heap History (4 events):
Event: 1.227 GC heap before
{Heap before GC invocations=1 (full 0):
 PSYoungGen      total 38400K, used 33280K [0x00000000eaa80000, 0x00000000ed500000, 0x0000000100000000)
  eden space 33280K, 100% used [0x00000000eaa80000,0x00000000ecb00000,0x00000000ecb00000)
  from space 5120K, 0% used [0x00000000ed000000,0x00000000ed000000,0x00000000ed500000)
  to   space 5120K, 0% used [0x00000000ecb00000,0x00000000ecb00000,0x00000000ed000000)
 ParOldGen       total 86016K, used 0K [0x00000000c0000000, 0x00000000c5400000, 0x00000000eaa80000)
  object space 86016K, 0% used [0x00000000c0000000,0x00000000c0000000,0x00000000c5400000)
 PSPermGen       total 21504K, used 5821K [0x00000000bae00000, 0x00000000bc300000, 0x00000000c0000000)
  object space 21504K, 27% used [0x00000000bae00000,0x00000000bb3af6b8,0x00000000bc300000)
Event: 1.238 GC heap after
Heap after GC invocations=1 (full 0):
 PSYoungGen      total 38400K, used 5092K [0x00000000eaa80000, 0x00000000ed500000, 0x0000000100000000)
  eden space 33280K, 0% used [0x00000000eaa80000,0x00000000eaa80000,0x00000000ecb00000)
  from space 5120K, 99% used [0x00000000ecb00000,0x00000000ecff92e8,0x00000000ed000000)
  to   space 5120K, 0% used [0x00000000ed000000,0x00000000ed000000,0x00000000ed500000)
 ParOldGen       total 86016K, used 1070K [0x00000000c0000000, 0x00000000c5400000, 0x00000000eaa80000)
  object space 86016K, 1% used [0x00000000c0000000,0x00000000c010b858,0x00000000c5400000)
 PSPermGen       total 21504K, used 5821K [0x00000000bae00000, 0x00000000bc300000, 0x00000000c0000000)
  object space 21504K, 27% used [0x00000000bae00000,0x00000000bb3af6b8,0x00000000bc300000)
}
Event: 2.177 GC heap before
{Heap before GC invocations=2 (full 0):
 PSYoungGen      total 38400K, used 38372K [0x00000000eaa80000, 0x00000000ed500000, 0x0000000100000000)
  eden space 33280K, 100% used [0x00000000eaa80000,0x00000000ecb00000,0x00000000ecb00000)
  from space 5120K, 99% used [0x00000000ecb00000,0x00000000ecff92e8,0x00000000ed000000)
  to   space 5120K, 0% used [0x00000000ed000000,0x00000000ed000000,0x00000000ed500000)
 ParOldGen       total 86016K, used 1070K [0x00000000c0000000, 0x00000000c5400000, 0x00000000eaa80000)
  object space 86016K, 1% used [0x00000000c0000000,0x00000000c010b858,0x00000000c5400000)
 PSPermGen       total 21504K, used 5893K [0x00000000bae00000, 0x00000000bc300000, 0x00000000c0000000)
  object space 21504K, 27% used [0x00000000bae00000,0x00000000bb3c1750,0x00000000bc300000)
Event: 2.218 GC heap after
Heap after GC invocations=2 (full 0):
 PSYoungGen      total 38400K, used 5100K [0x00000000eaa80000, 0x00000000ef580000, 0x0000000100000000)
  eden space 33280K, 0% used [0x00000000eaa80000,0x00000000eaa80000,0x00000000ecb00000)
  from space 5120K, 99% used [0x00000000ed000000,0x00000000ed4fb1d8,0x00000000ed500000)
  to   space 5120K, 0% used [0x00000000ecb00000,0x00000000ecb00000,0x00000000ed000000)
 ParOldGen       total 86016K, used 6540K [0x00000000c0000000, 0x00000000c5400000, 0x00000000eaa80000)
  object space 86016K, 7% used [0x00000000c0000000,0x00000000c06631b0,0x00000000c5400000)
 PSPermGen       total 21504K, used 5893K [0x00000000bae00000, 0x00000000bc300000, 0x00000000c0000000)
  object space 21504K, 27% used [0x00000000bae00000,0x00000000bb3c1750,0x00000000bc300000)
}

Deoptimization events (5 events):
Event: 0.718 Thread 0x000000000a044000 Uncommon trap: reason=class_check action=maybe_recompile pc=0x000000000274f2f4 method=com.android.dx.ssa.NormalSsaInsn.accept(Lcom/android/dx/ssa/SsaInsn$Visitor;)V @ 9
Event: 0.800 Thread 0x000000000a0bc000 Uncommon trap: reason=class_check action=maybe_recompile pc=0x000000000274f2f4 method=com.android.dx.ssa.NormalSsaInsn.accept(Lcom/android/dx/ssa/SsaInsn$Visitor;)V @ 9
Event: 1.257 Thread 0x00000000024ad800 Uncommon trap: reason=unreached action=reinterpret pc=0x0000000002790278 method=com.android.dx.ssa.SCCP.simulateBranch(Lcom/android/dx/ssa/SsaInsn;)V @ 132
Event: 1.399 Thread 0x000000000a0bc000 Uncommon trap: reason=unreached action=reinterpret pc=0x000000000275fa04 method=com.android.dx.rop.cst.Constant.compareTo(Lcom/android/dx/rop/cst/Constant;)I @ 12
Event: 2.057 Thread 0x00000000024ad800 Uncommon trap: reason=null_check action=make_not_entrant pc=0x00000000027c9dfc method=com.android.dx.cf.code.Ropper$CatchInfo.getSetup(Lcom/android/dx/rop/type/Type;)Lcom/android/dx/cf/code/Ropper$ExceptionHandlerSetup; @ 10

Internal exceptions (10 events):
Event: 0.654 Thread 0x000000000a0bc000 Threw 0x00000000eb55acf0 at C:\re\jdk7u79\2331\hotspot\src\share\vm\prims\jvm.cpp:1304
Event: 0.654 Thread 0x000000000a0bc000 Threw 0x00000000eb560540 at C:\re\jdk7u79\2331\hotspot\src\share\vm\prims\jvm.cpp:1304
Event: 0.655 Thread 0x000000000a0bc000 Threw 0x00000000eb565c78 at C:\re\jdk7u79\2331\hotspot\src\share\vm\prims\jvm.cpp:1304
Event: 0.758 Thread 0x00000000024ad800 Threw 0x00000000eb9dc100 at C:\re\jdk7u79\2331\hotspot\src\share\vm\prims\jvm.cpp:1304
Event: 0.828 Thread 0x000000000a049000 Threw 0x00000000eba85bd0 at C:\re\jdk7u79\2331\hotspot\src\share\vm\prims\jvm.cpp:1304
Event: 0.936 Thread 0x000000000a047000 Threw 0x00000000ebedf458 at C:\re\jdk7u79\2331\hotspot\src\share\vm\prims\jvm.cpp:1304
Event: 1.025 Thread 0x00000000024ad800 Threw 0x00000000ec0e7ab8 at C:\re\jdk7u79\2331\hotspot\src\share\vm\prims\jvm.cpp:1304
Event: 2.046 Thread 0x00000000024ad800 Threw 0x00000000ec480e30 at C:\re\jdk7u79\2331\hotspot\src\share\vm\prims\jvm.cpp:1304
Event: 2.057 Thread 0x00000000024ad800 Implicit null exception at 0x00000000027c7d00 to 0x00000000027c9df1
Event: 2.140 Thread 0x000000000a047000 Threw 0x00000000ec99db68 at C:\re\jdk7u79\2331\hotspot\src\share\vm\prims\jvm.cpp:1304

Events (10 events):
Event: 1.400 Thread 0x000000000a0bc000 DEOPT UNPACKING pc=0x00000000027075a4 sp=0x000000000a3ee7a0 mode 2
Event: 2.046 loading class 0x000000000a1029a0
Event: 2.046 loading class 0x000000000a1029a0 done
Event: 2.057 Thread 0x00000000024ad800 Uncommon trap: trap_request=0xfffffff4 fr.pc=0x00000000027c9dfc
Event: 2.057 Thread 0x00000000024ad800 DEOPT PACKING pc=0x00000000027c9dfc sp=0x00000000025ae7c0
Event: 2.057 Thread 0x00000000024ad800 DEOPT UNPACKING pc=0x00000000027075a4 sp=0x00000000025ae708 mode 2
Event: 2.140 loading class 0x0000000009f8b1b0
Event: 2.140 loading class 0x0000000009f8b1b0 done
Event: 2.170 Executing VM operation: ParallelGCFailedAllocation
Event: 2.218 Executing VM operation: ParallelGCFailedAllocation done


Dynamic libraries:
0x00007ff62e850000 - 0x00007ff62e883000 	C:\Program Files\Java\jdk1.7.0_79\bin\java.exe
0x00007ffa50010000 - 0x00007ffa501d2000 	C:\WINDOWS\SYSTEM32\ntdll.dll
0x00007ffa4fb70000 - 0x00007ffa4fc1d000 	C:\WINDOWS\system32\KERNEL32.DLL
0x00007ffa4ccc0000 - 0x00007ffa4ce9d000 	C:\WINDOWS\system32\KERNELBASE.dll
0x00007ffa4e370000 - 0x00007ffa4e416000 	C:\WINDOWS\system32\ADVAPI32.dll
0x00007ffa4e420000 - 0x00007ffa4e4bd000 	C:\WINDOWS\system32\msvcrt.dll
0x00007ffa4d6a0000 - 0x00007ffa4d6fb000 	C:\WINDOWS\system32\sechost.dll
0x00007ffa4dfc0000 - 0x00007ffa4e0e6000 	C:\WINDOWS\system32\RPCRT4.dll
0x00007ffa4fec0000 - 0x00007ffa5000e000 	C:\WINDOWS\system32\USER32.dll
0x00007ffa4d950000 - 0x00007ffa4dad6000 	C:\WINDOWS\system32\GDI32.dll
0x00007ffa47040000 - 0x00007ffa472b4000 	C:\WINDOWS\WinSxS\amd64_microsoft.windows.common-controls_6595b64144ccf1df_6.0.10240.16384_none_f41f7b285750ef43\COMCTL32.dll
0x00007ffa4e320000 - 0x00007ffa4e356000 	C:\WINDOWS\system32\IMM32.DLL
0x00007ffa4dc90000 - 0x00007ffa4ddec000 	C:\WINDOWS\system32\MSCTF.dll
0x0000000053b20000 - 0x0000000053bf2000 	C:\Program Files\Java\jdk1.7.0_79\jre\bin\msvcr100.dll
0x0000000051d10000 - 0x00000000524e5000 	C:\Program Files\Java\jdk1.7.0_79\jre\bin\server\jvm.dll
0x00007ffa4e150000 - 0x00007ffa4e158000 	C:\WINDOWS\system32\PSAPI.DLL
0x00007ffa4a4b0000 - 0x00007ffa4a4b9000 	C:\WINDOWS\SYSTEM32\WSOCK32.dll
0x00007ffa4e2b0000 - 0x00007ffa4e319000 	C:\WINDOWS\system32\WS2_32.dll
0x00007ffa4fb00000 - 0x00007ffa4fb08000 	C:\WINDOWS\system32\NSI.dll
0x00007ffa4add0000 - 0x00007ffa4adf3000 	C:\WINDOWS\SYSTEM32\WINMM.dll
0x00007ffa4ada0000 - 0x00007ffa4adcc000 	C:\WINDOWS\SYSTEM32\WINMMBASE.dll
0x00007ffa4cc10000 - 0x00007ffa4cc54000 	C:\WINDOWS\system32\cfgmgr32.dll
0x00007ffa4b2d0000 - 0x00007ffa4b2f7000 	C:\WINDOWS\SYSTEM32\DEVOBJ.dll
0x0000000053b10000 - 0x0000000053b1f000 	C:\Program Files\Java\jdk1.7.0_79\jre\bin\verify.dll
0x0000000053ae0000 - 0x0000000053b08000 	C:\Program Files\Java\jdk1.7.0_79\jre\bin\java.dll
0x0000000053ac0000 - 0x0000000053ad5000 	C:\Program Files\Java\jdk1.7.0_79\jre\bin\zip.dll
0x0000000053aa0000 - 0x0000000053aba000 	C:\Program Files\Java\jdk1.7.0_79\jre\bin\net.dll
0x00007ffa4c270000 - 0x00007ffa4c2cd000 	C:\WINDOWS\system32\mswsock.dll
0x0000000053a80000 - 0x0000000053a91000 	C:\Program Files\Java\jdk1.7.0_79\jre\bin\nio.dll

VM Arguments:
jvm_args: -Djava.awt.headless=true -Xmx1024M -Dfile.encoding=windows-1252 -Duser.country=IN -Duser.language=en -Duser.variant 
java_command: com.android.dx.command.Main --dex --force-jumbo --num-threads=4 --multi-dex --output F:\AndroidProject\OneTouch\app\build\intermediates\transforms\dex\debug\folders\1000\10\com.google.firebase-firebase-analytics-impl-9.0.2_04aa68237e0d80f3b494f19056ac74460543a657 F:\AndroidProject\OneTouch\app\build\intermediates\exploded-aar\com.google.firebase\firebase-analytics-impl\9.0.2\jars\classes.jar
Launcher Type: SUN_STANDARD

Environment Variables:
PATH=C:\oraclexe\app\oracle\product\10.2.0\server\bin;C:\ProgramData\Oracle\Java\javapath;C:\Program Files (x86)\Lenovo\FusionEngine;C:\Program Files (x86)\Intel\iCLS Client\;C:\Program Files\Intel\iCLS Client\;C:\WINDOWS\system32;C:\WINDOWS;C:\WINDOWS\System32\Wbem;C:\WINDOWS\System32\WindowsPowerShell\v1.0\;C:\Program Files\Intel\Intel(R) Management Engine Components\DAL;C:\Program Files\Intel\Intel(R) Management Engine Components\IPT;C:\Program Files (x86)\Intel\Intel(R) Management Engine Components\DAL;C:\Program Files (x86)\Intel\Intel(R) Management Engine Components\IPT;C:\Program Files (x86)\NVIDIA Corporation\PhysX\Common;C:\Program Files (x86)\Common Files\lenovo\easyplussdk\bin;C:\WINDOWS\system32;C:\WINDOWS;C:\WINDOWS\System32\Wbem;C:\WINDOWS\System32\WindowsPowerShell\v1.0\;C:\WINDOWS\system32\config\systemprofile\.dnx\bin;C:\Program Files\Microsoft DNX\Dnvm\;C:\Program Files\Calibre2\;C:\Program Files\Microsoft SQL Server\Client SDK\ODBC\110\Tools\Binn\;C:\Program Files (x86)\Microsoft SQL Server\120\Tools\Binn\ManagementStudio\;C:\Program Files (x86)\Microsoft SQL Server\120\Tools\Binn\;C:\Program Files\Microsoft SQL Server\120\Tools\Binn\;C:\Program Files (x86)\Microsoft SQL Server\120\DTS\Binn\;C:\Program Files\Microsoft SQL Server\120\DTS\Binn\;C:\Program Files (x86)\Skype\Phone\;C:\TDM-GCC-64\bin
USERNAME=Gulzar
OS=Windows_NT
PROCESSOR_IDENTIFIER=Intel64 Family 6 Model 69 Stepping 1, GenuineIntel



---------------  S Y S T E M  ---------------

OS: Windows 8.1 , 64 bit Build 9600 

CPU:total 4 (2 cores per cpu, 2 threads per core) family 6 model 69 stepping 1, cmov, cx8, fxsr, mmx, sse, sse2, sse3, ssse3, sse4.1, sse4.2, popcnt, avx, avx2, aes, erms, ht, tsc, tscinvbit

Memory: 4k page, physical 8278296k(2389568k free), swap 33444120k(6352k free)

vm_info: Java HotSpot(TM) 64-Bit Server VM (24.79-b02) for windows-amd64 JRE (1.7.0_79-b15), built on Apr 10 2015 12:36:16 by "java_re" with unknown MS VC++:1600

time: Mon Sep 05 23:42:35 2016
elapsed time: 2 seconds

