#
# There is insufficient memory for the Java Runtime Environment to continue.
# Native memory allocation (malloc) failed to allocate 522176 bytes for Chunk::new
# Possible reasons:
#   The system is out of physical RAM or swap space
#   In 32 bit mode, the process size limit was hit
# Possible solutions:
#   Reduce memory load on the system
#   Increase physical memory or swap space
#   Check if swap backing store is full
#   Use 64 bit Java on a 64 bit OS
#   Decrease Java heap size (-Xmx/-Xms)
#   Decrease number of Java threads
#   Decrease Java thread stack sizes (-Xss)
#   Set larger code cache with -XX:ReservedCodeCacheSize=
# This output file may be truncated or incomplete.
#
#  Out of Memory Error (allocation.cpp:323), pid=32948, tid=61628
#
# JRE version: Java(TM) SE Runtime Environment (7.0_79-b15) (build 1.7.0_79-b15)
# Java VM: Java HotSpot(TM) 64-Bit Server VM (24.79-b02 mixed mode windows-amd64 compressed oops)
# Failed to write core dump. Minidumps are not enabled by default on client versions of Windows
#

---------------  T H R E A D  ---------------

Current thread (0x000000000836f000):  JavaThread "C2 CompilerThread1" daemon [_thread_in_native, id=61628, stack(0x00000000099e0000,0x0000000009ae0000)]

Stack: [0x00000000099e0000,0x0000000009ae0000]
[error occurred during error reporting (printing stack bounds), id 0xc0000005]


[error occurred during error reporting (printing native stack), id 0xc0000005]


Current CompileTask:
C2:   1176  159             com.android.dx.ssa.SsaConverter::placePhiFunctions (394 bytes)


---------------  P R O C E S S  ---------------

Java Threads: ( => current thread )
  0x0000000009ef1800 JavaThread "pool-2-thread-4" [_thread_blocked, id=41852, stack(0x000000000a4e0000,0x000000000a5e0000)]
  0x0000000009eb5800 JavaThread "pool-2-thread-3" [_thread_in_Java, id=40664, stack(0x000000000a3e0000,0x000000000a4e0000)]
  0x0000000009f23800 JavaThread "pool-2-thread-2" [_thread_in_Java, id=63120, stack(0x000000000a2e0000,0x000000000a3e0000)]
  0x0000000009e9f000 JavaThread "pool-3-thread-1" [_thread_blocked, id=52384, stack(0x000000000a1e0000,0x000000000a2e0000)]
  0x0000000009eb7000 JavaThread "pool-2-thread-1" [_thread_blocked, id=63996, stack(0x000000000a0e0000,0x000000000a1e0000)]
  0x0000000008375800 JavaThread "Service Thread" daemon [_thread_blocked, id=8156, stack(0x0000000009ae0000,0x0000000009be0000)]
=>0x000000000836f000 JavaThread "C2 CompilerThread1" daemon [_thread_in_native, id=61628, stack(0x00000000099e0000,0x0000000009ae0000)]
  0x0000000008365000 JavaThread "C2 CompilerThread0" daemon [_thread_in_native, id=38316, stack(0x00000000098e0000,0x00000000099e0000)]
  0x0000000008364000 JavaThread "Attach Listener" daemon [_thread_blocked, id=53840, stack(0x00000000097e0000,0x00000000098e0000)]
  0x0000000008361000 JavaThread "Signal Dispatcher" daemon [_thread_blocked, id=53080, stack(0x00000000096e0000,0x00000000097e0000)]
  0x000000000832f000 JavaThread "Finalizer" daemon [_thread_blocked, id=57160, stack(0x00000000095e0000,0x00000000096e0000)]
  0x0000000008326000 JavaThread "Reference Handler" daemon [_thread_blocked, id=30888, stack(0x00000000094e0000,0x00000000095e0000)]
  0x000000000258d800 JavaThread "main" [_thread_blocked, id=59680, stack(0x0000000002250000,0x0000000002350000)]

Other Threads:
  0x0000000008321000 VMThread [stack: 0x00000000093e0000,0x00000000094e0000] [id=52664]
  0x0000000008380000 WatcherThread [stack: 0x0000000009be0000,0x0000000009ce0000] [id=63248]

VM state:not at safepoint (normal execution)

VM Mutex/Monitor currently owned by a thread: None

Heap
 PSYoungGen      total 38400K, used 23326K [0x00000000eaa80000, 0x00000000ed500000, 0x0000000100000000)
  eden space 33280K, 70% used [0x00000000eaa80000,0x00000000ec147aa0,0x00000000ecb00000)
  from space 5120K, 0% used [0x00000000ed000000,0x00000000ed000000,0x00000000ed500000)
  to   space 5120K, 0% used [0x00000000ecb00000,0x00000000ecb00000,0x00000000ed000000)
 ParOldGen       total 86016K, used 0K [0x00000000c0000000, 0x00000000c5400000, 0x00000000eaa80000)
  object space 86016K, 0% used [0x00000000c0000000,0x00000000c0000000,0x00000000c5400000)
 PSPermGen       total 21504K, used 5733K [0x00000000bae00000, 0x00000000bc300000, 0x00000000c0000000)
  object space 21504K, 26% used [0x00000000bae00000,0x00000000bb399780,0x00000000bc300000)

Card table byte_map: [0x0000000005590000,0x00000000057c0000] byte_map_base: 0x0000000004fb9000

Polling page: 0x0000000002350000

Code Cache  [0x0000000002590000, 0x0000000002800000, 0x0000000005590000)
 total_blobs=397 nmethods=160 adapters=189 free_code_cache=48510Kb largest_free_block=49645824

Compilation events (10 events):
Event: 0.968 Thread 0x0000000008365000 nmethod 157 0x0000000002631490 code [0x00000000026315c0, 0x0000000002631618]
Event: 0.969 Thread 0x000000000836f000 nmethod 156 0x0000000002633d50 code [0x0000000002633ea0, 0x0000000002634288]
Event: 1.148 Thread 0x0000000008365000  158             com.android.dx.util.Bits::set (19 bytes)
Event: 1.149 Thread 0x0000000008365000 nmethod 158 0x0000000002634510 code [0x0000000002634640, 0x00000000026346d8]
Event: 1.149 Thread 0x000000000836f000  159             com.android.dx.ssa.SsaConverter::placePhiFunctions (394 bytes)
Event: 1.151 Thread 0x0000000008365000  160             com.android.dx.rop.code.Insn::<init> (69 bytes)
Event: 1.152 Thread 0x0000000008365000 nmethod 160 0x0000000002631190 code [0x00000000026312c0, 0x00000000026313b8]
Event: 1.156 Thread 0x0000000008365000  161             com.android.dx.util.MutabilityControl::throwIfMutable (18 bytes)
Event: 1.156 Thread 0x0000000008365000 nmethod 161 0x0000000002630f50 code [0x0000000002631080, 0x00000000026310d8]
Event: 1.156 Thread 0x0000000008365000  162             com.android.dx.ssa.SsaMethod::mapRegisters (87 bytes)

GC Heap History (0 events):
No events

Deoptimization events (10 events):
Event: 0.648 Thread 0x0000000009eb5800 Uncommon trap: reason=null_check action=make_not_entrant pc=0x000000000260e494 method=com.android.dx.rop.code.LocalItem.equals(Ljava/lang/Object;)Z @ 1
Event: 0.657 Thread 0x000000000258d800 Uncommon trap: reason=class_check action=maybe_recompile pc=0x0000000002605f30 method=com.android.dx.ssa.NormalSsaInsn.accept(Lcom/android/dx/ssa/SsaInsn$Visitor;)V @ 9
Event: 0.660 Thread 0x0000000009eb5800 Uncommon trap: reason=class_check action=maybe_recompile pc=0x0000000002605f30 method=com.android.dx.ssa.NormalSsaInsn.accept(Lcom/android/dx/ssa/SsaInsn$Visitor;)V @ 9
Event: 0.663 Thread 0x000000000258d800 Uncommon trap: reason=class_check action=maybe_recompile pc=0x0000000002605f30 method=com.android.dx.ssa.NormalSsaInsn.accept(Lcom/android/dx/ssa/SsaInsn$Visitor;)V @ 9
Event: 0.807 Thread 0x0000000009eb5800 Uncommon trap: reason=bimorphic action=maybe_recompile pc=0x00000000026235e4 method=com.android.dx.ssa.NormalSsaInsn.accept(Lcom/android/dx/ssa/SsaInsn$Visitor;)V @ 9
Event: 0.807 Thread 0x0000000009eb5800 Uncommon trap: reason=class_check action=maybe_recompile pc=0x0000000002605f30 method=com.android.dx.ssa.NormalSsaInsn.accept(Lcom/android/dx/ssa/SsaInsn$Visitor;)V @ 9
Event: 0.807 Thread 0x0000000009eb5800 Uncommon trap: reason=bimorphic action=maybe_recompile pc=0x00000000026235e4 method=com.android.dx.ssa.NormalSsaInsn.accept(Lcom/android/dx/ssa/SsaInsn$Visitor;)V @ 9
Event: 0.811 Thread 0x0000000009eb5800 Uncommon trap: reason=bimorphic action=maybe_recompile pc=0x00000000026235e4 method=com.android.dx.ssa.NormalSsaInsn.accept(Lcom/android/dx/ssa/SsaInsn$Visitor;)V @ 9
Event: 0.812 Thread 0x0000000009eb5800 Uncommon trap: reason=bimorphic action=maybe_recompile pc=0x00000000026235e4 method=com.android.dx.ssa.NormalSsaInsn.accept(Lcom/android/dx/ssa/SsaInsn$Visitor;)V @ 9
Event: 1.157 Thread 0x0000000009f23800 Uncommon trap: reason=null_check action=make_not_entrant pc=0x000000000262b5d4 method=com.android.dx.rop.type.Type.equals(Ljava/lang/Object;)Z @ 8

Internal exceptions (10 events):
Event: 0.532 Thread 0x0000000009eb7000 Threw 0x00000000eb2daa30 at C:\re\jdk7u79\2331\hotspot\src\share\vm\prims\jvm.cpp:1304
Event: 0.535 Thread 0x0000000009eb5800 Threw 0x00000000eb4a2328 at C:\re\jdk7u79\2331\hotspot\src\share\vm\prims\jvm.cpp:1304
Event: 0.552 Thread 0x0000000009eb7000 Threw 0x00000000eb6f6960 at C:\re\jdk7u79\2331\hotspot\src\share\vm\prims\jvm.cpp:1304
Event: 0.624 Thread 0x000000000258d800 Threw 0x00000000eb61f4c8 at C:\re\jdk7u79\2331\hotspot\src\share\vm\prims\jvm.cpp:1304
Event: 0.643 Thread 0x0000000009eb7000 Threw 0x00000000eb775478 at C:\re\jdk7u79\2331\hotspot\src\share\vm\prims\jvm.cpp:1304
Event: 0.648 Thread 0x0000000009eb5800 Implicit null exception at 0x000000000260e09b to 0x000000000260e481
Event: 0.797 Thread 0x000000000258d800 Threw 0x00000000eb9688a8 at C:\re\jdk7u79\2331\hotspot\src\share\vm\prims\jvm.cpp:1304
Event: 0.897 Thread 0x000000000258d800 Threw 0x00000000ebcb73f8 at C:\re\jdk7u79\2331\hotspot\src\share\vm\prims\jvm.cpp:1304
Event: 0.898 Thread 0x000000000258d800 Threw 0x00000000ebcb9a68 at C:\re\jdk7u79\2331\hotspot\src\share\vm\prims\jvm.cpp:1304
Event: 1.157 Thread 0x0000000009f23800 Implicit null exception at 0x000000000262b4d2 to 0x000000000262b5c5

Events (10 events):
Event: 0.812 Thread 0x0000000009eb5800 Uncommon trap: trap_request=0xffffffc6 fr.pc=0x00000000026235e4
Event: 0.812 Thread 0x0000000009eb5800 DEOPT PACKING pc=0x00000000026235e4 sp=0x000000000a4debf0
Event: 0.812 Thread 0x0000000009eb5800 DEOPT UNPACKING pc=0x00000000025c75a4 sp=0x000000000a4deb10 mode 2
Event: 0.897 loading class 0x00000000083b3970
Event: 0.897 loading class 0x00000000083b3970 done
Event: 0.898 loading class 0x0000000009f7a870
Event: 0.898 loading class 0x0000000009f7a870 done
Event: 1.157 Thread 0x0000000009f23800 Uncommon trap: trap_request=0xfffffff4 fr.pc=0x000000000262b5d4
Event: 1.157 Thread 0x0000000009f23800 DEOPT PACKING pc=0x000000000262b5d4 sp=0x000000000a3de770
Event: 1.157 Thread 0x0000000009f23800 DEOPT UNPACKING pc=0x00000000025c75a4 sp=0x000000000a3de708 mode 2


Dynamic libraries:
0x00007ff62e850000 - 0x00007ff62e883000 	C:\Program Files\Java\jdk1.7.0_79\bin\java.exe
0x00007ffa50010000 - 0x00007ffa501d2000 	C:\WINDOWS\SYSTEM32\ntdll.dll
0x00007ffa4fb70000 - 0x00007ffa4fc1d000 	C:\WINDOWS\system32\KERNEL32.DLL
0x00007ffa4ccc0000 - 0x00007ffa4ce9d000 	C:\WINDOWS\system32\KERNELBASE.dll
0x00007ffa4e370000 - 0x00007ffa4e416000 	C:\WINDOWS\system32\ADVAPI32.dll
0x00007ffa4e420000 - 0x00007ffa4e4bd000 	C:\WINDOWS\system32\msvcrt.dll
0x00007ffa4d6a0000 - 0x00007ffa4d6fb000 	C:\WINDOWS\system32\sechost.dll
0x00007ffa4dfc0000 - 0x00007ffa4e0e6000 	C:\WINDOWS\system32\RPCRT4.dll
0x00007ffa4fec0000 - 0x00007ffa5000e000 	C:\WINDOWS\system32\USER32.dll
0x00007ffa4d950000 - 0x00007ffa4dad6000 	C:\WINDOWS\system32\GDI32.dll
0x00007ffa47040000 - 0x00007ffa472b4000 	C:\WINDOWS\WinSxS\amd64_microsoft.windows.common-controls_6595b64144ccf1df_6.0.10240.16384_none_f41f7b285750ef43\COMCTL32.dll
0x00007ffa4e320000 - 0x00007ffa4e356000 	C:\WINDOWS\system32\IMM32.DLL
0x00007ffa4dc90000 - 0x00007ffa4ddec000 	C:\WINDOWS\system32\MSCTF.dll
0x0000000052bc0000 - 0x0000000052c92000 	C:\Program Files\Java\jdk1.7.0_79\jre\bin\msvcr100.dll
0x0000000051d10000 - 0x00000000524e5000 	C:\Program Files\Java\jdk1.7.0_79\jre\bin\server\jvm.dll
0x00007ffa4e150000 - 0x00007ffa4e158000 	C:\WINDOWS\system32\PSAPI.DLL
0x00007ffa4a4b0000 - 0x00007ffa4a4b9000 	C:\WINDOWS\SYSTEM32\WSOCK32.dll
0x00007ffa4e2b0000 - 0x00007ffa4e319000 	C:\WINDOWS\system32\WS2_32.dll
0x00007ffa4fb00000 - 0x00007ffa4fb08000 	C:\WINDOWS\system32\NSI.dll
0x00007ffa4add0000 - 0x00007ffa4adf3000 	C:\WINDOWS\SYSTEM32\WINMM.dll
0x00007ffa4ada0000 - 0x00007ffa4adcc000 	C:\WINDOWS\SYSTEM32\WINMMBASE.dll
0x00007ffa4cc10000 - 0x00007ffa4cc54000 	C:\WINDOWS\system32\cfgmgr32.dll
0x00007ffa4b2d0000 - 0x00007ffa4b2f7000 	C:\WINDOWS\SYSTEM32\DEVOBJ.dll
0x0000000052f70000 - 0x0000000052f7f000 	C:\Program Files\Java\jdk1.7.0_79\jre\bin\verify.dll
0x0000000052f40000 - 0x0000000052f68000 	C:\Program Files\Java\jdk1.7.0_79\jre\bin\java.dll
0x0000000052e70000 - 0x0000000052e85000 	C:\Program Files\Java\jdk1.7.0_79\jre\bin\zip.dll
0x0000000052e50000 - 0x0000000052e6a000 	C:\Program Files\Java\jdk1.7.0_79\jre\bin\net.dll
0x00007ffa4c270000 - 0x00007ffa4c2cd000 	C:\WINDOWS\system32\mswsock.dll
0x0000000052ba0000 - 0x0000000052bb1000 	C:\Program Files\Java\jdk1.7.0_79\jre\bin\nio.dll

VM Arguments:
jvm_args: -Djava.awt.headless=true -Xmx1024M -Dfile.encoding=windows-1252 -Duser.country=IN -Duser.language=en -Duser.variant 
java_command: com.android.dx.command.Main --dex --force-jumbo --num-threads=4 --multi-dex --output F:\AndroidProject\OneTouch\app\build\intermediates\transforms\dex\debug\folders\1000\10\com.android.support-recyclerview-v7-23.4.0_9c6e1c5b8baeb001df86e667d4ea7000f79049f6 F:\AndroidProject\OneTouch\app\build\intermediates\exploded-aar\com.android.support\recyclerview-v7\23.4.0\jars\classes.jar
Launcher Type: SUN_STANDARD

Environment Variables:
PATH=C:\oraclexe\app\oracle\product\10.2.0\server\bin;C:\ProgramData\Oracle\Java\javapath;C:\Program Files (x86)\Lenovo\FusionEngine;C:\Program Files (x86)\Intel\iCLS Client\;C:\Program Files\Intel\iCLS Client\;C:\WINDOWS\system32;C:\WINDOWS;C:\WINDOWS\System32\Wbem;C:\WINDOWS\System32\WindowsPowerShell\v1.0\;C:\Program Files\Intel\Intel(R) Management Engine Components\DAL;C:\Program Files\Intel\Intel(R) Management Engine Components\IPT;C:\Program Files (x86)\Intel\Intel(R) Management Engine Components\DAL;C:\Program Files (x86)\Intel\Intel(R) Management Engine Components\IPT;C:\Program Files (x86)\NVIDIA Corporation\PhysX\Common;C:\Program Files (x86)\Common Files\lenovo\easyplussdk\bin;C:\WINDOWS\system32;C:\WINDOWS;C:\WINDOWS\System32\Wbem;C:\WINDOWS\System32\WindowsPowerShell\v1.0\;C:\WINDOWS\system32\config\systemprofile\.dnx\bin;C:\Program Files\Microsoft DNX\Dnvm\;C:\Program Files\Calibre2\;C:\Program Files\Microsoft SQL Server\Client SDK\ODBC\110\Tools\Binn\;C:\Program Files (x86)\Microsoft SQL Server\120\Tools\Binn\ManagementStudio\;C:\Program Files (x86)\Microsoft SQL Server\120\Tools\Binn\;C:\Program Files\Microsoft SQL Server\120\Tools\Binn\;C:\Program Files (x86)\Microsoft SQL Server\120\DTS\Binn\;C:\Program Files\Microsoft SQL Server\120\DTS\Binn\;C:\Program Files (x86)\Skype\Phone\;C:\TDM-GCC-64\bin
USERNAME=Gulzar
OS=Windows_NT
PROCESSOR_IDENTIFIER=Intel64 Family 6 Model 69 Stepping 1, GenuineIntel



---------------  S Y S T E M  ---------------

OS: Windows 8.1 , 64 bit Build 9600 

CPU:total 4 (2 cores per cpu, 2 threads per core) family 6 model 69 stepping 1, cmov, cx8, fxsr, mmx, sse, sse2, sse3, ssse3, sse4.1, sse4.2, popcnt, avx, avx2, aes, erms, ht, tsc, tscinvbit

Memory: 4k page, physical 8278296k(2785580k free), swap 33444120k(5292k free)

vm_info: Java HotSpot(TM) 64-Bit Server VM (24.79-b02) for windows-amd64 JRE (1.7.0_79-b15), built on Apr 10 2015 12:36:16 by "java_re" with unknown MS VC++:1600

time: Tue Sep 06 00:47:13 2016
elapsed time: 1 seconds

