#
# There is insufficient memory for the Java Runtime Environment to continue.
# Native memory allocation (malloc) failed to allocate 801136 bytes for Chunk::new
# Possible reasons:
#   The system is out of physical RAM or swap space
#   In 32 bit mode, the process size limit was hit
# Possible solutions:
#   Reduce memory load on the system
#   Increase physical memory or swap space
#   Check if swap backing store is full
#   Use 64 bit Java on a 64 bit OS
#   Decrease Java heap size (-Xmx/-Xms)
#   Decrease number of Java threads
#   Decrease Java thread stack sizes (-Xss)
#   Set larger code cache with -XX:ReservedCodeCacheSize=
# This output file may be truncated or incomplete.
#
#  Out of Memory Error (allocation.cpp:323), pid=54764, tid=55292
#
# JRE version: Java(TM) SE Runtime Environment (7.0_79-b15) (build 1.7.0_79-b15)
# Java VM: Java HotSpot(TM) 64-Bit Server VM (24.79-b02 mixed mode windows-amd64 compressed oops)
# Failed to write core dump. Minidumps are not enabled by default on client versions of Windows
#

---------------  T H R E A D  ---------------

Current thread (0x0000000008305000):  JavaThread "C2 CompilerThread0" daemon [_thread_in_native, id=55292, stack(0x0000000009870000,0x0000000009970000)]

Stack: [0x0000000009870000,0x0000000009970000]
[error occurred during error reporting (printing stack bounds), id 0xc0000005]


[error occurred during error reporting (printing native stack), id 0xc0000005]


Current CompileTask:
C2:   3189  221   !         com.android.dx.cf.code.Ropper::processBlock (1101 bytes)


---------------  P R O C E S S  ---------------

Java Threads: ( => current thread )
  0x0000000009dba800 JavaThread "pool-3-thread-1" [_thread_blocked, id=55588, stack(0x000000000a170000,0x000000000a270000)]
  0x0000000009db5800 JavaThread "pool-2-thread-1" [_thread_in_Java, id=55352, stack(0x000000000a070000,0x000000000a170000)]
  0x0000000008315000 JavaThread "Service Thread" daemon [_thread_blocked, id=54220, stack(0x0000000009a70000,0x0000000009b70000)]
  0x000000000830f000 JavaThread "C2 CompilerThread1" daemon [_thread_in_native, id=49624, stack(0x0000000009970000,0x0000000009a70000)]
=>0x0000000008305000 JavaThread "C2 CompilerThread0" daemon [_thread_in_native, id=55292, stack(0x0000000009870000,0x0000000009970000)]
  0x0000000008304000 JavaThread "Attach Listener" daemon [_thread_blocked, id=51468, stack(0x0000000009770000,0x0000000009870000)]
  0x0000000008301000 JavaThread "Signal Dispatcher" daemon [_thread_blocked, id=54556, stack(0x0000000009670000,0x0000000009770000)]
  0x00000000082cf800 JavaThread "Finalizer" daemon [_thread_blocked, id=54732, stack(0x0000000009570000,0x0000000009670000)]
  0x00000000082c6000 JavaThread "Reference Handler" daemon [_thread_blocked, id=53612, stack(0x0000000009470000,0x0000000009570000)]
  0x000000000213d800 JavaThread "main" [_thread_blocked, id=44996, stack(0x0000000002270000,0x0000000002370000)]

Other Threads:
  0x00000000082c1000 VMThread [stack: 0x0000000009370000,0x0000000009470000] [id=29228]
  0x0000000008323800 WatcherThread [stack: 0x0000000009b70000,0x0000000009c70000] [id=51304]

VM state:not at safepoint (normal execution)

VM Mutex/Monitor currently owned by a thread: None

Heap
 PSYoungGen      total 38400K, used 6606K [0x00000000eaa80000, 0x00000000ed500000, 0x0000000100000000)
  eden space 33280K, 4% used [0x00000000eaa80000,0x00000000eabfb980,0x00000000ecb00000)
  from space 5120K, 99% used [0x00000000ecb00000,0x00000000ecff8038,0x00000000ed000000)
  to   space 5120K, 0% used [0x00000000ed000000,0x00000000ed000000,0x00000000ed500000)
 ParOldGen       total 86016K, used 1453K [0x00000000c0000000, 0x00000000c5400000, 0x00000000eaa80000)
  object space 86016K, 1% used [0x00000000c0000000,0x00000000c016b7e8,0x00000000c5400000)
 PSPermGen       total 21504K, used 5832K [0x00000000bae00000, 0x00000000bc300000, 0x00000000c0000000)
  object space 21504K, 27% used [0x00000000bae00000,0x00000000bb3b2228,0x00000000bc300000)

Card table byte_map: [0x0000000005530000,0x0000000005760000] byte_map_base: 0x0000000004f59000

Polling page: 0x0000000000670000

Code Cache  [0x0000000002470000, 0x00000000026e0000, 0x0000000005470000)
 total_blobs=462 nmethods=226 adapters=188 free_code_cache=48292Kb largest_free_block=49426112

Compilation events (10 events):
Event: 2.889 Thread 0x0000000008305000 nmethod 220 0x0000000002537190 code [0x00000000025372e0, 0x00000000025373b8]
Event: 2.889 Thread 0x0000000008305000  221   !         com.android.dx.cf.code.Ropper::processBlock (1101 bytes)
Event: 3.169 Thread 0x000000000830f000 nmethod 218 0x000000000254a0d0 code [0x000000000254a360, 0x000000000254b8c0]
Event: 3.170 Thread 0x000000000830f000  222             com.android.dx.cf.code.Frame::getStack (5 bytes)
Event: 3.170 Thread 0x000000000830f000 nmethod 222 0x00000000025361d0 code [0x0000000002536300, 0x0000000002536358]
Event: 3.170 Thread 0x000000000830f000  223             java.util.ArrayList::ensureCapacity (28 bytes)
Event: 3.171 Thread 0x000000000830f000 nmethod 223 0x0000000002535e10 code [0x0000000002535f60, 0x0000000002536078]
Event: 3.171 Thread 0x000000000830f000  224             com.android.dx.rop.code.CstInsn::getConstant (5 bytes)
Event: 3.172 Thread 0x000000000830f000 nmethod 224 0x0000000002535c10 code [0x0000000002535d40, 0x0000000002535d98]
Event: 3.172 Thread 0x000000000830f000  225             java.util.Collections$UnmodifiableCollection$1::next (10 bytes)

GC Heap History (2 events):
Event: 2.978 GC heap before
{Heap before GC invocations=1 (full 0):
 PSYoungGen      total 38400K, used 33280K [0x00000000eaa80000, 0x00000000ed500000, 0x0000000100000000)
  eden space 33280K, 100% used [0x00000000eaa80000,0x00000000ecb00000,0x00000000ecb00000)
  from space 5120K, 0% used [0x00000000ed000000,0x00000000ed000000,0x00000000ed500000)
  to   space 5120K, 0% used [0x00000000ecb00000,0x00000000ecb00000,0x00000000ed000000)
 ParOldGen       total 86016K, used 0K [0x00000000c0000000, 0x00000000c5400000, 0x00000000eaa80000)
  object space 86016K, 0% used [0x00000000c0000000,0x00000000c0000000,0x00000000c5400000)
 PSPermGen       total 21504K, used 5829K [0x00000000bae00000, 0x00000000bc300000, 0x00000000c0000000)
  object space 21504K, 27% used [0x00000000bae00000,0x00000000bb3b1630,0x00000000bc300000)
Event: 3.167 GC heap after
Heap after GC invocations=1 (full 0):
 PSYoungGen      total 38400K, used 5088K [0x00000000eaa80000, 0x00000000ed500000, 0x0000000100000000)
  eden space 33280K, 0% used [0x00000000eaa80000,0x00000000eaa80000,0x00000000ecb00000)
  from space 5120K, 99% used [0x00000000ecb00000,0x00000000ecff8038,0x00000000ed000000)
  to   space 5120K, 0% used [0x00000000ed000000,0x00000000ed000000,0x00000000ed500000)
 ParOldGen       total 86016K, used 1453K [0x00000000c0000000, 0x00000000c5400000, 0x00000000eaa80000)
  object space 86016K, 1% used [0x00000000c0000000,0x00000000c016b7e8,0x00000000c5400000)
 PSPermGen       total 21504K, used 5829K [0x00000000bae00000, 0x00000000bc300000, 0x00000000c0000000)
  object space 21504K, 27% used [0x00000000bae00000,0x00000000bb3b1630,0x00000000bc300000)
}

Deoptimization events (7 events):
Event: 1.779 Thread 0x0000000009d57000 Uncommon trap: reason=class_check action=maybe_recompile pc=0x00000000024fb76c method=com.android.dx.ssa.NormalSsaInsn.accept(Lcom/android/dx/ssa/SsaInsn$Visitor;)V @ 9
Event: 2.297 Thread 0x0000000009d5b800 Uncommon trap: reason=class_check action=maybe_recompile pc=0x00000000024fb76c method=com.android.dx.ssa.NormalSsaInsn.accept(Lcom/android/dx/ssa/SsaInsn$Visitor;)V @ 9
Event: 2.299 Thread 0x0000000009d5b800 Uncommon trap: reason=class_check action=maybe_recompile pc=0x00000000024fb76c method=com.android.dx.ssa.NormalSsaInsn.accept(Lcom/android/dx/ssa/SsaInsn$Visitor;)V @ 9
Event: 2.299 Thread 0x0000000009d5b800 Uncommon trap: reason=class_check action=maybe_recompile pc=0x00000000024e7474 method=com.android.dx.ssa.NormalSsaInsn.accept(Lcom/android/dx/ssa/SsaInsn$Visitor;)V @ 9
Event: 2.324 Thread 0x0000000009d5b800 Uncommon trap: reason=null_check action=make_not_entrant pc=0x0000000002511a14 method=com.android.dx.rop.type.Type.equals(Ljava/lang/Object;)Z @ 8
Event: 2.327 Thread 0x0000000009d5b800 Uncommon trap: reason=unreached action=reinterpret pc=0x00000000024e5284 method=com.android.dx.rop.cst.Constant.compareTo(Lcom/android/dx/rop/cst/Constant;)I @ 12
Event: 2.896 Thread 0x0000000009db5800 Uncommon trap: reason=class_check action=maybe_recompile pc=0x00000000024fb76c method=com.android.dx.ssa.NormalSsaInsn.accept(Lcom/android/dx/ssa/SsaInsn$Visitor;)V @ 9

Internal exceptions (10 events):
Event: 0.902 Thread 0x0000000009d54000 Threw 0x00000000eb1948e8 at C:\re\jdk7u79\2331\hotspot\src\share\vm\prims\jvm.cpp:1304
Event: 0.907 Thread 0x0000000009d54000 Threw 0x00000000eb1a5b08 at C:\re\jdk7u79\2331\hotspot\src\share\vm\prims\jvm.cpp:1304
Event: 1.226 Thread 0x0000000009d57000 Threw 0x00000000eb7d7e10 at C:\re\jdk7u79\2331\hotspot\src\share\vm\prims\jvm.cpp:1304
Event: 1.483 Thread 0x000000000213d800 Threw 0x00000000eb8f5688 at C:\re\jdk7u79\2331\hotspot\src\share\vm\prims\jvm.cpp:1304
Event: 1.492 Thread 0x000000000213d800 Threw 0x00000000eb8ffd48 at C:\re\jdk7u79\2331\hotspot\src\share\vm\prims\jvm.cpp:1304
Event: 1.576 Thread 0x0000000009d5b800 Threw 0x00000000ebbdde10 at C:\re\jdk7u79\2331\hotspot\src\share\vm\prims\jvm.cpp:1304
Event: 1.588 Thread 0x0000000009d5b800 Threw 0x00000000ebc22070 at C:\re\jdk7u79\2331\hotspot\src\share\vm\prims\jvm.cpp:1304
Event: 1.591 Thread 0x0000000009d5b800 Threw 0x00000000ebc34d70 at C:\re\jdk7u79\2331\hotspot\src\share\vm\prims\jvm.cpp:1304
Event: 2.295 Thread 0x000000000213d800 Threw 0x00000000ebee3718 at C:\re\jdk7u79\2331\hotspot\src\share\vm\prims\jvm.cpp:1304
Event: 2.324 Thread 0x0000000009d5b800 Implicit null exception at 0x0000000002511912 to 0x0000000002511a05

Events (10 events):
Event: 2.393 loading class 0x00000000023e8350 done
Event: 2.393 loading class 0x00000000023e8320
Event: 2.393 loading class 0x00000000023e8320 done
Event: 2.714 Thread 0x0000000009d54000 Thread exited: 0x0000000009d54000
Event: 2.714 Thread 0x0000000009d5b800 Thread exited: 0x0000000009d5b800
Event: 2.896 Thread 0x0000000009db5800 Uncommon trap: trap_request=0xffffffde fr.pc=0x00000000024fb76c
Event: 2.896 Thread 0x0000000009db5800 DEOPT PACKING pc=0x00000000024fb76c sp=0x000000000a16ef50
Event: 2.896 Thread 0x0000000009db5800 DEOPT UNPACKING pc=0x00000000024a75a4 sp=0x000000000a16ee50 mode 2
Event: 2.921 Executing VM operation: ParallelGCFailedAllocation
Event: 3.167 Executing VM operation: ParallelGCFailedAllocation done


Dynamic libraries:
0x00007ff62e850000 - 0x00007ff62e883000 	C:\Program Files\Java\jdk1.7.0_79\bin\java.exe
0x00007ffa50010000 - 0x00007ffa501d2000 	C:\WINDOWS\SYSTEM32\ntdll.dll
0x00007ffa4fb70000 - 0x00007ffa4fc1d000 	C:\WINDOWS\system32\KERNEL32.DLL
0x00007ffa4ccc0000 - 0x00007ffa4ce9d000 	C:\WINDOWS\system32\KERNELBASE.dll
0x00007ffa4e370000 - 0x00007ffa4e416000 	C:\WINDOWS\system32\ADVAPI32.dll
0x00007ffa4e420000 - 0x00007ffa4e4bd000 	C:\WINDOWS\system32\msvcrt.dll
0x00007ffa4d6a0000 - 0x00007ffa4d6fb000 	C:\WINDOWS\system32\sechost.dll
0x00007ffa4dfc0000 - 0x00007ffa4e0e6000 	C:\WINDOWS\system32\RPCRT4.dll
0x00007ffa4fec0000 - 0x00007ffa5000e000 	C:\WINDOWS\system32\USER32.dll
0x00007ffa4d950000 - 0x00007ffa4dad6000 	C:\WINDOWS\system32\GDI32.dll
0x00007ffa47040000 - 0x00007ffa472b4000 	C:\WINDOWS\WinSxS\amd64_microsoft.windows.common-controls_6595b64144ccf1df_6.0.10240.16384_none_f41f7b285750ef43\COMCTL32.dll
0x00007ffa4e320000 - 0x00007ffa4e356000 	C:\WINDOWS\system32\IMM32.DLL
0x00007ffa4dc90000 - 0x00007ffa4ddec000 	C:\WINDOWS\system32\MSCTF.dll
0x0000000052bc0000 - 0x0000000052c92000 	C:\Program Files\Java\jdk1.7.0_79\jre\bin\msvcr100.dll
0x0000000051d10000 - 0x00000000524e5000 	C:\Program Files\Java\jdk1.7.0_79\jre\bin\server\jvm.dll
0x00007ffa4e150000 - 0x00007ffa4e158000 	C:\WINDOWS\system32\PSAPI.DLL
0x00007ffa4a4b0000 - 0x00007ffa4a4b9000 	C:\WINDOWS\SYSTEM32\WSOCK32.dll
0x00007ffa4e2b0000 - 0x00007ffa4e319000 	C:\WINDOWS\system32\WS2_32.dll
0x00007ffa4fb00000 - 0x00007ffa4fb08000 	C:\WINDOWS\system32\NSI.dll
0x00007ffa4add0000 - 0x00007ffa4adf3000 	C:\WINDOWS\SYSTEM32\WINMM.dll
0x00007ffa4ada0000 - 0x00007ffa4adcc000 	C:\WINDOWS\SYSTEM32\WINMMBASE.dll
0x00007ffa4cc10000 - 0x00007ffa4cc54000 	C:\WINDOWS\system32\cfgmgr32.dll
0x00007ffa4b2d0000 - 0x00007ffa4b2f7000 	C:\WINDOWS\SYSTEM32\DEVOBJ.dll
0x0000000052f70000 - 0x0000000052f7f000 	C:\Program Files\Java\jdk1.7.0_79\jre\bin\verify.dll
0x0000000052f40000 - 0x0000000052f68000 	C:\Program Files\Java\jdk1.7.0_79\jre\bin\java.dll
0x0000000052e70000 - 0x0000000052e85000 	C:\Program Files\Java\jdk1.7.0_79\jre\bin\zip.dll
0x0000000052e50000 - 0x0000000052e6a000 	C:\Program Files\Java\jdk1.7.0_79\jre\bin\net.dll
0x00007ffa4c270000 - 0x00007ffa4c2cd000 	C:\WINDOWS\system32\mswsock.dll
0x0000000052ba0000 - 0x0000000052bb1000 	C:\Program Files\Java\jdk1.7.0_79\jre\bin\nio.dll

VM Arguments:
jvm_args: -Djava.awt.headless=true -Xmx1024M -Dfile.encoding=windows-1252 -Duser.country=IN -Duser.language=en -Duser.variant 
java_command: com.android.dx.command.Main --dex --force-jumbo --num-threads=4 --multi-dex --output F:\AndroidProject\OneTouch\app\build\intermediates\transforms\dex\debug\folders\1000\10\com.google.firebase-firebase-auth-9.0.2_ca35f4201090f0724d4a916a1f87e619825a76dc F:\AndroidProject\OneTouch\app\build\intermediates\exploded-aar\com.google.firebase\firebase-auth\9.0.2\jars\classes.jar
Launcher Type: SUN_STANDARD

Environment Variables:
PATH=C:\oraclexe\app\oracle\product\10.2.0\server\bin;C:\ProgramData\Oracle\Java\javapath;C:\Program Files (x86)\Lenovo\FusionEngine;C:\Program Files (x86)\Intel\iCLS Client\;C:\Program Files\Intel\iCLS Client\;C:\WINDOWS\system32;C:\WINDOWS;C:\WINDOWS\System32\Wbem;C:\WINDOWS\System32\WindowsPowerShell\v1.0\;C:\Program Files\Intel\Intel(R) Management Engine Components\DAL;C:\Program Files\Intel\Intel(R) Management Engine Components\IPT;C:\Program Files (x86)\Intel\Intel(R) Management Engine Components\DAL;C:\Program Files (x86)\Intel\Intel(R) Management Engine Components\IPT;C:\Program Files (x86)\NVIDIA Corporation\PhysX\Common;C:\Program Files (x86)\Common Files\lenovo\easyplussdk\bin;C:\WINDOWS\system32;C:\WINDOWS;C:\WINDOWS\System32\Wbem;C:\WINDOWS\System32\WindowsPowerShell\v1.0\;C:\WINDOWS\system32\config\systemprofile\.dnx\bin;C:\Program Files\Microsoft DNX\Dnvm\;C:\Program Files\Calibre2\;C:\Program Files\Microsoft SQL Server\Client SDK\ODBC\110\Tools\Binn\;C:\Program Files (x86)\Microsoft SQL Server\120\Tools\Binn\ManagementStudio\;C:\Program Files (x86)\Microsoft SQL Server\120\Tools\Binn\;C:\Program Files\Microsoft SQL Server\120\Tools\Binn\;C:\Program Files (x86)\Microsoft SQL Server\120\DTS\Binn\;C:\Program Files\Microsoft SQL Server\120\DTS\Binn\;C:\Program Files (x86)\Skype\Phone\;C:\TDM-GCC-64\bin
USERNAME=Gulzar
OS=Windows_NT
PROCESSOR_IDENTIFIER=Intel64 Family 6 Model 69 Stepping 1, GenuineIntel



---------------  S Y S T E M  ---------------

OS: Windows 8.1 , 64 bit Build 9600 

CPU:total 4 (2 cores per cpu, 2 threads per core) family 6 model 69 stepping 1, cmov, cx8, fxsr, mmx, sse, sse2, sse3, ssse3, sse4.1, sse4.2, popcnt, avx, avx2, aes, erms, ht, tsc, tscinvbit

Memory: 4k page, physical 8278296k(2238940k free), swap 33444120k(4916k free)

vm_info: Java HotSpot(TM) 64-Bit Server VM (24.79-b02) for windows-amd64 JRE (1.7.0_79-b15), built on Apr 10 2015 12:36:16 by "java_re" with unknown MS VC++:1600

time: Tue Sep 06 00:43:10 2016
elapsed time: 3 seconds

